2024-03-24 14:37:59,057 [1] INFO  MPP_CSharp.Program - Testing...
2024-03-24 14:37:59,064 [1] INFO  MPP_CSharp.Repository.UserRepo - Initializing new UserRepo...
2024-03-24 14:37:59,076 [1] INFO  MPP_CSharp.Repository.UserRepo - Fetching all Users from DB
2024-03-24 14:37:59,077 [1] INFO  MPP_CSharp.Repository.BdRepo - Trying to open Connection to server: Data Source=C:\Users\claud\RiderProjects\mpp-proiect-csharp-clau100\MPP_CSharp\Testing.sqlite;
2024-03-24 14:37:59,138 [1] INFO  MPP_CSharp.Repository.UserRepo - Found user with id=1
2024-03-24 14:37:59,139 [1] INFO  MPP_CSharp.Repository.UserRepo - Found user with id=2
2024-03-24 14:37:59,141 [1] INFO  MPP_CSharp.Repository.UserRepo - Trying to find User with id=1
2024-03-24 14:37:59,145 [1] INFO  MPP_CSharp.Repository.UserRepo - Found user with id=1
2024-03-24 14:37:59,145 [1] INFO  MPP_CSharp.Repository.UserRepo - Trying to login User: claudiu
2024-03-24 14:37:59,184 [1] INFO  MPP_CSharp.Repository.UserRepo - Logged in!
2024-03-24 14:37:59,185 [1] INFO  MPP_CSharp.Repository.ParticipantRepo - Inizializing new ParticipantRepo...
2024-03-24 14:37:59,186 [1] INFO  MPP_CSharp.Repository.ParticipantRepo - Fetching all Participanti from DB
2024-03-24 14:37:59,187 [1] INFO  MPP_CSharp.Repository.ParticipantRepo - Found participant with id=1 and concurs with id=1
2024-03-24 14:37:59,187 [1] INFO  MPP_CSharp.Repository.ParticipantRepo - Found participant with id=2 and concurs with id=2
2024-03-24 14:37:59,188 [1] INFO  MPP_CSharp.Repository.ParticipantRepo - Trying to find Participant with id=1
2024-03-24 14:37:59,188 [1] INFO  MPP_CSharp.Repository.ParticipantRepo - Found participant with id=1
2024-03-24 14:37:59,189 [1] INFO  MPP_CSharp.Repository.ParticipantRepo - Trying to find all Participant from list
2024-03-24 14:37:59,189 [1] INFO  MPP_CSharp.Repository.ParticipantRepo - Trying to find Participant with id=1
2024-03-24 14:37:59,189 [1] INFO  MPP_CSharp.Repository.ParticipantRepo - Trying to find Participant with id=1
2024-03-24 14:37:59,189 [1] INFO  MPP_CSharp.Repository.ParticipantRepo - Found participant with id=1
2024-03-24 14:37:59,190 [1] INFO  MPP_CSharp.Repository.ParticipantRepo - Trying to find Participant with id=2
2024-03-24 14:37:59,190 [1] INFO  MPP_CSharp.Repository.ParticipantRepo - Trying to find Participant with id=2
2024-03-24 14:37:59,190 [1] INFO  MPP_CSharp.Repository.ParticipantRepo - Found participant with id=2
2024-03-24 14:37:59,191 [1] INFO  MPP_CSharp.Repository.ConcursRepo - Initializing ConcursRepo...
2024-03-24 14:37:59,192 [1] INFO  MPP_CSharp.Repository.ConcursRepo - Fetching all Concurs from DB
2024-03-24 14:37:59,192 [1] INFO  MPP_CSharp.Repository.ConcursRepo - Found Concurs with id=1
2024-03-24 14:37:59,193 [1] INFO  MPP_CSharp.Repository.ConcursRepo - Found Concurs with id=2
2024-03-24 14:37:59,193 [1] INFO  MPP_CSharp.Repository.ConcursRepo - Trying to find Concurs with id=2
2024-03-24 14:37:59,194 [1] INFO  MPP_CSharp.Repository.ConcursRepo - Found Concurs with id=2 and with participant=2
2024-03-24 14:37:59,195 [1] INFO  MPP_CSharp.Repository.ConcursRepo - Trying to find all Concurs for age: 12
2024-03-24 14:37:59,196 [1] INFO  MPP_CSharp.Repository.ConcursRepo - Found Concurs with id=1
2024-03-24 14:37:59,196 [1] INFO  MPP_CSharp.Repository.ConcursRepo - Found Concurs with id=2
2024-03-24 14:37:59,196 [1] INFO  MPP_CSharp.Program - Application started
2024-03-24 14:37:59,196 [1] INFO  MPP_CSharp.Repository.UserRepo - Fetching all Users from DB
2024-03-24 14:37:59,197 [1] INFO  MPP_CSharp.Repository.UserRepo - Found user with id=1
2024-03-24 14:37:59,197 [1] INFO  MPP_CSharp.Repository.UserRepo - Found user with id=2
2024-03-24 14:37:59,197 [1] INFO  MPP_CSharp.Program - claudiu
2024-03-24 14:37:59,197 [1] INFO  MPP_CSharp.Program - george
2024-03-24 14:37:59,202 [1] INFO  MPP_CSharp.Repository.UserRepo - Initializing new UserRepo...
2024-03-24 14:37:59,202 [1] INFO  MPP_CSharp.Repository.ConcursRepo - Initializing ConcursRepo...
2024-03-24 14:37:59,238 [1] INFO  MPP_CSharp.Form1 - Starting Form1
2024-03-24 14:37:59,238 [1] INFO  MPP_CSharp.Repository.ConcursRepo - Fetching all Concurs from DB
2024-03-24 14:37:59,238 [1] INFO  MPP_CSharp.Repository.ConcursRepo - Found Concurs with id=1
2024-03-24 14:37:59,239 [1] INFO  MPP_CSharp.Repository.ConcursRepo - Found Concurs with id=2
2024-03-24 14:37:59,239 [1] INFO  MPP_CSharp.Form1 - Concurs cu id=1 cu participanti:
2024-03-24 14:37:59,239 [1] INFO  MPP_CSharp.Form1 - Participant cu id=1
2024-03-24 14:37:59,239 [1] INFO  MPP_CSharp.Form1 - Concurs cu id=2 cu participanti:
2024-03-24 14:37:59,239 [1] INFO  MPP_CSharp.Form1 - Participant cu id=2
2024-03-24 14:37:59,273 [1] INFO  MPP_CSharp.Form1 - Finished Form1
2024-03-24 14:38:00,563 [1] INFO  MPP_CSharp.Program - Application closed
2024-03-24 14:39:38,496 [1] INFO  MPP_CSharp.Program - Testing...
2024-03-24 14:39:38,503 [1] INFO  MPP_CSharp.Repository.UserRepo - Initializing new UserRepo...
2024-03-24 14:39:38,515 [1] INFO  MPP_CSharp.Repository.UserRepo - Fetching all Users from DB
2024-03-24 14:39:38,515 [1] INFO  MPP_CSharp.Repository.BdRepo - Trying to open Connection to server: Data Source=C:\Users\claud\RiderProjects\mpp-proiect-csharp-clau100\MPP_CSharp\Testing.sqlite;
2024-03-24 14:39:38,580 [1] INFO  MPP_CSharp.Repository.UserRepo - Found user with id=1
2024-03-24 14:39:38,581 [1] INFO  MPP_CSharp.Repository.UserRepo - Found user with id=2
2024-03-24 14:39:38,583 [1] INFO  MPP_CSharp.Repository.UserRepo - Trying to find User with id=1
2024-03-24 14:39:38,587 [1] INFO  MPP_CSharp.Repository.UserRepo - Found user with id=1
2024-03-24 14:39:38,588 [1] INFO  MPP_CSharp.Repository.UserRepo - Trying to login User: claudiu
2024-03-24 14:39:38,626 [1] INFO  MPP_CSharp.Repository.UserRepo - Logged in!
2024-03-24 14:39:38,626 [1] INFO  MPP_CSharp.Repository.ParticipantRepo - Inizializing new ParticipantRepo...
2024-03-24 14:39:38,627 [1] INFO  MPP_CSharp.Repository.ParticipantRepo - Fetching all Participanti from DB
2024-03-24 14:39:38,628 [1] INFO  MPP_CSharp.Repository.ParticipantRepo - Found participant with id=1 and concurs with id=1
2024-03-24 14:39:38,629 [1] INFO  MPP_CSharp.Repository.ParticipantRepo - Found participant with id=2 and concurs with id=2
2024-03-24 14:39:38,629 [1] INFO  MPP_CSharp.Repository.ParticipantRepo - Trying to find Participant with id=1
2024-03-24 14:39:38,630 [1] INFO  MPP_CSharp.Repository.ParticipantRepo - Found participant with id=1
2024-03-24 14:39:38,630 [1] INFO  MPP_CSharp.Repository.ParticipantRepo - Trying to find all Participant from list
2024-03-24 14:39:38,631 [1] INFO  MPP_CSharp.Repository.ParticipantRepo - Trying to find Participant with id=1
2024-03-24 14:39:38,631 [1] INFO  MPP_CSharp.Repository.ParticipantRepo - Trying to find Participant with id=1
2024-03-24 14:39:38,631 [1] INFO  MPP_CSharp.Repository.ParticipantRepo - Found participant with id=1
2024-03-24 14:39:38,631 [1] INFO  MPP_CSharp.Repository.ParticipantRepo - Trying to find Participant with id=2
2024-03-24 14:39:38,632 [1] INFO  MPP_CSharp.Repository.ParticipantRepo - Trying to find Participant with id=2
2024-03-24 14:39:38,632 [1] INFO  MPP_CSharp.Repository.ParticipantRepo - Found participant with id=2
2024-03-24 14:39:38,632 [1] INFO  MPP_CSharp.Repository.ConcursRepo - Initializing ConcursRepo...
2024-03-24 14:39:38,634 [1] INFO  MPP_CSharp.Repository.ConcursRepo - Fetching all Concurs from DB
2024-03-24 14:39:38,634 [1] INFO  MPP_CSharp.Repository.ConcursRepo - Found Concurs with id=1
2024-03-24 14:39:38,635 [1] INFO  MPP_CSharp.Repository.ConcursRepo - Found Concurs with id=2
2024-03-24 14:39:38,635 [1] INFO  MPP_CSharp.Repository.ConcursRepo - Trying to find Concurs with id=2
2024-03-24 14:39:38,636 [1] INFO  MPP_CSharp.Repository.ConcursRepo - Found Concurs with id=2 and with participant=2
2024-03-24 14:39:38,637 [1] INFO  MPP_CSharp.Repository.ConcursRepo - Trying to find all Concurs for age: 12
2024-03-24 14:39:38,637 [1] INFO  MPP_CSharp.Repository.ConcursRepo - Found Concurs with id=1
2024-03-24 14:39:38,637 [1] INFO  MPP_CSharp.Repository.ConcursRepo - Found Concurs with id=2
2024-03-24 14:39:38,638 [1] INFO  MPP_CSharp.Program - Application started
2024-03-24 14:39:38,638 [1] INFO  MPP_CSharp.Repository.UserRepo - Fetching all Users from DB
2024-03-24 14:39:38,639 [1] INFO  MPP_CSharp.Repository.UserRepo - Found user with id=1
2024-03-24 14:39:38,639 [1] INFO  MPP_CSharp.Repository.UserRepo - Found user with id=2
2024-03-24 14:39:38,639 [1] INFO  MPP_CSharp.Program - claudiu
2024-03-24 14:39:38,639 [1] INFO  MPP_CSharp.Program - george
2024-03-24 14:39:38,643 [1] INFO  MPP_CSharp.Repository.UserRepo - Initializing new UserRepo...
2024-03-24 14:39:38,644 [1] INFO  MPP_CSharp.Repository.ConcursRepo - Initializing ConcursRepo...
2024-03-24 14:39:38,680 [1] INFO  MPP_CSharp.Form1 - Starting Form1
2024-03-24 14:39:38,680 [1] INFO  MPP_CSharp.Repository.ConcursRepo - Fetching all Concurs from DB
2024-03-24 14:39:38,681 [1] INFO  MPP_CSharp.Repository.ConcursRepo - Found Concurs with id=1
2024-03-24 14:39:38,681 [1] INFO  MPP_CSharp.Repository.ConcursRepo - Found Concurs with id=2
2024-03-24 14:39:38,681 [1] INFO  MPP_CSharp.Form1 - Concurs cu id=1 cu participanti:
2024-03-24 14:39:38,681 [1] INFO  MPP_CSharp.Form1 - Participant cu id=1
2024-03-24 14:39:38,682 [1] INFO  MPP_CSharp.Form1 - Concurs cu id=2 cu participanti:
2024-03-24 14:39:38,682 [1] INFO  MPP_CSharp.Form1 - Participant cu id=2
2024-03-24 14:39:38,715 [1] INFO  MPP_CSharp.Form1 - Finished Form1
2024-03-24 14:39:48,642 [1] INFO  MPP_CSharp.Program - Application closed
2024-03-24 14:41:01,480 [1] INFO  MPP_CSharp.Program - Testing...
2024-03-24 14:41:01,488 [1] INFO  MPP_CSharp.Repository.UserRepo - Initializing new UserRepo...
2024-03-24 14:41:01,500 [1] INFO  MPP_CSharp.Repository.UserRepo - Fetching all Users from DB
2024-03-24 14:41:01,501 [1] INFO  MPP_CSharp.Repository.BdRepo - Trying to open Connection to server: Data Source=C:\Users\claud\RiderProjects\mpp-proiect-csharp-clau100\MPP_CSharp\Testing.sqlite;
2024-03-24 14:41:01,563 [1] INFO  MPP_CSharp.Repository.UserRepo - Found user with id=1
2024-03-24 14:41:01,563 [1] INFO  MPP_CSharp.Repository.UserRepo - Found user with id=2
2024-03-24 14:41:01,566 [1] INFO  MPP_CSharp.Repository.UserRepo - Trying to find User with id=1
2024-03-24 14:41:01,569 [1] INFO  MPP_CSharp.Repository.UserRepo - Found user with id=1
2024-03-24 14:41:01,570 [1] INFO  MPP_CSharp.Repository.UserRepo - Trying to login User: claudiu
2024-03-24 14:41:01,608 [1] INFO  MPP_CSharp.Repository.UserRepo - Logged in!
2024-03-24 14:41:01,608 [1] INFO  MPP_CSharp.Repository.ParticipantRepo - Inizializing new ParticipantRepo...
2024-03-24 14:41:01,609 [1] INFO  MPP_CSharp.Repository.ParticipantRepo - Fetching all Participanti from DB
2024-03-24 14:41:01,610 [1] INFO  MPP_CSharp.Repository.ParticipantRepo - Found participant with id=1 and concurs with id=1
2024-03-24 14:41:01,611 [1] INFO  MPP_CSharp.Repository.ParticipantRepo - Found participant with id=2 and concurs with id=2
2024-03-24 14:41:01,611 [1] INFO  MPP_CSharp.Repository.ParticipantRepo - Trying to find Participant with id=1
2024-03-24 14:41:01,612 [1] INFO  MPP_CSharp.Repository.ParticipantRepo - Found participant with id=1
2024-03-24 14:41:01,612 [1] INFO  MPP_CSharp.Repository.ParticipantRepo - Trying to find all Participant from list
2024-03-24 14:41:01,613 [1] INFO  MPP_CSharp.Repository.ParticipantRepo - Trying to find Participant with id=1
2024-03-24 14:41:01,613 [1] INFO  MPP_CSharp.Repository.ParticipantRepo - Trying to find Participant with id=1
2024-03-24 14:41:01,613 [1] INFO  MPP_CSharp.Repository.ParticipantRepo - Found participant with id=1
2024-03-24 14:41:01,613 [1] INFO  MPP_CSharp.Repository.ParticipantRepo - Trying to find Participant with id=2
2024-03-24 14:41:01,614 [1] INFO  MPP_CSharp.Repository.ParticipantRepo - Trying to find Participant with id=2
2024-03-24 14:41:01,614 [1] INFO  MPP_CSharp.Repository.ParticipantRepo - Found participant with id=2
2024-03-24 14:41:01,614 [1] INFO  MPP_CSharp.Repository.ConcursRepo - Initializing ConcursRepo...
2024-03-24 14:41:01,615 [1] INFO  MPP_CSharp.Repository.ConcursRepo - Fetching all Concurs from DB
2024-03-24 14:41:01,616 [1] INFO  MPP_CSharp.Repository.ConcursRepo - Found Concurs with id=1
2024-03-24 14:41:01,616 [1] INFO  MPP_CSharp.Repository.ConcursRepo - Found Concurs with id=2
2024-03-24 14:41:01,617 [1] INFO  MPP_CSharp.Repository.ConcursRepo - Trying to find Concurs with id=2
2024-03-24 14:41:01,618 [1] INFO  MPP_CSharp.Repository.ConcursRepo - Found Concurs with id=2 and with participant=2
2024-03-24 14:41:01,619 [1] INFO  MPP_CSharp.Repository.ConcursRepo - Trying to find all Concurs for age: 12
2024-03-24 14:41:01,620 [1] INFO  MPP_CSharp.Repository.ConcursRepo - Found Concurs with id=1
2024-03-24 14:41:01,620 [1] INFO  MPP_CSharp.Repository.ConcursRepo - Found Concurs with id=2
2024-03-24 14:41:01,620 [1] INFO  MPP_CSharp.Program - Application started
2024-03-24 14:41:01,621 [1] INFO  MPP_CSharp.Repository.UserRepo - Fetching all Users from DB
2024-03-24 14:41:01,621 [1] INFO  MPP_CSharp.Repository.UserRepo - Found user with id=1
2024-03-24 14:41:01,621 [1] INFO  MPP_CSharp.Repository.UserRepo - Found user with id=2
2024-03-24 14:41:01,622 [1] INFO  MPP_CSharp.Program - claudiu
2024-03-24 14:41:01,622 [1] INFO  MPP_CSharp.Program - george
2024-03-24 14:41:01,626 [1] INFO  MPP_CSharp.Repository.UserRepo - Initializing new UserRepo...
2024-03-24 14:41:01,626 [1] INFO  MPP_CSharp.Repository.ConcursRepo - Initializing ConcursRepo...
2024-03-24 14:41:01,662 [1] INFO  MPP_CSharp.Form1 - Starting Form1
2024-03-24 14:41:01,663 [1] INFO  MPP_CSharp.Repository.ConcursRepo - Fetching all Concurs from DB
2024-03-24 14:41:01,663 [1] INFO  MPP_CSharp.Repository.ConcursRepo - Found Concurs with id=1
2024-03-24 14:41:01,663 [1] INFO  MPP_CSharp.Repository.ConcursRepo - Found Concurs with id=2
2024-03-24 14:41:01,664 [1] INFO  MPP_CSharp.Form1 - Concurs cu id=1 cu participanti:
2024-03-24 14:41:01,664 [1] INFO  MPP_CSharp.Form1 - Participant cu id=1
2024-03-24 14:41:01,664 [1] INFO  MPP_CSharp.Form1 - Concurs cu id=2 cu participanti:
2024-03-24 14:41:01,664 [1] INFO  MPP_CSharp.Form1 - Participant cu id=2
2024-03-24 14:41:01,699 [1] INFO  MPP_CSharp.Form1 - Finished Form1
2024-03-24 14:41:08,412 [1] INFO  MPP_CSharp.Program - Application closed
2024-03-24 14:41:24,275 [1] INFO  MPP_CSharp.Program - Testing...
2024-03-24 14:41:24,282 [1] INFO  MPP_CSharp.Repository.UserRepo - Initializing new UserRepo...
2024-03-24 14:41:24,294 [1] INFO  MPP_CSharp.Repository.UserRepo - Fetching all Users from DB
2024-03-24 14:41:24,295 [1] INFO  MPP_CSharp.Repository.BdRepo - Trying to open Connection to server: Data Source=C:\Users\claud\RiderProjects\mpp-proiect-csharp-clau100\MPP_CSharp\Testing.sqlite;
2024-03-24 14:41:24,360 [1] INFO  MPP_CSharp.Repository.UserRepo - Found user with id=1
2024-03-24 14:41:24,361 [1] INFO  MPP_CSharp.Repository.UserRepo - Found user with id=2
2024-03-24 14:41:24,363 [1] INFO  MPP_CSharp.Repository.UserRepo - Trying to find User with id=1
2024-03-24 14:41:24,366 [1] INFO  MPP_CSharp.Repository.UserRepo - Found user with id=1
2024-03-24 14:41:24,367 [1] INFO  MPP_CSharp.Repository.UserRepo - Trying to login User: claudiu
2024-03-24 14:41:24,405 [1] INFO  MPP_CSharp.Repository.UserRepo - Logged in!
2024-03-24 14:41:24,406 [1] INFO  MPP_CSharp.Repository.ParticipantRepo - Inizializing new ParticipantRepo...
2024-03-24 14:41:24,407 [1] INFO  MPP_CSharp.Repository.ParticipantRepo - Fetching all Participanti from DB
2024-03-24 14:41:24,408 [1] INFO  MPP_CSharp.Repository.ParticipantRepo - Found participant with id=1 and concurs with id=1
2024-03-24 14:41:24,408 [1] INFO  MPP_CSharp.Repository.ParticipantRepo - Found participant with id=2 and concurs with id=2
2024-03-24 14:41:24,409 [1] INFO  MPP_CSharp.Repository.ParticipantRepo - Trying to find Participant with id=1
2024-03-24 14:41:24,409 [1] INFO  MPP_CSharp.Repository.ParticipantRepo - Found participant with id=1
2024-03-24 14:41:24,410 [1] INFO  MPP_CSharp.Repository.ParticipantRepo - Trying to find all Participant from list
2024-03-24 14:41:24,410 [1] INFO  MPP_CSharp.Repository.ParticipantRepo - Trying to find Participant with id=1
2024-03-24 14:41:24,411 [1] INFO  MPP_CSharp.Repository.ParticipantRepo - Trying to find Participant with id=1
2024-03-24 14:41:24,411 [1] INFO  MPP_CSharp.Repository.ParticipantRepo - Found participant with id=1
2024-03-24 14:41:24,411 [1] INFO  MPP_CSharp.Repository.ParticipantRepo - Trying to find Participant with id=2
2024-03-24 14:41:24,411 [1] INFO  MPP_CSharp.Repository.ParticipantRepo - Trying to find Participant with id=2
2024-03-24 14:41:24,412 [1] INFO  MPP_CSharp.Repository.ParticipantRepo - Found participant with id=2
2024-03-24 14:41:24,412 [1] INFO  MPP_CSharp.Repository.ConcursRepo - Initializing ConcursRepo...
2024-03-24 14:41:24,413 [1] INFO  MPP_CSharp.Repository.ConcursRepo - Fetching all Concurs from DB
2024-03-24 14:41:24,414 [1] INFO  MPP_CSharp.Repository.ConcursRepo - Found Concurs with id=1
2024-03-24 14:41:24,414 [1] INFO  MPP_CSharp.Repository.ConcursRepo - Found Concurs with id=2
2024-03-24 14:41:24,415 [1] INFO  MPP_CSharp.Repository.ConcursRepo - Trying to find Concurs with id=2
2024-03-24 14:41:24,416 [1] INFO  MPP_CSharp.Repository.ConcursRepo - Found Concurs with id=2 and with participant=2
2024-03-24 14:41:24,417 [1] INFO  MPP_CSharp.Repository.ConcursRepo - Trying to find all Concurs for age: 12
2024-03-24 14:41:24,417 [1] INFO  MPP_CSharp.Repository.ConcursRepo - Found Concurs with id=1
2024-03-24 14:41:24,417 [1] INFO  MPP_CSharp.Repository.ConcursRepo - Found Concurs with id=2
2024-03-24 14:41:24,418 [1] INFO  MPP_CSharp.Program - Application started
2024-03-24 14:41:24,418 [1] INFO  MPP_CSharp.Repository.UserRepo - Fetching all Users from DB
2024-03-24 14:41:24,419 [1] INFO  MPP_CSharp.Repository.UserRepo - Found user with id=1
2024-03-24 14:41:24,419 [1] INFO  MPP_CSharp.Repository.UserRepo - Found user with id=2
2024-03-24 14:41:24,419 [1] INFO  MPP_CSharp.Program - claudiu
2024-03-24 14:41:24,419 [1] INFO  MPP_CSharp.Program - george
2024-03-24 14:41:24,423 [1] INFO  MPP_CSharp.Repository.UserRepo - Initializing new UserRepo...
2024-03-24 14:41:24,424 [1] INFO  MPP_CSharp.Repository.ConcursRepo - Initializing ConcursRepo...
2024-03-24 14:41:24,461 [1] INFO  MPP_CSharp.Form1 - Starting Form1
2024-03-24 14:41:24,461 [1] INFO  MPP_CSharp.Repository.ConcursRepo - Fetching all Concurs from DB
2024-03-24 14:41:24,462 [1] INFO  MPP_CSharp.Repository.ConcursRepo - Found Concurs with id=1
2024-03-24 14:41:24,462 [1] INFO  MPP_CSharp.Repository.ConcursRepo - Found Concurs with id=2
2024-03-24 14:41:24,462 [1] INFO  MPP_CSharp.Form1 - Concurs cu id=1 cu participanti:
2024-03-24 14:41:24,463 [1] INFO  MPP_CSharp.Form1 - Participant cu id=1
2024-03-24 14:41:24,463 [1] INFO  MPP_CSharp.Form1 - Concurs cu id=2 cu participanti:
2024-03-24 14:41:24,463 [1] INFO  MPP_CSharp.Form1 - Participant cu id=2
2024-03-24 14:41:24,497 [1] INFO  MPP_CSharp.Form1 - Finished Form1
2024-03-24 14:46:02,669 [1] INFO  MPP_CSharp.Program - Testing...
2024-03-24 14:46:02,675 [1] INFO  MPP_CSharp.Repository.UserRepo - Initializing new UserRepo...
2024-03-24 14:46:02,687 [1] INFO  MPP_CSharp.Repository.UserRepo - Fetching all Users from DB
2024-03-24 14:46:02,688 [1] INFO  MPP_CSharp.Repository.BdRepo - Trying to open Connection to server: Data Source=C:\Users\claud\RiderProjects\mpp-proiect-csharp-clau100\MPP_CSharp\Testing.sqlite;
2024-03-24 14:46:02,751 [1] INFO  MPP_CSharp.Repository.UserRepo - Found user with id=1
2024-03-24 14:46:02,752 [1] INFO  MPP_CSharp.Repository.UserRepo - Found user with id=2
2024-03-24 14:46:02,754 [1] INFO  MPP_CSharp.Repository.UserRepo - Trying to find User with id=1
2024-03-24 14:46:02,758 [1] INFO  MPP_CSharp.Repository.UserRepo - Found user with id=1
2024-03-24 14:46:02,758 [1] INFO  MPP_CSharp.Repository.UserRepo - Trying to login User: claudiu
2024-03-24 14:46:02,797 [1] INFO  MPP_CSharp.Repository.UserRepo - Logged in!
2024-03-24 14:46:02,798 [1] INFO  MPP_CSharp.Repository.ParticipantRepo - Inizializing new ParticipantRepo...
2024-03-24 14:46:02,798 [1] INFO  MPP_CSharp.Repository.ParticipantRepo - Fetching all Participanti from DB
2024-03-24 14:46:02,799 [1] INFO  MPP_CSharp.Repository.ParticipantRepo - Found participant with id=1 and concurs with id=1
2024-03-24 14:46:02,800 [1] INFO  MPP_CSharp.Repository.ParticipantRepo - Found participant with id=2 and concurs with id=2
2024-03-24 14:46:02,801 [1] INFO  MPP_CSharp.Repository.ParticipantRepo - Trying to find Participant with id=1
2024-03-24 14:46:02,801 [1] INFO  MPP_CSharp.Repository.ParticipantRepo - Found participant with id=1
2024-03-24 14:46:02,802 [1] INFO  MPP_CSharp.Repository.ParticipantRepo - Trying to find all Participant from list
2024-03-24 14:46:02,802 [1] INFO  MPP_CSharp.Repository.ParticipantRepo - Trying to find Participant with id=1
2024-03-24 14:46:02,802 [1] INFO  MPP_CSharp.Repository.ParticipantRepo - Trying to find Participant with id=1
2024-03-24 14:46:02,803 [1] INFO  MPP_CSharp.Repository.ParticipantRepo - Found participant with id=1
2024-03-24 14:46:02,803 [1] INFO  MPP_CSharp.Repository.ParticipantRepo - Trying to find Participant with id=2
2024-03-24 14:46:02,803 [1] INFO  MPP_CSharp.Repository.ParticipantRepo - Trying to find Participant with id=2
2024-03-24 14:46:02,804 [1] INFO  MPP_CSharp.Repository.ParticipantRepo - Found participant with id=2
2024-03-24 14:46:02,804 [1] INFO  MPP_CSharp.Repository.ConcursRepo - Initializing ConcursRepo...
2024-03-24 14:46:02,805 [1] INFO  MPP_CSharp.Repository.ConcursRepo - Fetching all Concurs from DB
2024-03-24 14:46:02,806 [1] INFO  MPP_CSharp.Repository.ConcursRepo - Found Concurs with id=1
2024-03-24 14:46:02,806 [1] INFO  MPP_CSharp.Repository.ConcursRepo - Found Concurs with id=2
2024-03-24 14:46:02,807 [1] INFO  MPP_CSharp.Repository.ConcursRepo - Trying to find Concurs with id=2
2024-03-24 14:46:02,807 [1] INFO  MPP_CSharp.Repository.ConcursRepo - Found Concurs with id=2 and with participant=2
2024-03-24 14:46:02,808 [1] INFO  MPP_CSharp.Repository.ConcursRepo - Trying to find all Concurs for age: 12
2024-03-24 14:46:02,809 [1] INFO  MPP_CSharp.Repository.ConcursRepo - Found Concurs with id=1
2024-03-24 14:46:02,809 [1] INFO  MPP_CSharp.Repository.ConcursRepo - Found Concurs with id=2
2024-03-24 14:46:02,809 [1] INFO  MPP_CSharp.Program - Application started
2024-03-24 14:46:02,810 [1] INFO  MPP_CSharp.Repository.UserRepo - Fetching all Users from DB
2024-03-24 14:46:02,810 [1] INFO  MPP_CSharp.Repository.UserRepo - Found user with id=1
2024-03-24 14:46:02,810 [1] INFO  MPP_CSharp.Repository.UserRepo - Found user with id=2
2024-03-24 14:46:02,811 [1] INFO  MPP_CSharp.Program - claudiu
2024-03-24 14:46:02,811 [1] INFO  MPP_CSharp.Program - george
2024-03-24 14:46:02,815 [1] INFO  MPP_CSharp.Repository.UserRepo - Initializing new UserRepo...
2024-03-24 14:46:02,815 [1] INFO  MPP_CSharp.Repository.ConcursRepo - Initializing ConcursRepo...
2024-03-24 14:46:02,851 [1] INFO  MPP_CSharp.Form1 - Starting Form1
2024-03-24 14:46:02,852 [1] INFO  MPP_CSharp.Repository.ConcursRepo - Fetching all Concurs from DB
2024-03-24 14:46:02,852 [1] INFO  MPP_CSharp.Repository.ConcursRepo - Found Concurs with id=1
2024-03-24 14:46:02,852 [1] INFO  MPP_CSharp.Repository.ConcursRepo - Found Concurs with id=2
2024-03-24 14:46:02,852 [1] INFO  MPP_CSharp.Form1 - Concurs cu id=1 cu participanti:
2024-03-24 14:46:02,853 [1] INFO  MPP_CSharp.Form1 - Participant cu id=1
2024-03-24 14:46:02,853 [1] INFO  MPP_CSharp.Form1 - Concurs cu id=2 cu participanti:
2024-03-24 14:46:02,853 [1] INFO  MPP_CSharp.Form1 - Participant cu id=2
2024-03-24 14:46:02,886 [1] INFO  MPP_CSharp.Form1 - Finished Form1
2024-03-24 14:49:42,217 [1] INFO  MPP_CSharp.Service.UserService - Initializing new UserService...
2024-03-24 14:49:42,224 [1] INFO  MPP_CSharp.Repository.UserRepo - Initializing new UserRepo...
2024-03-24 14:49:42,233 [1] INFO  MPP_CSharp.Program - Testing...
2024-03-24 14:49:42,233 [1] INFO  MPP_CSharp.Repository.UserRepo - Initializing new UserRepo...
2024-03-24 14:49:42,246 [1] INFO  MPP_CSharp.Repository.UserRepo - Fetching all Users from DB
2024-03-24 14:49:42,246 [1] INFO  MPP_CSharp.Repository.BdRepo - Trying to open Connection to server: Data Source=C:\Users\claud\RiderProjects\mpp-proiect-csharp-clau100\MPP_CSharp\Testing.sqlite;
2024-03-24 14:49:42,313 [1] INFO  MPP_CSharp.Repository.UserRepo - Found user with id=1
2024-03-24 14:49:42,314 [1] INFO  MPP_CSharp.Repository.UserRepo - Found user with id=2
2024-03-24 14:49:42,316 [1] INFO  MPP_CSharp.Repository.UserRepo - Trying to find User with id=1
2024-03-24 14:49:42,320 [1] INFO  MPP_CSharp.Repository.UserRepo - Found user with id=1
2024-03-24 14:49:42,321 [1] INFO  MPP_CSharp.Repository.UserRepo - Trying to login User: claudiu
2024-03-24 14:49:42,362 [1] INFO  MPP_CSharp.Repository.UserRepo - Logged in!
2024-03-24 14:49:42,363 [1] INFO  MPP_CSharp.Repository.ParticipantRepo - Inizializing new ParticipantRepo...
2024-03-24 14:49:42,364 [1] INFO  MPP_CSharp.Repository.ParticipantRepo - Fetching all Participanti from DB
2024-03-24 14:49:42,365 [1] INFO  MPP_CSharp.Repository.ParticipantRepo - Found participant with id=1 and concurs with id=1
2024-03-24 14:49:42,365 [1] INFO  MPP_CSharp.Repository.ParticipantRepo - Found participant with id=2 and concurs with id=2
2024-03-24 14:49:42,366 [1] INFO  MPP_CSharp.Repository.ParticipantRepo - Trying to find Participant with id=1
2024-03-24 14:49:42,366 [1] INFO  MPP_CSharp.Repository.ParticipantRepo - Found participant with id=1
2024-03-24 14:49:42,367 [1] INFO  MPP_CSharp.Repository.ParticipantRepo - Trying to find all Participant from list
2024-03-24 14:49:42,367 [1] INFO  MPP_CSharp.Repository.ParticipantRepo - Trying to find Participant with id=1
2024-03-24 14:49:42,368 [1] INFO  MPP_CSharp.Repository.ParticipantRepo - Trying to find Participant with id=1
2024-03-24 14:49:42,368 [1] INFO  MPP_CSharp.Repository.ParticipantRepo - Found participant with id=1
2024-03-24 14:49:42,368 [1] INFO  MPP_CSharp.Repository.ParticipantRepo - Trying to find Participant with id=2
2024-03-24 14:49:42,368 [1] INFO  MPP_CSharp.Repository.ParticipantRepo - Trying to find Participant with id=2
2024-03-24 14:49:42,369 [1] INFO  MPP_CSharp.Repository.ParticipantRepo - Found participant with id=2
2024-03-24 14:49:42,369 [1] INFO  MPP_CSharp.Repository.ConcursRepo - Initializing ConcursRepo...
2024-03-24 14:49:42,370 [1] INFO  MPP_CSharp.Repository.ConcursRepo - Fetching all Concurs from DB
2024-03-24 14:49:42,371 [1] INFO  MPP_CSharp.Repository.ConcursRepo - Found Concurs with id=1
2024-03-24 14:49:42,371 [1] INFO  MPP_CSharp.Repository.ConcursRepo - Found Concurs with id=2
2024-03-24 14:49:42,372 [1] INFO  MPP_CSharp.Repository.ConcursRepo - Trying to find Concurs with id=2
2024-03-24 14:49:42,372 [1] INFO  MPP_CSharp.Repository.ConcursRepo - Found Concurs with id=2 and with participant=2
2024-03-24 14:49:42,373 [1] INFO  MPP_CSharp.Repository.ConcursRepo - Trying to find all Concurs for age: 12
2024-03-24 14:49:42,374 [1] INFO  MPP_CSharp.Repository.ConcursRepo - Found Concurs with id=1
2024-03-24 14:49:42,374 [1] INFO  MPP_CSharp.Repository.ConcursRepo - Found Concurs with id=2
2024-03-24 14:49:42,375 [1] INFO  MPP_CSharp.Program - Application started
2024-03-24 14:49:42,375 [1] INFO  MPP_CSharp.Repository.UserRepo - Fetching all Users from DB
2024-03-24 14:49:42,375 [1] INFO  MPP_CSharp.Repository.UserRepo - Found user with id=1
2024-03-24 14:49:42,376 [1] INFO  MPP_CSharp.Repository.UserRepo - Found user with id=2
2024-03-24 14:49:42,376 [1] INFO  MPP_CSharp.Program - claudiu
2024-03-24 14:49:42,376 [1] INFO  MPP_CSharp.Program - george
2024-03-24 14:49:42,381 [1] INFO  MPP_CSharp.Repository.UserRepo - Initializing new UserRepo...
2024-03-24 14:49:42,381 [1] INFO  MPP_CSharp.Repository.ConcursRepo - Initializing ConcursRepo...
2024-03-24 14:49:42,420 [1] INFO  MPP_CSharp.Form1 - Starting Form1
2024-03-24 14:49:42,421 [1] INFO  MPP_CSharp.Repository.ConcursRepo - Fetching all Concurs from DB
2024-03-24 14:49:42,421 [1] INFO  MPP_CSharp.Repository.ConcursRepo - Found Concurs with id=1
2024-03-24 14:49:42,421 [1] INFO  MPP_CSharp.Repository.ConcursRepo - Found Concurs with id=2
2024-03-24 14:49:42,422 [1] INFO  MPP_CSharp.Form1 - Concurs cu id=1 cu participanti:
2024-03-24 14:49:42,422 [1] INFO  MPP_CSharp.Form1 - Participant cu id=1
2024-03-24 14:49:42,422 [1] INFO  MPP_CSharp.Form1 - Concurs cu id=2 cu participanti:
2024-03-24 14:49:42,423 [1] INFO  MPP_CSharp.Form1 - Participant cu id=2
2024-03-24 14:49:42,458 [1] INFO  MPP_CSharp.Form1 - Finished Form1
2024-03-24 14:49:48,843 [1] INFO  MPP_CSharp.Program - Application closed
2024-03-24 15:16:58,827 [1] INFO  MPP_CSharp.Repository.UserRepo - Initializing new UserRepo...
2024-03-24 15:16:58,842 [1] INFO  MPP_CSharp.Program - Testing...
2024-03-24 15:16:58,843 [1] INFO  MPP_CSharp.Repository.UserRepo - Initializing new UserRepo...
2024-03-24 15:16:58,856 [1] INFO  MPP_CSharp.Repository.UserRepo - Fetching all Users from DB
2024-03-24 15:16:58,856 [1] INFO  MPP_CSharp.Repository.BdRepo - Trying to open Connection to server: Data Source=C:\Users\claud\RiderProjects\mpp-proiect-csharp-clau100\MPP_CSharp\Testing.sqlite;
2024-03-24 15:16:58,925 [1] INFO  MPP_CSharp.Repository.UserRepo - Found user with id=1
2024-03-24 15:16:58,925 [1] INFO  MPP_CSharp.Repository.UserRepo - Found user with id=2
2024-03-24 15:16:58,928 [1] INFO  MPP_CSharp.Repository.UserRepo - Trying to find User with id=1
2024-03-24 15:16:58,931 [1] INFO  MPP_CSharp.Repository.UserRepo - Found user with id=1
2024-03-24 15:16:58,932 [1] INFO  MPP_CSharp.Repository.UserRepo - Trying to login User: claudiu
2024-03-24 15:16:58,973 [1] INFO  MPP_CSharp.Repository.UserRepo - Logged in!
2024-03-24 15:16:58,974 [1] INFO  MPP_CSharp.Repository.ParticipantRepo - Inizializing new ParticipantRepo...
2024-03-24 15:16:58,976 [1] INFO  MPP_CSharp.Repository.ParticipantRepo - Fetching all Participanti from DB
2024-03-24 15:16:58,976 [1] INFO  MPP_CSharp.Repository.ParticipantRepo - Found participant with id=1 and concurs with id=1
2024-03-24 15:16:58,977 [1] INFO  MPP_CSharp.Repository.ParticipantRepo - Found participant with id=2 and concurs with id=2
2024-03-24 15:16:58,977 [1] INFO  MPP_CSharp.Repository.ParticipantRepo - Trying to find Participant with id=1
2024-03-24 15:16:58,978 [1] INFO  MPP_CSharp.Repository.ParticipantRepo - Found participant with id=1
2024-03-24 15:16:58,978 [1] INFO  MPP_CSharp.Repository.ParticipantRepo - Trying to find all Participant from list
2024-03-24 15:16:58,979 [1] INFO  MPP_CSharp.Repository.ParticipantRepo - Trying to find Participant with id=1
2024-03-24 15:16:58,979 [1] INFO  MPP_CSharp.Repository.ParticipantRepo - Trying to find Participant with id=1
2024-03-24 15:16:58,980 [1] INFO  MPP_CSharp.Repository.ParticipantRepo - Found participant with id=1
2024-03-24 15:16:58,980 [1] INFO  MPP_CSharp.Repository.ParticipantRepo - Trying to find Participant with id=2
2024-03-24 15:16:58,980 [1] INFO  MPP_CSharp.Repository.ParticipantRepo - Trying to find Participant with id=2
2024-03-24 15:16:58,981 [1] INFO  MPP_CSharp.Repository.ParticipantRepo - Found participant with id=2
2024-03-24 15:16:58,981 [1] INFO  MPP_CSharp.Repository.ConcursRepo - Initializing ConcursRepo...
2024-03-24 15:16:58,982 [1] INFO  MPP_CSharp.Repository.ConcursRepo - Fetching all Concurs from DB
2024-03-24 15:16:58,983 [1] INFO  MPP_CSharp.Repository.ConcursRepo - Found Concurs with id=1
2024-03-24 15:16:58,983 [1] INFO  MPP_CSharp.Repository.ConcursRepo - Found Concurs with id=2
2024-03-24 15:16:58,984 [1] INFO  MPP_CSharp.Repository.ConcursRepo - Trying to find Concurs with id=2
2024-03-24 15:16:58,985 [1] INFO  MPP_CSharp.Repository.ConcursRepo - Found Concurs with id=2 and with participant=2
2024-03-24 15:16:58,986 [1] INFO  MPP_CSharp.Repository.ConcursRepo - Trying to find all Concurs for age: 12
2024-03-24 15:16:58,986 [1] INFO  MPP_CSharp.Repository.ConcursRepo - Found Concurs with id=1
2024-03-24 15:16:58,986 [1] INFO  MPP_CSharp.Repository.ConcursRepo - Found Concurs with id=2
2024-03-24 15:16:58,987 [1] INFO  MPP_CSharp.Program - Application started
2024-03-24 15:16:58,987 [1] INFO  MPP_CSharp.Repository.UserRepo - Fetching all Users from DB
2024-03-24 15:16:58,988 [1] INFO  MPP_CSharp.Repository.UserRepo - Found user with id=1
2024-03-24 15:16:58,988 [1] INFO  MPP_CSharp.Repository.UserRepo - Found user with id=2
2024-03-24 15:16:58,988 [1] INFO  MPP_CSharp.Program - claudiu
2024-03-24 15:16:58,988 [1] INFO  MPP_CSharp.Program - george
2024-03-24 15:16:58,992 [1] INFO  MPP_CSharp.Repository.UserRepo - Initializing new UserRepo...
2024-03-24 15:16:58,992 [1] INFO  MPP_CSharp.Repository.ConcursRepo - Initializing ConcursRepo...
2024-03-24 15:16:59,030 [1] INFO  MPP_CSharp.Form1 - Starting Form1
2024-03-24 15:16:59,030 [1] INFO  MPP_CSharp.Repository.ConcursRepo - Fetching all Concurs from DB
2024-03-24 15:16:59,030 [1] INFO  MPP_CSharp.Repository.ConcursRepo - Found Concurs with id=1
2024-03-24 15:16:59,030 [1] INFO  MPP_CSharp.Repository.ConcursRepo - Found Concurs with id=2
2024-03-24 15:16:59,031 [1] INFO  MPP_CSharp.Form1 - Concurs cu id=1 cu participanti:
2024-03-24 15:16:59,031 [1] INFO  MPP_CSharp.Form1 - Participant cu id=1
2024-03-24 15:16:59,031 [1] INFO  MPP_CSharp.Form1 - Concurs cu id=2 cu participanti:
2024-03-24 15:16:59,031 [1] INFO  MPP_CSharp.Form1 - Participant cu id=2
2024-03-24 15:16:59,067 [1] INFO  MPP_CSharp.Form1 - Finished Form1
2024-03-24 15:17:00,155 [1] INFO  MPP_CSharp.Program - Application closed
2024-03-24 16:01:18,965 [1] INFO  MPP_CSharp.Repository.UserRepo - Initializing new UserRepo...
2024-03-24 16:01:44,318 [1] INFO  MPP_CSharp.Repository.UserRepo - Initializing new UserRepo...
2024-03-24 16:06:21,206 [1] INFO  MPP_CSharp.Repository.UserRepo - Initializing new UserRepo...
2024-03-24 16:06:34,742 [1] INFO  MPP_CSharp.Repository.UserRepo - Initializing new UserRepo...
2024-03-24 16:06:34,809 [1] INFO  MPP_CSharp.Program - Testing...
2024-03-24 16:06:34,809 [1] INFO  MPP_CSharp.Repository.UserRepo - Initializing new UserRepo...
2024-03-24 16:06:34,821 [1] INFO  MPP_CSharp.Repository.UserRepo - Fetching all Users from DB
2024-03-24 16:06:34,822 [1] INFO  MPP_CSharp.Repository.BdRepo - Trying to open Connection to server: Data Source=C:\Users\claud\RiderProjects\mpp-proiect-csharp-clau100\MPP_CSharp\Testing.sqlite;
2024-03-24 16:06:34,887 [1] INFO  MPP_CSharp.Repository.UserRepo - Found user with id=1
2024-03-24 16:06:34,887 [1] INFO  MPP_CSharp.Repository.UserRepo - Found user with id=2
2024-03-24 16:06:34,889 [1] INFO  MPP_CSharp.Repository.UserRepo - Trying to find User with id=1
2024-03-24 16:06:34,893 [1] INFO  MPP_CSharp.Repository.UserRepo - Found user with id=1
2024-03-24 16:06:34,894 [1] INFO  MPP_CSharp.Repository.UserRepo - Trying to login User: claudiu
2024-03-24 16:06:34,932 [1] INFO  MPP_CSharp.Repository.UserRepo - Logged in!
2024-03-24 16:06:34,933 [1] INFO  MPP_CSharp.Repository.ParticipantRepo - Inizializing new ParticipantRepo...
2024-03-24 16:06:34,934 [1] INFO  MPP_CSharp.Repository.ParticipantRepo - Fetching all Participanti from DB
2024-03-24 16:06:34,935 [1] INFO  MPP_CSharp.Repository.ParticipantRepo - Found participant with id=1 and concurs with id=1
2024-03-24 16:06:34,936 [1] INFO  MPP_CSharp.Repository.ParticipantRepo - Found participant with id=2 and concurs with id=2
2024-03-24 16:06:34,936 [1] INFO  MPP_CSharp.Repository.ParticipantRepo - Trying to find Participant with id=1
2024-03-24 16:06:34,936 [1] INFO  MPP_CSharp.Repository.ParticipantRepo - Found participant with id=1
2024-03-24 16:06:34,937 [1] INFO  MPP_CSharp.Repository.ParticipantRepo - Trying to find all Participant from list
2024-03-24 16:06:34,937 [1] INFO  MPP_CSharp.Repository.ParticipantRepo - Trying to find Participant with id=1
2024-03-24 16:06:34,937 [1] INFO  MPP_CSharp.Repository.ParticipantRepo - Trying to find Participant with id=1
2024-03-24 16:06:34,938 [1] INFO  MPP_CSharp.Repository.ParticipantRepo - Found participant with id=1
2024-03-24 16:06:34,938 [1] INFO  MPP_CSharp.Repository.ParticipantRepo - Trying to find Participant with id=2
2024-03-24 16:06:34,938 [1] INFO  MPP_CSharp.Repository.ParticipantRepo - Trying to find Participant with id=2
2024-03-24 16:06:34,938 [1] INFO  MPP_CSharp.Repository.ParticipantRepo - Found participant with id=2
2024-03-24 16:06:34,939 [1] INFO  MPP_CSharp.Repository.ConcursRepo - Initializing ConcursRepo...
2024-03-24 16:06:34,940 [1] INFO  MPP_CSharp.Repository.ConcursRepo - Fetching all Concurs from DB
2024-03-24 16:06:34,940 [1] INFO  MPP_CSharp.Repository.ConcursRepo - Found Concurs with id=1
2024-03-24 16:06:34,941 [1] INFO  MPP_CSharp.Repository.ConcursRepo - Found Concurs with id=2
2024-03-24 16:06:34,942 [1] INFO  MPP_CSharp.Repository.ConcursRepo - Trying to find Concurs with id=2
2024-03-24 16:06:34,942 [1] INFO  MPP_CSharp.Repository.ConcursRepo - Found Concurs with id=2 and with participant=2
2024-03-24 16:06:34,943 [1] INFO  MPP_CSharp.Repository.ConcursRepo - Trying to find all Concurs for age: 12
2024-03-24 16:06:34,943 [1] INFO  MPP_CSharp.Repository.ConcursRepo - Found Concurs with id=1
2024-03-24 16:06:34,944 [1] INFO  MPP_CSharp.Repository.ConcursRepo - Found Concurs with id=2
2024-03-24 16:06:34,944 [1] INFO  MPP_CSharp.Program - Application started
2024-03-24 16:06:34,944 [1] INFO  MPP_CSharp.Repository.UserRepo - Fetching all Users from DB
2024-03-24 16:06:34,945 [1] INFO  MPP_CSharp.Repository.UserRepo - Found user with id=1
2024-03-24 16:06:34,945 [1] INFO  MPP_CSharp.Repository.UserRepo - Found user with id=2
2024-03-24 16:06:34,945 [1] INFO  MPP_CSharp.Program - claudiu
2024-03-24 16:06:34,946 [1] INFO  MPP_CSharp.Program - george
2024-03-24 16:06:34,950 [1] INFO  MPP_CSharp.Repository.UserRepo - Initializing new UserRepo...
2024-03-24 16:06:34,951 [1] INFO  MPP_CSharp.Repository.ConcursRepo - Initializing ConcursRepo...
2024-03-24 16:06:34,987 [1] INFO  MPP_CSharp.Form1 - Starting Form1
2024-03-24 16:06:34,987 [1] INFO  MPP_CSharp.Repository.ConcursRepo - Fetching all Concurs from DB
2024-03-24 16:06:34,988 [1] INFO  MPP_CSharp.Repository.ConcursRepo - Found Concurs with id=1
2024-03-24 16:06:34,988 [1] INFO  MPP_CSharp.Repository.ConcursRepo - Found Concurs with id=2
2024-03-24 16:06:34,988 [1] INFO  MPP_CSharp.Form1 - Concurs cu id=1 cu participanti:
2024-03-24 16:06:34,989 [1] INFO  MPP_CSharp.Form1 - Participant cu id=1
2024-03-24 16:06:34,989 [1] INFO  MPP_CSharp.Form1 - Concurs cu id=2 cu participanti:
2024-03-24 16:06:34,989 [1] INFO  MPP_CSharp.Form1 - Participant cu id=2
2024-03-24 16:06:35,023 [1] INFO  MPP_CSharp.Form1 - Finished Form1
2024-03-24 16:06:36,375 [1] INFO  MPP_CSharp.Program - Application closed
2024-03-24 20:25:28,964 [1] INFO  MPP_CSharp.Repository.UserRepo - Initializing new UserRepo...
2024-03-24 20:25:29,041 [1] INFO  MPP_CSharp.Program - Testing...
2024-03-24 20:25:29,042 [1] INFO  MPP_CSharp.Repository.UserRepo - Initializing new UserRepo...
2024-03-24 20:25:29,059 [1] INFO  MPP_CSharp.Repository.UserRepo - Fetching all Users from DB
2024-03-24 20:25:29,060 [1] INFO  MPP_CSharp.Repository.BdRepo - Trying to open Connection to server: Data Source=C:\Users\claud\RiderProjects\mpp-proiect-csharp-clau100\MPP_CSharp\Testing.sqlite;
2024-03-24 20:25:29,159 [1] INFO  MPP_CSharp.Repository.UserRepo - Found user with id=1
2024-03-24 20:25:29,160 [1] INFO  MPP_CSharp.Repository.UserRepo - Found user with id=2
2024-03-24 20:25:29,163 [1] INFO  MPP_CSharp.Repository.UserRepo - Trying to find User with id=1
2024-03-24 20:25:29,167 [1] INFO  MPP_CSharp.Repository.UserRepo - Found user with id=1
2024-03-24 20:25:29,167 [1] INFO  MPP_CSharp.Repository.UserRepo - Trying to login User: claudiu
2024-03-24 20:25:29,211 [1] INFO  MPP_CSharp.Repository.UserRepo - Logged in!
2024-03-24 20:25:29,211 [1] INFO  MPP_CSharp.Repository.ParticipantRepo - Inizializing new ParticipantRepo...
2024-03-24 20:25:29,212 [1] INFO  MPP_CSharp.Repository.ParticipantRepo - Fetching all Participanti from DB
2024-03-24 20:25:29,214 [1] INFO  MPP_CSharp.Repository.ParticipantRepo - Found participant with id=1 and concurs with id=1
2024-03-24 20:25:29,214 [1] INFO  MPP_CSharp.Repository.ParticipantRepo - Found participant with id=2 and concurs with id=2
2024-03-24 20:25:29,215 [1] INFO  MPP_CSharp.Repository.ParticipantRepo - Trying to find Participant with id=1
2024-03-24 20:25:29,215 [1] INFO  MPP_CSharp.Repository.ParticipantRepo - Found participant with id=1
2024-03-24 20:25:29,216 [1] INFO  MPP_CSharp.Repository.ParticipantRepo - Trying to find all Participant from list
2024-03-24 20:25:29,217 [1] INFO  MPP_CSharp.Repository.ParticipantRepo - Trying to find Participant with id=1
2024-03-24 20:25:29,217 [1] INFO  MPP_CSharp.Repository.ParticipantRepo - Trying to find Participant with id=1
2024-03-24 20:25:29,217 [1] INFO  MPP_CSharp.Repository.ParticipantRepo - Found participant with id=1
2024-03-24 20:25:29,218 [1] INFO  MPP_CSharp.Repository.ParticipantRepo - Trying to find Participant with id=2
2024-03-24 20:25:29,218 [1] INFO  MPP_CSharp.Repository.ParticipantRepo - Trying to find Participant with id=2
2024-03-24 20:25:29,219 [1] INFO  MPP_CSharp.Repository.ParticipantRepo - Found participant with id=2
2024-03-24 20:25:29,219 [1] INFO  MPP_CSharp.Repository.ConcursRepo - Initializing ConcursRepo...
2024-03-24 20:25:29,220 [1] INFO  MPP_CSharp.Repository.ConcursRepo - Fetching all Concurs from DB
2024-03-24 20:25:29,221 [1] INFO  MPP_CSharp.Repository.ConcursRepo - Found Concurs with id=1
2024-03-24 20:25:29,221 [1] INFO  MPP_CSharp.Repository.ConcursRepo - Found Concurs with id=2
2024-03-24 20:25:29,222 [1] INFO  MPP_CSharp.Repository.ConcursRepo - Trying to find Concurs with id=2
2024-03-24 20:25:29,222 [1] INFO  MPP_CSharp.Repository.ConcursRepo - Found Concurs with id=2 and with participant=2
2024-03-24 20:25:29,223 [1] INFO  MPP_CSharp.Repository.ConcursRepo - Trying to find all Concurs for age: 12
2024-03-24 20:25:29,224 [1] INFO  MPP_CSharp.Repository.ConcursRepo - Found Concurs with id=1
2024-03-24 20:25:29,224 [1] INFO  MPP_CSharp.Repository.ConcursRepo - Found Concurs with id=2
2024-03-24 20:25:29,225 [1] INFO  MPP_CSharp.Program - Application started
2024-03-24 20:25:29,225 [1] INFO  MPP_CSharp.Repository.UserRepo - Fetching all Users from DB
2024-03-24 20:25:29,226 [1] INFO  MPP_CSharp.Repository.UserRepo - Found user with id=1
2024-03-24 20:25:29,226 [1] INFO  MPP_CSharp.Repository.UserRepo - Found user with id=2
2024-03-24 20:25:29,226 [1] INFO  MPP_CSharp.Program - claudiu
2024-03-24 20:25:29,226 [1] INFO  MPP_CSharp.Program - george
2024-03-24 20:25:29,275 [1] INFO  MPP_CSharp.Form1 - Starting Login Form
2024-03-24 20:25:29,344 [1] INFO  MPP_CSharp.Form1 - Finished Login Form
2024-03-24 20:25:54,810 [1] INFO  MPP_CSharp.Program - Application closed
2024-03-24 20:26:28,700 [1] INFO  MPP_CSharp.Repository.UserRepo - Initializing new UserRepo...
2024-03-24 20:26:28,771 [1] INFO  MPP_CSharp.Program - Testing...
2024-03-24 20:26:28,772 [1] INFO  MPP_CSharp.Repository.UserRepo - Initializing new UserRepo...
2024-03-24 20:26:28,785 [1] INFO  MPP_CSharp.Repository.UserRepo - Fetching all Users from DB
2024-03-24 20:26:28,786 [1] INFO  MPP_CSharp.Repository.BdRepo - Trying to open Connection to server: Data Source=C:\Users\claud\RiderProjects\mpp-proiect-csharp-clau100\MPP_CSharp\Testing.sqlite;
2024-03-24 20:26:28,853 [1] INFO  MPP_CSharp.Repository.UserRepo - Found user with id=1
2024-03-24 20:26:28,854 [1] INFO  MPP_CSharp.Repository.UserRepo - Found user with id=2
2024-03-24 20:26:28,857 [1] INFO  MPP_CSharp.Repository.UserRepo - Trying to find User with id=1
2024-03-24 20:26:28,861 [1] INFO  MPP_CSharp.Repository.UserRepo - Found user with id=1
2024-03-24 20:26:28,862 [1] INFO  MPP_CSharp.Repository.UserRepo - Trying to login User: claudiu
2024-03-24 20:26:28,904 [1] INFO  MPP_CSharp.Repository.UserRepo - Logged in!
2024-03-24 20:26:28,905 [1] INFO  MPP_CSharp.Repository.ParticipantRepo - Inizializing new ParticipantRepo...
2024-03-24 20:26:28,906 [1] INFO  MPP_CSharp.Repository.ParticipantRepo - Fetching all Participanti from DB
2024-03-24 20:26:28,907 [1] INFO  MPP_CSharp.Repository.ParticipantRepo - Found participant with id=1 and concurs with id=1
2024-03-24 20:26:28,907 [1] INFO  MPP_CSharp.Repository.ParticipantRepo - Found participant with id=2 and concurs with id=2
2024-03-24 20:26:28,907 [1] INFO  MPP_CSharp.Repository.ParticipantRepo - Trying to find Participant with id=1
2024-03-24 20:26:28,909 [1] INFO  MPP_CSharp.Repository.ParticipantRepo - Found participant with id=1
2024-03-24 20:26:28,909 [1] INFO  MPP_CSharp.Repository.ParticipantRepo - Trying to find all Participant from list
2024-03-24 20:26:28,909 [1] INFO  MPP_CSharp.Repository.ParticipantRepo - Trying to find Participant with id=1
2024-03-24 20:26:28,909 [1] INFO  MPP_CSharp.Repository.ParticipantRepo - Trying to find Participant with id=1
2024-03-24 20:26:28,910 [1] INFO  MPP_CSharp.Repository.ParticipantRepo - Found participant with id=1
2024-03-24 20:26:28,910 [1] INFO  MPP_CSharp.Repository.ParticipantRepo - Trying to find Participant with id=2
2024-03-24 20:26:28,910 [1] INFO  MPP_CSharp.Repository.ParticipantRepo - Trying to find Participant with id=2
2024-03-24 20:26:28,911 [1] INFO  MPP_CSharp.Repository.ParticipantRepo - Found participant with id=2
2024-03-24 20:26:28,911 [1] INFO  MPP_CSharp.Repository.ConcursRepo - Initializing ConcursRepo...
2024-03-24 20:26:28,913 [1] INFO  MPP_CSharp.Repository.ConcursRepo - Fetching all Concurs from DB
2024-03-24 20:26:28,913 [1] INFO  MPP_CSharp.Repository.ConcursRepo - Found Concurs with id=1
2024-03-24 20:26:28,914 [1] INFO  MPP_CSharp.Repository.ConcursRepo - Found Concurs with id=2
2024-03-24 20:26:28,915 [1] INFO  MPP_CSharp.Repository.ConcursRepo - Trying to find Concurs with id=2
2024-03-24 20:26:28,915 [1] INFO  MPP_CSharp.Repository.ConcursRepo - Found Concurs with id=2 and with participant=2
2024-03-24 20:26:28,916 [1] INFO  MPP_CSharp.Repository.ConcursRepo - Trying to find all Concurs for age: 12
2024-03-24 20:26:28,917 [1] INFO  MPP_CSharp.Repository.ConcursRepo - Found Concurs with id=1
2024-03-24 20:26:28,917 [1] INFO  MPP_CSharp.Repository.ConcursRepo - Found Concurs with id=2
2024-03-24 20:26:28,917 [1] INFO  MPP_CSharp.Program - Application started
2024-03-24 20:26:28,917 [1] INFO  MPP_CSharp.Repository.UserRepo - Fetching all Users from DB
2024-03-24 20:26:28,918 [1] INFO  MPP_CSharp.Repository.UserRepo - Found user with id=1
2024-03-24 20:26:28,919 [1] INFO  MPP_CSharp.Repository.UserRepo - Found user with id=2
2024-03-24 20:26:28,919 [1] INFO  MPP_CSharp.Program - claudiu
2024-03-24 20:26:28,919 [1] INFO  MPP_CSharp.Program - george
2024-03-24 20:26:28,962 [1] INFO  MPP_CSharp.Form1 - Starting Login Form
2024-03-24 20:26:29,026 [1] INFO  MPP_CSharp.Form1 - Finished Login Form
2024-03-24 20:26:36,446 [1] INFO  MPP_CSharp.Program - Application closed
2024-03-24 20:26:47,299 [1] INFO  MPP_CSharp.Repository.UserRepo - Initializing new UserRepo...
2024-03-24 20:26:47,364 [1] INFO  MPP_CSharp.Program - Testing...
2024-03-24 20:26:47,365 [1] INFO  MPP_CSharp.Repository.UserRepo - Initializing new UserRepo...
2024-03-24 20:26:47,397 [1] INFO  MPP_CSharp.Repository.UserRepo - Fetching all Users from DB
2024-03-24 20:26:47,398 [1] INFO  MPP_CSharp.Repository.BdRepo - Trying to open Connection to server: Data Source=C:\Users\claud\RiderProjects\mpp-proiect-csharp-clau100\MPP_CSharp\Testing.sqlite;
2024-03-24 20:26:47,460 [1] INFO  MPP_CSharp.Repository.UserRepo - Found user with id=1
2024-03-24 20:26:47,461 [1] INFO  MPP_CSharp.Repository.UserRepo - Found user with id=2
2024-03-24 20:26:47,463 [1] INFO  MPP_CSharp.Repository.UserRepo - Trying to find User with id=1
2024-03-24 20:26:47,465 [1] INFO  MPP_CSharp.Repository.UserRepo - Found user with id=1
2024-03-24 20:26:47,467 [1] INFO  MPP_CSharp.Repository.UserRepo - Trying to login User: claudiu
2024-03-24 20:26:47,523 [1] INFO  MPP_CSharp.Repository.UserRepo - Logged in!
2024-03-24 20:26:47,524 [1] INFO  MPP_CSharp.Repository.ParticipantRepo - Inizializing new ParticipantRepo...
2024-03-24 20:26:47,525 [1] INFO  MPP_CSharp.Repository.ParticipantRepo - Fetching all Participanti from DB
2024-03-24 20:26:47,526 [1] INFO  MPP_CSharp.Repository.ParticipantRepo - Found participant with id=1 and concurs with id=1
2024-03-24 20:26:47,527 [1] INFO  MPP_CSharp.Repository.ParticipantRepo - Found participant with id=2 and concurs with id=2
2024-03-24 20:26:47,528 [1] INFO  MPP_CSharp.Repository.ParticipantRepo - Trying to find Participant with id=1
2024-03-24 20:26:47,528 [1] INFO  MPP_CSharp.Repository.ParticipantRepo - Found participant with id=1
2024-03-24 20:26:47,529 [1] INFO  MPP_CSharp.Repository.ParticipantRepo - Trying to find all Participant from list
2024-03-24 20:26:47,529 [1] INFO  MPP_CSharp.Repository.ParticipantRepo - Trying to find Participant with id=1
2024-03-24 20:26:47,530 [1] INFO  MPP_CSharp.Repository.ParticipantRepo - Trying to find Participant with id=1
2024-03-24 20:26:47,530 [1] INFO  MPP_CSharp.Repository.ParticipantRepo - Found participant with id=1
2024-03-24 20:26:47,530 [1] INFO  MPP_CSharp.Repository.ParticipantRepo - Trying to find Participant with id=2
2024-03-24 20:26:47,531 [1] INFO  MPP_CSharp.Repository.ParticipantRepo - Trying to find Participant with id=2
2024-03-24 20:26:47,531 [1] INFO  MPP_CSharp.Repository.ParticipantRepo - Found participant with id=2
2024-03-24 20:26:47,532 [1] INFO  MPP_CSharp.Repository.ConcursRepo - Initializing ConcursRepo...
2024-03-24 20:26:47,533 [1] INFO  MPP_CSharp.Repository.ConcursRepo - Fetching all Concurs from DB
2024-03-24 20:26:47,533 [1] INFO  MPP_CSharp.Repository.ConcursRepo - Found Concurs with id=1
2024-03-24 20:26:47,534 [1] INFO  MPP_CSharp.Repository.ConcursRepo - Found Concurs with id=2
2024-03-24 20:26:47,535 [1] INFO  MPP_CSharp.Repository.ConcursRepo - Trying to find Concurs with id=2
2024-03-24 20:26:47,535 [1] INFO  MPP_CSharp.Repository.ConcursRepo - Found Concurs with id=2 and with participant=2
2024-03-24 20:26:47,537 [1] INFO  MPP_CSharp.Repository.ConcursRepo - Trying to find all Concurs for age: 12
2024-03-24 20:26:47,537 [1] INFO  MPP_CSharp.Repository.ConcursRepo - Found Concurs with id=1
2024-03-24 20:26:47,538 [1] INFO  MPP_CSharp.Repository.ConcursRepo - Found Concurs with id=2
2024-03-24 20:26:47,538 [1] INFO  MPP_CSharp.Program - Application started
2024-03-24 20:26:47,538 [1] INFO  MPP_CSharp.Repository.UserRepo - Fetching all Users from DB
2024-03-24 20:26:47,539 [1] INFO  MPP_CSharp.Repository.UserRepo - Found user with id=1
2024-03-24 20:26:47,539 [1] INFO  MPP_CSharp.Repository.UserRepo - Found user with id=2
2024-03-24 20:26:47,539 [1] INFO  MPP_CSharp.Program - claudiu
2024-03-24 20:26:47,539 [1] INFO  MPP_CSharp.Program - george
2024-03-24 20:26:47,586 [1] INFO  MPP_CSharp.Form1 - Starting Login Form
2024-03-24 20:26:47,653 [1] INFO  MPP_CSharp.Form1 - Finished Login Form
2024-03-24 20:27:36,515 [1] INFO  MPP_CSharp.Repository.UserRepo - Initializing new UserRepo...
2024-03-24 20:27:36,584 [1] INFO  MPP_CSharp.Program - Testing...
2024-03-24 20:27:36,585 [1] INFO  MPP_CSharp.Repository.UserRepo - Initializing new UserRepo...
2024-03-24 20:27:36,616 [1] INFO  MPP_CSharp.Repository.UserRepo - Fetching all Users from DB
2024-03-24 20:27:36,617 [1] INFO  MPP_CSharp.Repository.BdRepo - Trying to open Connection to server: Data Source=C:\Users\claud\RiderProjects\mpp-proiect-csharp-clau100\MPP_CSharp\Testing.sqlite;
2024-03-24 20:27:36,677 [1] INFO  MPP_CSharp.Repository.UserRepo - Found user with id=1
2024-03-24 20:27:36,677 [1] INFO  MPP_CSharp.Repository.UserRepo - Found user with id=2
2024-03-24 20:27:36,679 [1] INFO  MPP_CSharp.Repository.UserRepo - Trying to find User with id=1
2024-03-24 20:27:36,683 [1] INFO  MPP_CSharp.Repository.UserRepo - Found user with id=1
2024-03-24 20:27:36,683 [1] INFO  MPP_CSharp.Repository.UserRepo - Trying to login User: claudiu
2024-03-24 20:27:36,740 [1] INFO  MPP_CSharp.Repository.UserRepo - Logged in!
2024-03-24 20:27:36,741 [1] INFO  MPP_CSharp.Repository.ParticipantRepo - Inizializing new ParticipantRepo...
2024-03-24 20:27:36,742 [1] INFO  MPP_CSharp.Repository.ParticipantRepo - Fetching all Participanti from DB
2024-03-24 20:27:36,743 [1] INFO  MPP_CSharp.Repository.ParticipantRepo - Found participant with id=1 and concurs with id=1
2024-03-24 20:27:36,743 [1] INFO  MPP_CSharp.Repository.ParticipantRepo - Found participant with id=2 and concurs with id=2
2024-03-24 20:27:36,744 [1] INFO  MPP_CSharp.Repository.ParticipantRepo - Trying to find Participant with id=1
2024-03-24 20:27:36,744 [1] INFO  MPP_CSharp.Repository.ParticipantRepo - Found participant with id=1
2024-03-24 20:27:36,745 [1] INFO  MPP_CSharp.Repository.ParticipantRepo - Trying to find all Participant from list
2024-03-24 20:27:36,746 [1] INFO  MPP_CSharp.Repository.ParticipantRepo - Trying to find Participant with id=1
2024-03-24 20:27:36,746 [1] INFO  MPP_CSharp.Repository.ParticipantRepo - Trying to find Participant with id=1
2024-03-24 20:27:36,746 [1] INFO  MPP_CSharp.Repository.ParticipantRepo - Found participant with id=1
2024-03-24 20:27:36,746 [1] INFO  MPP_CSharp.Repository.ParticipantRepo - Trying to find Participant with id=2
2024-03-24 20:27:36,747 [1] INFO  MPP_CSharp.Repository.ParticipantRepo - Trying to find Participant with id=2
2024-03-24 20:27:36,747 [1] INFO  MPP_CSharp.Repository.ParticipantRepo - Found participant with id=2
2024-03-24 20:27:36,748 [1] INFO  MPP_CSharp.Repository.ConcursRepo - Initializing ConcursRepo...
2024-03-24 20:27:36,749 [1] INFO  MPP_CSharp.Repository.ConcursRepo - Fetching all Concurs from DB
2024-03-24 20:27:36,751 [1] INFO  MPP_CSharp.Repository.ConcursRepo - Found Concurs with id=1
2024-03-24 20:27:36,751 [1] INFO  MPP_CSharp.Repository.ConcursRepo - Found Concurs with id=2
2024-03-24 20:27:36,752 [1] INFO  MPP_CSharp.Repository.ConcursRepo - Trying to find Concurs with id=2
2024-03-24 20:27:36,752 [1] INFO  MPP_CSharp.Repository.ConcursRepo - Found Concurs with id=2 and with participant=2
2024-03-24 20:27:36,753 [1] INFO  MPP_CSharp.Repository.ConcursRepo - Trying to find all Concurs for age: 12
2024-03-24 20:27:36,755 [1] INFO  MPP_CSharp.Repository.ConcursRepo - Found Concurs with id=1
2024-03-24 20:27:36,755 [1] INFO  MPP_CSharp.Repository.ConcursRepo - Found Concurs with id=2
2024-03-24 20:27:36,755 [1] INFO  MPP_CSharp.Program - Application started
2024-03-24 20:27:36,755 [1] INFO  MPP_CSharp.Repository.UserRepo - Fetching all Users from DB
2024-03-24 20:27:36,756 [1] INFO  MPP_CSharp.Repository.UserRepo - Found user with id=1
2024-03-24 20:27:36,756 [1] INFO  MPP_CSharp.Repository.UserRepo - Found user with id=2
2024-03-24 20:27:36,756 [1] INFO  MPP_CSharp.Program - claudiu
2024-03-24 20:27:36,757 [1] INFO  MPP_CSharp.Program - george
2024-03-24 20:27:36,802 [1] INFO  MPP_CSharp.Form1 - Starting Login Form
2024-03-24 20:27:36,864 [1] INFO  MPP_CSharp.Form1 - Finished Login Form
2024-03-24 20:28:41,600 [1] INFO  MPP_CSharp.Repository.UserRepo - Initializing new UserRepo...
2024-03-24 20:28:41,672 [1] INFO  MPP_CSharp.Program - Testing...
2024-03-24 20:28:41,673 [1] INFO  MPP_CSharp.Repository.UserRepo - Initializing new UserRepo...
2024-03-24 20:28:41,685 [1] INFO  MPP_CSharp.Repository.UserRepo - Fetching all Users from DB
2024-03-24 20:28:41,686 [1] INFO  MPP_CSharp.Repository.BdRepo - Trying to open Connection to server: Data Source=C:\Users\claud\RiderProjects\mpp-proiect-csharp-clau100\MPP_CSharp\Testing.sqlite;
2024-03-24 20:28:41,753 [1] INFO  MPP_CSharp.Repository.UserRepo - Found user with id=1
2024-03-24 20:28:41,754 [1] INFO  MPP_CSharp.Repository.UserRepo - Found user with id=2
2024-03-24 20:28:41,756 [1] INFO  MPP_CSharp.Repository.UserRepo - Trying to find User with id=1
2024-03-24 20:28:41,761 [1] INFO  MPP_CSharp.Repository.UserRepo - Found user with id=1
2024-03-24 20:28:41,762 [1] INFO  MPP_CSharp.Repository.UserRepo - Trying to login User: claudiu
2024-03-24 20:28:41,804 [1] INFO  MPP_CSharp.Repository.UserRepo - Logged in!
2024-03-24 20:28:41,805 [1] INFO  MPP_CSharp.Repository.ParticipantRepo - Inizializing new ParticipantRepo...
2024-03-24 20:28:41,806 [1] INFO  MPP_CSharp.Repository.ParticipantRepo - Fetching all Participanti from DB
2024-03-24 20:28:41,807 [1] INFO  MPP_CSharp.Repository.ParticipantRepo - Found participant with id=1 and concurs with id=1
2024-03-24 20:28:41,807 [1] INFO  MPP_CSharp.Repository.ParticipantRepo - Found participant with id=2 and concurs with id=2
2024-03-24 20:28:41,808 [1] INFO  MPP_CSharp.Repository.ParticipantRepo - Trying to find Participant with id=1
2024-03-24 20:28:41,809 [1] INFO  MPP_CSharp.Repository.ParticipantRepo - Found participant with id=1
2024-03-24 20:28:41,809 [1] INFO  MPP_CSharp.Repository.ParticipantRepo - Trying to find all Participant from list
2024-03-24 20:28:41,809 [1] INFO  MPP_CSharp.Repository.ParticipantRepo - Trying to find Participant with id=1
2024-03-24 20:28:41,809 [1] INFO  MPP_CSharp.Repository.ParticipantRepo - Trying to find Participant with id=1
2024-03-24 20:28:41,809 [1] INFO  MPP_CSharp.Repository.ParticipantRepo - Found participant with id=1
2024-03-24 20:28:41,810 [1] INFO  MPP_CSharp.Repository.ParticipantRepo - Trying to find Participant with id=2
2024-03-24 20:28:41,810 [1] INFO  MPP_CSharp.Repository.ParticipantRepo - Trying to find Participant with id=2
2024-03-24 20:28:41,810 [1] INFO  MPP_CSharp.Repository.ParticipantRepo - Found participant with id=2
2024-03-24 20:28:41,811 [1] INFO  MPP_CSharp.Repository.ConcursRepo - Initializing ConcursRepo...
2024-03-24 20:28:41,812 [1] INFO  MPP_CSharp.Repository.ConcursRepo - Fetching all Concurs from DB
2024-03-24 20:28:41,812 [1] INFO  MPP_CSharp.Repository.ConcursRepo - Found Concurs with id=1
2024-03-24 20:28:41,813 [1] INFO  MPP_CSharp.Repository.ConcursRepo - Found Concurs with id=2
2024-03-24 20:28:41,813 [1] INFO  MPP_CSharp.Repository.ConcursRepo - Trying to find Concurs with id=2
2024-03-24 20:28:41,814 [1] INFO  MPP_CSharp.Repository.ConcursRepo - Found Concurs with id=2 and with participant=2
2024-03-24 20:28:41,816 [1] INFO  MPP_CSharp.Repository.ConcursRepo - Trying to find all Concurs for age: 12
2024-03-24 20:28:41,816 [1] INFO  MPP_CSharp.Repository.ConcursRepo - Found Concurs with id=1
2024-03-24 20:28:41,816 [1] INFO  MPP_CSharp.Repository.ConcursRepo - Found Concurs with id=2
2024-03-24 20:28:41,816 [1] INFO  MPP_CSharp.Program - Application started
2024-03-24 20:28:41,816 [1] INFO  MPP_CSharp.Repository.UserRepo - Fetching all Users from DB
2024-03-24 20:28:41,818 [1] INFO  MPP_CSharp.Repository.UserRepo - Found user with id=1
2024-03-24 20:28:41,818 [1] INFO  MPP_CSharp.Repository.UserRepo - Found user with id=2
2024-03-24 20:28:41,818 [1] INFO  MPP_CSharp.Program - claudiu
2024-03-24 20:28:41,818 [1] INFO  MPP_CSharp.Program - george
2024-03-24 20:28:41,861 [1] INFO  MPP_CSharp.Form1 - Starting Login Form
2024-03-24 20:28:41,929 [1] INFO  MPP_CSharp.Form1 - Finished Login Form
2024-03-24 20:28:50,702 [1] INFO  MPP_CSharp.Program - Application closed
2024-03-24 20:29:02,451 [1] INFO  MPP_CSharp.Repository.UserRepo - Initializing new UserRepo...
2024-03-24 20:29:02,518 [1] INFO  MPP_CSharp.Program - Testing...
2024-03-24 20:29:02,519 [1] INFO  MPP_CSharp.Repository.UserRepo - Initializing new UserRepo...
2024-03-24 20:29:02,550 [1] INFO  MPP_CSharp.Repository.UserRepo - Fetching all Users from DB
2024-03-24 20:29:02,551 [1] INFO  MPP_CSharp.Repository.BdRepo - Trying to open Connection to server: Data Source=C:\Users\claud\RiderProjects\mpp-proiect-csharp-clau100\MPP_CSharp\Testing.sqlite;
2024-03-24 20:29:02,606 [1] INFO  MPP_CSharp.Repository.UserRepo - Found user with id=1
2024-03-24 20:29:02,607 [1] INFO  MPP_CSharp.Repository.UserRepo - Found user with id=2
2024-03-24 20:29:02,609 [1] INFO  MPP_CSharp.Repository.UserRepo - Trying to find User with id=1
2024-03-24 20:29:02,613 [1] INFO  MPP_CSharp.Repository.UserRepo - Found user with id=1
2024-03-24 20:29:02,613 [1] INFO  MPP_CSharp.Repository.UserRepo - Trying to login User: claudiu
2024-03-24 20:29:02,664 [1] INFO  MPP_CSharp.Repository.UserRepo - Logged in!
2024-03-24 20:29:02,665 [1] INFO  MPP_CSharp.Repository.ParticipantRepo - Inizializing new ParticipantRepo...
2024-03-24 20:29:02,666 [1] INFO  MPP_CSharp.Repository.ParticipantRepo - Fetching all Participanti from DB
2024-03-24 20:29:02,668 [1] INFO  MPP_CSharp.Repository.ParticipantRepo - Found participant with id=1 and concurs with id=1
2024-03-24 20:29:02,668 [1] INFO  MPP_CSharp.Repository.ParticipantRepo - Found participant with id=2 and concurs with id=2
2024-03-24 20:29:02,669 [1] INFO  MPP_CSharp.Repository.ParticipantRepo - Trying to find Participant with id=1
2024-03-24 20:29:02,669 [1] INFO  MPP_CSharp.Repository.ParticipantRepo - Found participant with id=1
2024-03-24 20:29:02,670 [1] INFO  MPP_CSharp.Repository.ParticipantRepo - Trying to find all Participant from list
2024-03-24 20:29:02,670 [1] INFO  MPP_CSharp.Repository.ParticipantRepo - Trying to find Participant with id=1
2024-03-24 20:29:02,670 [1] INFO  MPP_CSharp.Repository.ParticipantRepo - Trying to find Participant with id=1
2024-03-24 20:29:02,671 [1] INFO  MPP_CSharp.Repository.ParticipantRepo - Found participant with id=1
2024-03-24 20:29:02,672 [1] INFO  MPP_CSharp.Repository.ParticipantRepo - Trying to find Participant with id=2
2024-03-24 20:29:02,673 [1] INFO  MPP_CSharp.Repository.ParticipantRepo - Trying to find Participant with id=2
2024-03-24 20:29:02,673 [1] INFO  MPP_CSharp.Repository.ParticipantRepo - Found participant with id=2
2024-03-24 20:29:02,674 [1] INFO  MPP_CSharp.Repository.ConcursRepo - Initializing ConcursRepo...
2024-03-24 20:29:02,675 [1] INFO  MPP_CSharp.Repository.ConcursRepo - Fetching all Concurs from DB
2024-03-24 20:29:02,676 [1] INFO  MPP_CSharp.Repository.ConcursRepo - Found Concurs with id=1
2024-03-24 20:29:02,676 [1] INFO  MPP_CSharp.Repository.ConcursRepo - Found Concurs with id=2
2024-03-24 20:29:02,678 [1] INFO  MPP_CSharp.Repository.ConcursRepo - Trying to find Concurs with id=2
2024-03-24 20:29:02,678 [1] INFO  MPP_CSharp.Repository.ConcursRepo - Found Concurs with id=2 and with participant=2
2024-03-24 20:29:02,679 [1] INFO  MPP_CSharp.Repository.ConcursRepo - Trying to find all Concurs for age: 12
2024-03-24 20:29:02,680 [1] INFO  MPP_CSharp.Repository.ConcursRepo - Found Concurs with id=1
2024-03-24 20:29:02,681 [1] INFO  MPP_CSharp.Repository.ConcursRepo - Found Concurs with id=2
2024-03-24 20:29:02,681 [1] INFO  MPP_CSharp.Program - Application started
2024-03-24 20:29:02,681 [1] INFO  MPP_CSharp.Repository.UserRepo - Fetching all Users from DB
2024-03-24 20:29:02,682 [1] INFO  MPP_CSharp.Repository.UserRepo - Found user with id=1
2024-03-24 20:29:02,682 [1] INFO  MPP_CSharp.Repository.UserRepo - Found user with id=2
2024-03-24 20:29:02,682 [1] INFO  MPP_CSharp.Program - claudiu
2024-03-24 20:29:02,683 [1] INFO  MPP_CSharp.Program - george
2024-03-24 20:29:02,726 [1] INFO  MPP_CSharp.Form1 - Starting Login Form
2024-03-24 20:29:02,789 [1] INFO  MPP_CSharp.Form1 - Finished Login Form
2024-03-24 20:31:57,908 [1] INFO  MPP_CSharp.Repository.UserRepo - Initializing new UserRepo...
2024-03-24 20:31:57,976 [1] INFO  MPP_CSharp.Program - Testing...
2024-03-24 20:31:57,977 [1] INFO  MPP_CSharp.Repository.UserRepo - Initializing new UserRepo...
2024-03-24 20:31:57,989 [1] INFO  MPP_CSharp.Repository.UserRepo - Fetching all Users from DB
2024-03-24 20:31:57,990 [1] INFO  MPP_CSharp.Repository.BdRepo - Trying to open Connection to server: Data Source=C:\Users\claud\RiderProjects\mpp-proiect-csharp-clau100\MPP_CSharp\Testing.sqlite;
2024-03-24 20:31:58,058 [1] INFO  MPP_CSharp.Repository.UserRepo - Found user with id=1
2024-03-24 20:31:58,058 [1] INFO  MPP_CSharp.Repository.UserRepo - Found user with id=2
2024-03-24 20:31:58,061 [1] INFO  MPP_CSharp.Repository.UserRepo - Trying to find User with id=1
2024-03-24 20:31:58,064 [1] INFO  MPP_CSharp.Repository.UserRepo - Found user with id=1
2024-03-24 20:31:58,065 [1] INFO  MPP_CSharp.Repository.UserRepo - Trying to login User: claudiu
2024-03-24 20:31:58,107 [1] INFO  MPP_CSharp.Repository.UserRepo - Logged in!
2024-03-24 20:31:58,108 [1] INFO  MPP_CSharp.Repository.ParticipantRepo - Inizializing new ParticipantRepo...
2024-03-24 20:31:58,110 [1] INFO  MPP_CSharp.Repository.ParticipantRepo - Fetching all Participanti from DB
2024-03-24 20:31:58,111 [1] INFO  MPP_CSharp.Repository.ParticipantRepo - Found participant with id=1 and concurs with id=1
2024-03-24 20:31:58,112 [1] INFO  MPP_CSharp.Repository.ParticipantRepo - Found participant with id=2 and concurs with id=2
2024-03-24 20:31:58,113 [1] INFO  MPP_CSharp.Repository.ParticipantRepo - Trying to find Participant with id=1
2024-03-24 20:31:58,114 [1] INFO  MPP_CSharp.Repository.ParticipantRepo - Found participant with id=1
2024-03-24 20:31:58,115 [1] INFO  MPP_CSharp.Repository.ParticipantRepo - Trying to find all Participant from list
2024-03-24 20:31:58,115 [1] INFO  MPP_CSharp.Repository.ParticipantRepo - Trying to find Participant with id=1
2024-03-24 20:31:58,115 [1] INFO  MPP_CSharp.Repository.ParticipantRepo - Trying to find Participant with id=1
2024-03-24 20:31:58,115 [1] INFO  MPP_CSharp.Repository.ParticipantRepo - Found participant with id=1
2024-03-24 20:31:58,116 [1] INFO  MPP_CSharp.Repository.ParticipantRepo - Trying to find Participant with id=2
2024-03-24 20:31:58,116 [1] INFO  MPP_CSharp.Repository.ParticipantRepo - Trying to find Participant with id=2
2024-03-24 20:31:58,116 [1] INFO  MPP_CSharp.Repository.ParticipantRepo - Found participant with id=2
2024-03-24 20:31:58,117 [1] INFO  MPP_CSharp.Repository.ConcursRepo - Initializing ConcursRepo...
2024-03-24 20:31:58,118 [1] INFO  MPP_CSharp.Repository.ConcursRepo - Fetching all Concurs from DB
2024-03-24 20:31:58,119 [1] INFO  MPP_CSharp.Repository.ConcursRepo - Found Concurs with id=1
2024-03-24 20:31:58,119 [1] INFO  MPP_CSharp.Repository.ConcursRepo - Found Concurs with id=2
2024-03-24 20:31:58,120 [1] INFO  MPP_CSharp.Repository.ConcursRepo - Trying to find Concurs with id=2
2024-03-24 20:31:58,121 [1] INFO  MPP_CSharp.Repository.ConcursRepo - Found Concurs with id=2 and with participant=2
2024-03-24 20:31:58,122 [1] INFO  MPP_CSharp.Repository.ConcursRepo - Trying to find all Concurs for age: 12
2024-03-24 20:31:58,123 [1] INFO  MPP_CSharp.Repository.ConcursRepo - Found Concurs with id=1
2024-03-24 20:31:58,123 [1] INFO  MPP_CSharp.Repository.ConcursRepo - Found Concurs with id=2
2024-03-24 20:31:58,123 [1] INFO  MPP_CSharp.Program - Application started
2024-03-24 20:31:58,124 [1] INFO  MPP_CSharp.Repository.UserRepo - Fetching all Users from DB
2024-03-24 20:31:58,124 [1] INFO  MPP_CSharp.Repository.UserRepo - Found user with id=1
2024-03-24 20:31:58,124 [1] INFO  MPP_CSharp.Repository.UserRepo - Found user with id=2
2024-03-24 20:31:58,125 [1] INFO  MPP_CSharp.Program - claudiu
2024-03-24 20:31:58,125 [1] INFO  MPP_CSharp.Program - george
2024-03-24 20:31:58,169 [1] INFO  MPP_CSharp.Form1 - Starting Login Form
2024-03-24 20:31:58,235 [1] INFO  MPP_CSharp.Form1 - Finished Login Form
2024-03-24 20:32:02,117 [1] INFO  MPP_CSharp.Repository.UserRepo - Trying to login User: a
2024-03-24 20:32:02,118 [1] ERROR MPP_CSharp.Repository.UserRepo - Could not find User: a
2024-03-24 20:32:03,184 [1] INFO  MPP_CSharp.Repository.UserRepo - Trying to login User: a
2024-03-24 20:32:03,184 [1] ERROR MPP_CSharp.Repository.UserRepo - Could not find User: a
2024-03-24 20:32:04,701 [1] INFO  MPP_CSharp.Program - Application closed
2024-03-24 20:32:15,795 [1] INFO  MPP_CSharp.Repository.UserRepo - Initializing new UserRepo...
2024-03-24 20:32:15,861 [1] INFO  MPP_CSharp.Program - Testing...
2024-03-24 20:32:15,863 [1] INFO  MPP_CSharp.Repository.UserRepo - Initializing new UserRepo...
2024-03-24 20:32:15,875 [1] INFO  MPP_CSharp.Repository.UserRepo - Fetching all Users from DB
2024-03-24 20:32:15,876 [1] INFO  MPP_CSharp.Repository.BdRepo - Trying to open Connection to server: Data Source=C:\Users\claud\RiderProjects\mpp-proiect-csharp-clau100\MPP_CSharp\Testing.sqlite;
2024-03-24 20:32:15,942 [1] INFO  MPP_CSharp.Repository.UserRepo - Found user with id=1
2024-03-24 20:32:15,943 [1] INFO  MPP_CSharp.Repository.UserRepo - Found user with id=2
2024-03-24 20:32:15,945 [1] INFO  MPP_CSharp.Repository.UserRepo - Trying to find User with id=1
2024-03-24 20:32:15,949 [1] INFO  MPP_CSharp.Repository.UserRepo - Found user with id=1
2024-03-24 20:32:15,950 [1] INFO  MPP_CSharp.Repository.UserRepo - Trying to login User: claudiu
2024-03-24 20:32:15,991 [1] INFO  MPP_CSharp.Repository.UserRepo - Logged in!
2024-03-24 20:32:15,992 [1] INFO  MPP_CSharp.Repository.ParticipantRepo - Inizializing new ParticipantRepo...
2024-03-24 20:32:15,993 [1] INFO  MPP_CSharp.Repository.ParticipantRepo - Fetching all Participanti from DB
2024-03-24 20:32:15,994 [1] INFO  MPP_CSharp.Repository.ParticipantRepo - Found participant with id=1 and concurs with id=1
2024-03-24 20:32:15,994 [1] INFO  MPP_CSharp.Repository.ParticipantRepo - Found participant with id=2 and concurs with id=2
2024-03-24 20:32:15,996 [1] INFO  MPP_CSharp.Repository.ParticipantRepo - Trying to find Participant with id=1
2024-03-24 20:32:15,996 [1] INFO  MPP_CSharp.Repository.ParticipantRepo - Found participant with id=1
2024-03-24 20:32:15,996 [1] INFO  MPP_CSharp.Repository.ParticipantRepo - Trying to find all Participant from list
2024-03-24 20:32:15,997 [1] INFO  MPP_CSharp.Repository.ParticipantRepo - Trying to find Participant with id=1
2024-03-24 20:32:15,997 [1] INFO  MPP_CSharp.Repository.ParticipantRepo - Trying to find Participant with id=1
2024-03-24 20:32:15,998 [1] INFO  MPP_CSharp.Repository.ParticipantRepo - Found participant with id=1
2024-03-24 20:32:15,998 [1] INFO  MPP_CSharp.Repository.ParticipantRepo - Trying to find Participant with id=2
2024-03-24 20:32:15,998 [1] INFO  MPP_CSharp.Repository.ParticipantRepo - Trying to find Participant with id=2
2024-03-24 20:32:15,999 [1] INFO  MPP_CSharp.Repository.ParticipantRepo - Found participant with id=2
2024-03-24 20:32:15,999 [1] INFO  MPP_CSharp.Repository.ConcursRepo - Initializing ConcursRepo...
2024-03-24 20:32:16,000 [1] INFO  MPP_CSharp.Repository.ConcursRepo - Fetching all Concurs from DB
2024-03-24 20:32:16,000 [1] INFO  MPP_CSharp.Repository.ConcursRepo - Found Concurs with id=1
2024-03-24 20:32:16,001 [1] INFO  MPP_CSharp.Repository.ConcursRepo - Found Concurs with id=2
2024-03-24 20:32:16,002 [1] INFO  MPP_CSharp.Repository.ConcursRepo - Trying to find Concurs with id=2
2024-03-24 20:32:16,002 [1] INFO  MPP_CSharp.Repository.ConcursRepo - Found Concurs with id=2 and with participant=2
2024-03-24 20:32:16,003 [1] INFO  MPP_CSharp.Repository.ConcursRepo - Trying to find all Concurs for age: 12
2024-03-24 20:32:16,004 [1] INFO  MPP_CSharp.Repository.ConcursRepo - Found Concurs with id=1
2024-03-24 20:32:16,005 [1] INFO  MPP_CSharp.Repository.ConcursRepo - Found Concurs with id=2
2024-03-24 20:32:16,005 [1] INFO  MPP_CSharp.Program - Application started
2024-03-24 20:32:16,005 [1] INFO  MPP_CSharp.Repository.UserRepo - Fetching all Users from DB
2024-03-24 20:32:16,005 [1] INFO  MPP_CSharp.Repository.UserRepo - Found user with id=1
2024-03-24 20:32:16,006 [1] INFO  MPP_CSharp.Repository.UserRepo - Found user with id=2
2024-03-24 20:32:16,006 [1] INFO  MPP_CSharp.Program - claudiu
2024-03-24 20:32:16,006 [1] INFO  MPP_CSharp.Program - george
2024-03-24 20:32:16,052 [1] INFO  MPP_CSharp.Form1 - Starting Login Form
2024-03-24 20:32:16,118 [1] INFO  MPP_CSharp.Form1 - Finished Login Form
2024-03-24 20:32:19,138 [1] INFO  MPP_CSharp.Repository.UserRepo - Trying to login User: a
2024-03-24 20:32:19,139 [1] ERROR MPP_CSharp.Repository.UserRepo - Could not find User: a
2024-03-24 20:32:28,090 [1] INFO  MPP_CSharp.Repository.UserRepo - Trying to login User: claudiu
2024-03-24 20:32:28,136 [1] INFO  MPP_CSharp.Repository.UserRepo - Logged in!
2024-03-24 20:32:30,966 [1] INFO  MPP_CSharp.Program - Application closed
2024-03-24 20:48:53,136 [1] INFO  MPP_CSharp.Repository.UserRepo - Initializing new UserRepo...
2024-03-24 20:48:53,199 [1] INFO  MPP_CSharp.Program - Testing...
2024-03-24 20:48:53,199 [1] INFO  MPP_CSharp.Repository.UserRepo - Initializing new UserRepo...
2024-03-24 20:48:53,213 [1] INFO  MPP_CSharp.Repository.UserRepo - Fetching all Users from DB
2024-03-24 20:48:53,213 [1] INFO  MPP_CSharp.Repository.BdRepo - Trying to open Connection to server: Data Source=C:\Users\claud\RiderProjects\mpp-proiect-csharp-clau100\MPP_CSharp\Testing.sqlite;
2024-03-24 20:48:53,286 [1] INFO  MPP_CSharp.Repository.UserRepo - Found user with id=1
2024-03-24 20:48:53,286 [1] INFO  MPP_CSharp.Repository.UserRepo - Found user with id=2
2024-03-24 20:48:53,289 [1] INFO  MPP_CSharp.Repository.UserRepo - Trying to find User with id=1
2024-03-24 20:48:53,292 [1] INFO  MPP_CSharp.Repository.UserRepo - Found user with id=1
2024-03-24 20:48:53,294 [1] INFO  MPP_CSharp.Repository.UserRepo - Trying to login User: claudiu
2024-03-24 20:48:53,336 [1] INFO  MPP_CSharp.Repository.UserRepo - Logged in!
2024-03-24 20:48:53,336 [1] INFO  MPP_CSharp.Repository.ParticipantRepo - Inizializing new ParticipantRepo...
2024-03-24 20:48:53,338 [1] INFO  MPP_CSharp.Repository.ParticipantRepo - Fetching all Participanti from DB
2024-03-24 20:48:53,339 [1] INFO  MPP_CSharp.Repository.ParticipantRepo - Found participant with id=1 and concurs with id=1
2024-03-24 20:48:53,339 [1] INFO  MPP_CSharp.Repository.ParticipantRepo - Found participant with id=2 and concurs with id=2
2024-03-24 20:48:53,340 [1] INFO  MPP_CSharp.Repository.ParticipantRepo - Trying to find Participant with id=1
2024-03-24 20:48:53,340 [1] INFO  MPP_CSharp.Repository.ParticipantRepo - Found participant with id=1
2024-03-24 20:48:53,342 [1] INFO  MPP_CSharp.Repository.ParticipantRepo - Trying to find all Participant from list
2024-03-24 20:48:53,342 [1] INFO  MPP_CSharp.Repository.ParticipantRepo - Trying to find Participant with id=1
2024-03-24 20:48:53,342 [1] INFO  MPP_CSharp.Repository.ParticipantRepo - Trying to find Participant with id=1
2024-03-24 20:48:53,342 [1] INFO  MPP_CSharp.Repository.ParticipantRepo - Found participant with id=1
2024-03-24 20:48:53,343 [1] INFO  MPP_CSharp.Repository.ParticipantRepo - Trying to find Participant with id=2
2024-03-24 20:48:53,343 [1] INFO  MPP_CSharp.Repository.ParticipantRepo - Trying to find Participant with id=2
2024-03-24 20:48:53,344 [1] INFO  MPP_CSharp.Repository.ParticipantRepo - Found participant with id=2
2024-03-24 20:48:53,344 [1] INFO  MPP_CSharp.Repository.ConcursRepo - Initializing ConcursRepo...
2024-03-24 20:48:53,345 [1] INFO  MPP_CSharp.Repository.ConcursRepo - Fetching all Concurs from DB
2024-03-24 20:48:53,346 [1] INFO  MPP_CSharp.Repository.ConcursRepo - Found Concurs with id=1
2024-03-24 20:48:53,346 [1] INFO  MPP_CSharp.Repository.ConcursRepo - Found Concurs with id=2
2024-03-24 20:48:53,347 [1] INFO  MPP_CSharp.Repository.ConcursRepo - Trying to find Concurs with id=2
2024-03-24 20:48:53,348 [1] INFO  MPP_CSharp.Repository.ConcursRepo - Found Concurs with id=2 and with participant=2
2024-03-24 20:48:53,349 [1] INFO  MPP_CSharp.Repository.ConcursRepo - Trying to find all Concurs for age: 12
2024-03-24 20:48:53,349 [1] INFO  MPP_CSharp.Repository.ConcursRepo - Found Concurs with id=1
2024-03-24 20:48:53,350 [1] INFO  MPP_CSharp.Repository.ConcursRepo - Found Concurs with id=2
2024-03-24 20:48:53,350 [1] INFO  MPP_CSharp.Program - Application started
2024-03-24 20:48:53,350 [1] INFO  MPP_CSharp.Repository.UserRepo - Fetching all Users from DB
2024-03-24 20:48:53,351 [1] INFO  MPP_CSharp.Repository.UserRepo - Found user with id=1
2024-03-24 20:48:53,352 [1] INFO  MPP_CSharp.Repository.UserRepo - Found user with id=2
2024-03-24 20:48:53,352 [1] INFO  MPP_CSharp.Program - claudiu
2024-03-24 20:48:53,352 [1] INFO  MPP_CSharp.Program - george
2024-03-24 20:48:53,396 [1] INFO  MPP_CSharp.Form1 - Starting Login Form
2024-03-24 20:48:53,462 [1] INFO  MPP_CSharp.Form1 - Finished Login Form
2024-03-24 20:49:52,348 [1] INFO  MPP_CSharp.Repository.UserRepo - Initializing new UserRepo...
2024-03-24 20:49:52,405 [1] INFO  MPP_CSharp.Program - Testing...
2024-03-24 20:49:52,405 [1] INFO  MPP_CSharp.Repository.UserRepo - Initializing new UserRepo...
2024-03-24 20:49:52,418 [1] INFO  MPP_CSharp.Repository.UserRepo - Fetching all Users from DB
2024-03-24 20:49:52,418 [1] INFO  MPP_CSharp.Repository.BdRepo - Trying to open Connection to server: Data Source=C:\Users\claud\RiderProjects\mpp-proiect-csharp-clau100\MPP_CSharp\Testing.sqlite;
2024-03-24 20:49:52,484 [1] INFO  MPP_CSharp.Repository.UserRepo - Found user with id=1
2024-03-24 20:49:52,485 [1] INFO  MPP_CSharp.Repository.UserRepo - Found user with id=2
2024-03-24 20:49:52,488 [1] INFO  MPP_CSharp.Repository.UserRepo - Trying to find User with id=1
2024-03-24 20:49:52,491 [1] INFO  MPP_CSharp.Repository.UserRepo - Found user with id=1
2024-03-24 20:49:52,491 [1] INFO  MPP_CSharp.Repository.UserRepo - Trying to login User: claudiu
2024-03-24 20:49:52,534 [1] INFO  MPP_CSharp.Repository.UserRepo - Logged in!
2024-03-24 20:49:52,535 [1] INFO  MPP_CSharp.Repository.ParticipantRepo - Inizializing new ParticipantRepo...
2024-03-24 20:49:52,536 [1] INFO  MPP_CSharp.Repository.ParticipantRepo - Fetching all Participanti from DB
2024-03-24 20:49:52,537 [1] INFO  MPP_CSharp.Repository.ParticipantRepo - Found participant with id=1 and concurs with id=1
2024-03-24 20:49:52,537 [1] INFO  MPP_CSharp.Repository.ParticipantRepo - Found participant with id=2 and concurs with id=2
2024-03-24 20:49:52,538 [1] INFO  MPP_CSharp.Repository.ParticipantRepo - Trying to find Participant with id=1
2024-03-24 20:49:52,538 [1] INFO  MPP_CSharp.Repository.ParticipantRepo - Found participant with id=1
2024-03-24 20:49:52,539 [1] INFO  MPP_CSharp.Repository.ParticipantRepo - Trying to find all Participant from list
2024-03-24 20:49:52,539 [1] INFO  MPP_CSharp.Repository.ParticipantRepo - Trying to find Participant with id=1
2024-03-24 20:49:52,539 [1] INFO  MPP_CSharp.Repository.ParticipantRepo - Trying to find Participant with id=1
2024-03-24 20:49:52,540 [1] INFO  MPP_CSharp.Repository.ParticipantRepo - Found participant with id=1
2024-03-24 20:49:52,540 [1] INFO  MPP_CSharp.Repository.ParticipantRepo - Trying to find Participant with id=2
2024-03-24 20:49:52,540 [1] INFO  MPP_CSharp.Repository.ParticipantRepo - Trying to find Participant with id=2
2024-03-24 20:49:52,541 [1] INFO  MPP_CSharp.Repository.ParticipantRepo - Found participant with id=2
2024-03-24 20:49:52,541 [1] INFO  MPP_CSharp.Repository.ConcursRepo - Initializing ConcursRepo...
2024-03-24 20:49:52,542 [1] INFO  MPP_CSharp.Repository.ConcursRepo - Fetching all Concurs from DB
2024-03-24 20:49:52,543 [1] INFO  MPP_CSharp.Repository.ConcursRepo - Found Concurs with id=1
2024-03-24 20:49:52,543 [1] INFO  MPP_CSharp.Repository.ConcursRepo - Found Concurs with id=2
2024-03-24 20:49:52,544 [1] INFO  MPP_CSharp.Repository.ConcursRepo - Trying to find Concurs with id=2
2024-03-24 20:49:52,544 [1] INFO  MPP_CSharp.Repository.ConcursRepo - Found Concurs with id=2 and with participant=2
2024-03-24 20:49:52,546 [1] INFO  MPP_CSharp.Repository.ConcursRepo - Trying to find all Concurs for age: 12
2024-03-24 20:49:52,546 [1] INFO  MPP_CSharp.Repository.ConcursRepo - Found Concurs with id=1
2024-03-24 20:49:52,546 [1] INFO  MPP_CSharp.Repository.ConcursRepo - Found Concurs with id=2
2024-03-24 20:49:52,547 [1] INFO  MPP_CSharp.Program - Application started
2024-03-24 20:49:52,547 [1] INFO  MPP_CSharp.Repository.UserRepo - Fetching all Users from DB
2024-03-24 20:49:52,548 [1] INFO  MPP_CSharp.Repository.UserRepo - Found user with id=1
2024-03-24 20:49:52,548 [1] INFO  MPP_CSharp.Repository.UserRepo - Found user with id=2
2024-03-24 20:49:52,548 [1] INFO  MPP_CSharp.Program - claudiu
2024-03-24 20:49:52,548 [1] INFO  MPP_CSharp.Program - george
2024-03-24 20:49:52,590 [1] INFO  MPP_CSharp.Form1 - Starting Login Form
2024-03-24 20:49:52,657 [1] INFO  MPP_CSharp.Form1 - Finished Login Form
2024-03-24 20:49:57,064 [1] INFO  MPP_CSharp.Repository.UserRepo - Trying to login User: a
2024-03-24 20:49:57,065 [1] ERROR MPP_CSharp.Repository.UserRepo - Could not find User: a
2024-03-24 20:50:04,902 [1] INFO  MPP_CSharp.Repository.UserRepo - Trying to login User: claudiu
2024-03-24 20:50:04,942 [1] INFO  MPP_CSharp.Repository.UserRepo - Logged in!
2024-03-24 20:50:06,288 [1] INFO  MPP_CSharp.Program - Application closed
