2024-04-01 10:22:35,586 [1] INFO  MPP_CSharp.Repository.UserRepo - Initializing new UserRepo...
2024-04-01 10:22:35,605 [1] INFO  MPP_CSharp.Repository.UserRepo - Initializing new UserRepo...
2024-04-01 10:22:35,693 [1] INFO  MPP_CSharp.Repository.ConcursRepo - Initializing ConcursRepo...
2024-04-01 10:22:35,694 [1] INFO  MPP_CSharp.Repository.ConcursRepo - Initializing ConcursRepo...
2024-04-01 10:22:35,697 [1] INFO  MPP_CSharp.Repository.ParticipantRepo - Inizializing new ParticipantRepo...
2024-04-01 10:22:35,697 [1] INFO  MPP_CSharp.Repository.ParticipantRepo - Inizializing new ParticipantRepo...
2024-04-01 10:22:35,704 [1] INFO  MPP_CSharp.Program - Testing...
2024-04-01 10:22:35,705 [1] INFO  MPP_CSharp.Repository.UserRepo - Initializing new UserRepo...
2024-04-01 10:22:35,723 [1] INFO  MPP_CSharp.Repository.UserRepo - Fetching all Users from DB
2024-04-01 10:22:35,724 [1] INFO  MPP_CSharp.Repository.BdRepo - Trying to open Connection to server: Data Source=C:\Users\user\RiderProjects\mpp-proiect-csharp-clau100\MPP_CSharp\Testing.sqlite;
2024-04-01 10:22:35,855 [1] INFO  MPP_CSharp.Repository.UserRepo - Found user with id=1
2024-04-01 10:22:35,856 [1] INFO  MPP_CSharp.Repository.UserRepo - Found user with id=2
2024-04-01 10:22:35,862 [1] INFO  MPP_CSharp.Repository.UserRepo - Trying to find User with id=1
2024-04-01 10:22:35,874 [1] INFO  MPP_CSharp.Repository.UserRepo - Found user with id=1
2024-04-01 10:22:35,876 [1] INFO  MPP_CSharp.Repository.UserRepo - Trying to login User: claudiu
2024-04-01 10:22:35,969 [1] INFO  MPP_CSharp.Repository.UserRepo - Logged in!
2024-04-01 10:22:35,971 [1] INFO  MPP_CSharp.Repository.ParticipantRepo - Inizializing new ParticipantRepo...
2024-04-01 10:22:35,973 [1] INFO  MPP_CSharp.Repository.ParticipantRepo - Fetching all Participanti from DB
2024-04-01 10:22:35,976 [1] INFO  MPP_CSharp.Repository.ParticipantRepo - Found participant with id=1 and concurs with id=1
2024-04-01 10:22:35,978 [1] INFO  MPP_CSharp.Repository.ParticipantRepo - Found participant with id=2 and concurs with id=1
2024-04-01 10:22:35,979 [1] INFO  MPP_CSharp.Repository.ParticipantRepo - Found participant with id=25 and concurs with id=2
2024-04-01 10:22:35,981 [1] ERROR MPP_CSharp.Tests.TestParticipantRepo - GetAll does not work!
2024-04-01 10:22:35,982 [1] INFO  MPP_CSharp.Repository.ParticipantRepo - Trying to find Participant with id=1
2024-04-01 10:22:35,983 [1] INFO  MPP_CSharp.Repository.ParticipantRepo - Found participant with id=1
2024-04-01 10:22:35,985 [1] INFO  MPP_CSharp.Repository.ParticipantRepo - Trying to find all Participant from list
2024-04-01 10:22:35,985 [1] INFO  MPP_CSharp.Repository.ParticipantRepo - Trying to find Participant with id=1
2024-04-01 10:22:35,986 [1] INFO  MPP_CSharp.Repository.ParticipantRepo - Trying to find Participant with id=1
2024-04-01 10:22:35,987 [1] INFO  MPP_CSharp.Repository.ParticipantRepo - Found participant with id=1
2024-04-01 10:22:35,988 [1] INFO  MPP_CSharp.Repository.ParticipantRepo - Trying to find Participant with id=2
2024-04-01 10:22:35,989 [1] INFO  MPP_CSharp.Repository.ParticipantRepo - Trying to find Participant with id=2
2024-04-01 10:22:35,991 [1] INFO  MPP_CSharp.Repository.ParticipantRepo - Found participant with id=2
2024-04-01 10:22:35,994 [1] INFO  MPP_CSharp.Repository.ConcursRepo - Initializing ConcursRepo...
2024-04-01 10:22:35,997 [1] INFO  MPP_CSharp.Repository.ConcursRepo - Fetching all Concurs from DB
2024-04-01 10:22:35,998 [1] INFO  MPP_CSharp.Repository.ConcursRepo - Found Concurs with id=1
2024-04-01 10:22:35,999 [1] INFO  MPP_CSharp.Repository.ConcursRepo - Found Concurs with id=2
2024-04-01 10:22:36,000 [1] INFO  MPP_CSharp.Repository.ConcursRepo - Participant cu id=2
2024-04-01 10:22:36,001 [1] INFO  MPP_CSharp.Repository.ConcursRepo - Participant cu id=25
2024-04-01 10:22:36,003 [1] INFO  MPP_CSharp.Repository.ConcursRepo - Trying to find Concurs with id=2
2024-04-01 10:22:36,004 [1] INFO  MPP_CSharp.Repository.ConcursRepo - Found Concurs with id=2 and with participant=2
2024-04-01 10:22:36,005 [1] INFO  MPP_CSharp.Repository.ConcursRepo - Found Concurs with id=2 and with participant=25
2024-04-01 10:22:36,008 [1] INFO  MPP_CSharp.Repository.ConcursRepo - Trying to find all Concurs for age: 12
2024-04-01 10:22:36,011 [1] INFO  MPP_CSharp.Repository.ConcursRepo - Found Concurs with id=1
2024-04-01 10:22:36,014 [1] INFO  MPP_CSharp.Repository.ConcursRepo - Found Concurs with id=2
2024-04-01 10:28:03,375 [1] INFO  MPP_CSharp.Repository.UserRepo - Initializing new UserRepo...
2024-04-01 10:28:03,391 [1] INFO  MPP_CSharp.Repository.UserRepo - Initializing new UserRepo...
2024-04-01 10:28:03,452 [1] INFO  MPP_CSharp.Repository.ConcursRepo - Initializing ConcursRepo...
2024-04-01 10:28:03,452 [1] INFO  MPP_CSharp.Repository.ConcursRepo - Initializing ConcursRepo...
2024-04-01 10:28:03,454 [1] INFO  MPP_CSharp.Repository.ParticipantRepo - Inizializing new ParticipantRepo...
2024-04-01 10:28:03,455 [1] INFO  MPP_CSharp.Repository.ParticipantRepo - Inizializing new ParticipantRepo...
2024-04-01 10:28:03,461 [1] INFO  MPP_CSharp.Program - Testing...
2024-04-01 10:28:03,462 [1] INFO  MPP_CSharp.Repository.UserRepo - Initializing new UserRepo...
2024-04-01 10:28:03,479 [1] INFO  MPP_CSharp.Repository.UserRepo - Fetching all Users from DB
2024-04-01 10:28:03,480 [1] INFO  MPP_CSharp.Repository.BdRepo - Trying to open Connection to server: Data Source=C:\Users\user\RiderProjects\mpp-proiect-csharp-clau100\MPP_CSharp\Testing.sqlite;
2024-04-01 10:28:03,578 [1] INFO  MPP_CSharp.Repository.UserRepo - Found user with id=1
2024-04-01 10:28:03,579 [1] INFO  MPP_CSharp.Repository.UserRepo - Found user with id=2
2024-04-01 10:28:03,583 [1] INFO  MPP_CSharp.Repository.UserRepo - Trying to find User with id=1
2024-04-01 10:28:03,589 [1] INFO  MPP_CSharp.Repository.UserRepo - Found user with id=1
2024-04-01 10:28:03,590 [1] INFO  MPP_CSharp.Repository.UserRepo - Trying to login User: claudiu
2024-04-01 10:28:03,658 [1] INFO  MPP_CSharp.Repository.UserRepo - Logged in!
2024-04-01 10:28:03,660 [1] INFO  MPP_CSharp.Repository.ParticipantRepo - Inizializing new ParticipantRepo...
2024-04-01 10:28:03,661 [1] INFO  MPP_CSharp.Repository.ParticipantRepo - Fetching all Participanti from DB
2024-04-01 10:28:03,664 [1] INFO  MPP_CSharp.Repository.ParticipantRepo - Found participant with id=1 and concurs with id=1
2024-04-01 10:28:03,665 [1] INFO  MPP_CSharp.Repository.ParticipantRepo - Found participant with id=2 and concurs with id=1
2024-04-01 10:28:03,666 [1] INFO  MPP_CSharp.Repository.ParticipantRepo - Found participant with id=25 and concurs with id=2
2024-04-01 10:29:34,611 [1] INFO  MPP_CSharp.Repository.UserRepo - Initializing new UserRepo...
2024-04-01 10:29:34,632 [1] INFO  MPP_CSharp.Repository.UserRepo - Initializing new UserRepo...
2024-04-01 10:29:34,720 [1] INFO  MPP_CSharp.Repository.ConcursRepo - Initializing ConcursRepo...
2024-04-01 10:29:34,721 [1] INFO  MPP_CSharp.Repository.ConcursRepo - Initializing ConcursRepo...
2024-04-01 10:29:34,723 [1] INFO  MPP_CSharp.Repository.ParticipantRepo - Inizializing new ParticipantRepo...
2024-04-01 10:29:34,724 [1] INFO  MPP_CSharp.Repository.ParticipantRepo - Inizializing new ParticipantRepo...
2024-04-01 10:29:34,732 [1] INFO  MPP_CSharp.Program - Testing...
2024-04-01 10:29:34,733 [1] INFO  MPP_CSharp.Repository.UserRepo - Initializing new UserRepo...
2024-04-01 10:29:34,747 [1] INFO  MPP_CSharp.Repository.UserRepo - Fetching all Users from DB
2024-04-01 10:29:34,748 [1] INFO  MPP_CSharp.Repository.BdRepo - Trying to open Connection to server: Data Source=C:\Users\user\RiderProjects\mpp-proiect-csharp-clau100\MPP_CSharp\Testing.sqlite;
2024-04-01 10:29:34,833 [1] INFO  MPP_CSharp.Repository.UserRepo - Found user with id=1
2024-04-01 10:29:34,834 [1] INFO  MPP_CSharp.Repository.UserRepo - Found user with id=2
2024-04-01 10:29:34,838 [1] INFO  MPP_CSharp.Repository.UserRepo - Trying to find User with id=1
2024-04-01 10:29:34,843 [1] INFO  MPP_CSharp.Repository.UserRepo - Found user with id=1
2024-04-01 10:29:34,844 [1] INFO  MPP_CSharp.Repository.UserRepo - Trying to login User: claudiu
2024-04-01 10:29:34,900 [1] INFO  MPP_CSharp.Repository.UserRepo - Logged in!
2024-04-01 10:29:34,901 [1] INFO  MPP_CSharp.Repository.ParticipantRepo - Inizializing new ParticipantRepo...
2024-04-01 10:29:34,902 [1] INFO  MPP_CSharp.Repository.ParticipantRepo - Fetching all Participanti from DB
2024-04-01 10:29:34,904 [1] INFO  MPP_CSharp.Repository.ParticipantRepo - Found participant with id=1 and concurs with id=1
2024-04-01 10:29:34,905 [1] INFO  MPP_CSharp.Repository.ParticipantRepo - Found participant with id=2 and concurs with id=2
2024-04-01 10:29:34,906 [1] INFO  MPP_CSharp.Repository.ParticipantRepo - Trying to find Participant with id=1
2024-04-01 10:29:34,907 [1] INFO  MPP_CSharp.Repository.ParticipantRepo - Found participant with id=1
2024-04-01 10:29:34,909 [1] INFO  MPP_CSharp.Repository.ParticipantRepo - Trying to find all Participant from list
2024-04-01 10:29:34,909 [1] INFO  MPP_CSharp.Repository.ParticipantRepo - Trying to find Participant with id=1
2024-04-01 10:29:34,910 [1] INFO  MPP_CSharp.Repository.ParticipantRepo - Trying to find Participant with id=1
2024-04-01 10:29:34,910 [1] INFO  MPP_CSharp.Repository.ParticipantRepo - Found participant with id=1
2024-04-01 10:29:34,911 [1] INFO  MPP_CSharp.Repository.ParticipantRepo - Trying to find Participant with id=2
2024-04-01 10:29:34,911 [1] INFO  MPP_CSharp.Repository.ParticipantRepo - Trying to find Participant with id=2
2024-04-01 10:29:34,912 [1] INFO  MPP_CSharp.Repository.ParticipantRepo - Found participant with id=2
2024-04-01 10:29:34,913 [1] INFO  MPP_CSharp.Repository.ConcursRepo - Initializing ConcursRepo...
2024-04-01 10:29:34,915 [1] INFO  MPP_CSharp.Repository.ConcursRepo - Fetching all Concurs from DB
2024-04-01 10:29:34,916 [1] INFO  MPP_CSharp.Repository.ConcursRepo - Found Concurs with id=1
2024-04-01 10:29:34,916 [1] INFO  MPP_CSharp.Repository.ConcursRepo - Found Concurs with id=2
2024-04-01 10:29:34,917 [1] INFO  MPP_CSharp.Repository.ConcursRepo - Trying to find Concurs with id=2
2024-04-01 10:29:34,918 [1] INFO  MPP_CSharp.Repository.ConcursRepo - Found Concurs with id=2 and with participant=2
2024-04-01 10:29:34,920 [1] INFO  MPP_CSharp.Repository.ConcursRepo - Trying to find all Concurs for age: 12
2024-04-01 10:29:34,923 [1] INFO  MPP_CSharp.Repository.ConcursRepo - Found Concurs with id=1
2024-04-01 10:29:34,924 [1] INFO  MPP_CSharp.Repository.ConcursRepo - Found Concurs with id=2
2024-04-01 10:29:34,924 [1] INFO  MPP_CSharp.Program - Application started
2024-04-01 10:29:34,925 [1] INFO  MPP_CSharp.Repository.UserRepo - Fetching all Users from DB
2024-04-01 10:29:34,926 [1] INFO  MPP_CSharp.Repository.UserRepo - Found user with id=1
2024-04-01 10:29:34,926 [1] INFO  MPP_CSharp.Repository.UserRepo - Found user with id=2
2024-04-01 10:29:34,927 [1] INFO  MPP_CSharp.Program - claudiu
2024-04-01 10:29:34,927 [1] INFO  MPP_CSharp.Program - george
2024-04-01 10:29:34,932 [1] INFO  MPP_CSharp.Form1 - Starting Login Form
2024-04-01 10:29:34,990 [1] INFO  MPP_CSharp.Form1 - Finished Login Form
2024-04-01 10:29:39,902 [1] INFO  MPP_CSharp.Repository.UserRepo - Trying to login User: claudiu
2024-04-01 10:29:39,967 [1] INFO  MPP_CSharp.Repository.UserRepo - Logged in!
2024-04-01 10:29:39,968 [1] INFO  MPP_CSharp.UserView - Starting UserView...
2024-04-01 10:29:39,975 [1] INFO  MPP_CSharp.Repository.ConcursRepo - Fetching all Concurs from DB
2024-04-01 10:29:39,976 [1] INFO  MPP_CSharp.Repository.ConcursRepo - Found Concurs with id=1
2024-04-01 10:29:39,976 [1] INFO  MPP_CSharp.Repository.ConcursRepo - Found Concurs with id=2
2024-04-01 10:29:39,988 [1] INFO  MPP_CSharp.Repository.ParticipantRepo - Fetching all Participanti from DB
2024-04-01 10:29:39,989 [1] INFO  MPP_CSharp.Repository.ParticipantRepo - Found participant with id=1 and concurs with id=1
2024-04-01 10:29:39,989 [1] INFO  MPP_CSharp.Repository.ParticipantRepo - Found participant with id=2 and concurs with id=2
2024-04-01 10:29:39,990 [1] INFO  MPP_CSharp.UserView - Closing UserView...
2024-04-01 10:29:40,018 [1] INFO  MPP_CSharp.Repository.ConcursRepo - Trying to find Concurs with id=1
2024-04-01 10:29:40,019 [1] INFO  MPP_CSharp.Repository.ConcursRepo - Found Concurs with id=1 and with participant=1
2024-04-01 10:29:40,020 [1] INFO  MPP_CSharp.Repository.ParticipantRepo - Trying to find Participant with id=1
2024-04-01 10:29:40,020 [1] INFO  MPP_CSharp.Repository.ParticipantRepo - Found participant with id=1
2024-04-01 10:29:40,034 [1] INFO  MPP_CSharp.Repository.ConcursRepo - Trying to find Concurs with id=1
2024-04-01 10:29:40,035 [1] INFO  MPP_CSharp.Repository.ConcursRepo - Found Concurs with id=1 and with participant=1
2024-04-01 10:29:40,035 [1] INFO  MPP_CSharp.Repository.ParticipantRepo - Trying to find Participant with id=1
2024-04-01 10:29:40,036 [1] INFO  MPP_CSharp.Repository.ParticipantRepo - Found participant with id=1
2024-04-01 10:29:46,988 [1] INFO  MPP_CSharp.Repository.ConcursRepo - Enrolling participant with id=1 to concurs with id=1
2024-04-01 10:29:55,579 [1] INFO  MPP_CSharp.Repository.ConcursRepo - Trying to find Concurs with id=2
2024-04-01 10:29:55,580 [1] INFO  MPP_CSharp.Repository.ConcursRepo - Found Concurs with id=2 and with participant=2
2024-04-01 10:29:55,580 [1] INFO  MPP_CSharp.Repository.ParticipantRepo - Trying to find Participant with id=2
2024-04-01 10:29:55,581 [1] INFO  MPP_CSharp.Repository.ParticipantRepo - Found participant with id=2
2024-04-01 10:29:58,074 [1] INFO  MPP_CSharp.Repository.ConcursRepo - Enrolling participant with id=1 to concurs with id=2
2024-04-01 10:29:58,084 [1] INFO  MPP_CSharp.Repository.ConcursRepo - Enrolled!
2024-04-01 10:29:58,084 [1] INFO  MPP_CSharp.Repository.ConcursRepo - Fetching all Concurs from DB
2024-04-01 10:29:58,085 [1] INFO  MPP_CSharp.Repository.ConcursRepo - Found Concurs with id=1
2024-04-01 10:29:58,085 [1] INFO  MPP_CSharp.Repository.ConcursRepo - Found Concurs with id=2
2024-04-01 10:29:58,086 [1] INFO  MPP_CSharp.Repository.ConcursRepo - Participant cu id=1
2024-04-01 10:29:58,090 [1] INFO  MPP_CSharp.Repository.ConcursRepo - Trying to find Concurs with id=1
2024-04-01 10:29:58,091 [1] INFO  MPP_CSharp.Repository.ConcursRepo - Found Concurs with id=1 and with participant=1
2024-04-01 10:29:58,092 [1] INFO  MPP_CSharp.Repository.ParticipantRepo - Trying to find Participant with id=1
2024-04-01 10:29:58,093 [1] INFO  MPP_CSharp.Repository.ParticipantRepo - Found participant with id=1
2024-04-01 10:29:58,097 [1] INFO  MPP_CSharp.Repository.ParticipantRepo - Fetching all Participanti from DB
2024-04-01 10:29:58,098 [1] INFO  MPP_CSharp.Repository.ParticipantRepo - Found participant with id=1 and concurs with id=1
2024-04-01 10:29:58,099 [1] INFO  MPP_CSharp.Repository.ParticipantRepo - Found participant with id=2 and concurs with id=2
2024-04-01 10:29:59,721 [1] INFO  MPP_CSharp.Repository.ConcursRepo - Trying to find Concurs with id=2
2024-04-01 10:29:59,723 [1] INFO  MPP_CSharp.Repository.ConcursRepo - Found Concurs with id=2 and with participant=2
2024-04-01 10:29:59,724 [1] INFO  MPP_CSharp.Repository.ConcursRepo - Found Concurs with id=2 and with participant=1
2024-04-01 10:29:59,726 [1] INFO  MPP_CSharp.Repository.ParticipantRepo - Trying to find Participant with id=2
2024-04-01 10:29:59,729 [1] INFO  MPP_CSharp.Repository.ParticipantRepo - Found participant with id=2
2024-04-01 10:29:59,731 [1] INFO  MPP_CSharp.Repository.ParticipantRepo - Trying to find Participant with id=1
2024-04-01 10:29:59,734 [1] INFO  MPP_CSharp.Repository.ParticipantRepo - Found participant with id=1
2024-04-01 10:30:05,550 [1] INFO  MPP_CSharp.Program - Application closed
