2024-03-25 17:19:12,252 [1] INFO  MPP_CSharp.Repository.ConcursRepo - Trying to find all Concurs for age: 12
2024-03-25 17:19:12,269 [1] INFO  MPP_CSharp.Repository.ConcursRepo - Found Concurs with id=1
2024-03-25 17:19:12,271 [1] INFO  MPP_CSharp.Repository.ConcursRepo - Found Concurs with id=2
2024-03-25 17:19:12,272 [1] INFO  MPP_CSharp.Program - Application started
2024-03-25 17:19:12,273 [1] INFO  MPP_CSharp.Repository.UserRepo - Fetching all Users from DB
2024-03-25 17:19:12,274 [1] INFO  MPP_CSharp.Repository.UserRepo - Found user with id=1
2024-03-25 17:19:12,276 [1] INFO  MPP_CSharp.Repository.UserRepo - Found user with id=2
2024-03-25 17:19:12,277 [1] INFO  MPP_CSharp.Program - claudiu
2024-03-25 17:19:12,277 [1] INFO  MPP_CSharp.Program - george
2024-03-25 17:19:12,286 [1] INFO  MPP_CSharp.Form1 - Starting Login Form
2024-03-25 17:19:12,315 [1] INFO  MPP_CSharp.Form1 - Finished Login Form
2024-03-25 17:19:15,471 [1] INFO  MPP_CSharp.Repository.UserRepo - Trying to login User: claudiu
2024-03-25 17:19:15,532 [1] INFO  MPP_CSharp.Repository.UserRepo - Logged in!
2024-03-25 17:19:15,534 [1] INFO  MPP_CSharp.UserView - Starting UserView...
2024-03-25 17:19:15,552 [1] INFO  MPP_CSharp.Repository.ConcursRepo - Fetching all Concurs from DB
2024-03-25 17:19:15,553 [1] INFO  MPP_CSharp.Repository.ConcursRepo - Found Concurs with id=1
2024-03-25 17:19:15,554 [1] INFO  MPP_CSharp.Repository.ConcursRepo - Found Concurs with id=2
2024-03-25 17:19:15,554 [1] INFO  MPP_CSharp.Repository.ConcursRepo - Participant cu id=2
2024-03-25 17:19:15,581 [1] INFO  MPP_CSharp.Repository.ParticipantRepo - Fetching all Participanti from DB
2024-03-25 17:19:15,582 [1] INFO  MPP_CSharp.Repository.ParticipantRepo - Found participant with id=1 and concurs with id=1
2024-03-25 17:19:15,583 [1] INFO  MPP_CSharp.Repository.ParticipantRepo - Found participant with id=2 and concurs with id=1
2024-03-25 17:19:15,584 [1] INFO  MPP_CSharp.UserView - Closing UserView...
2024-03-25 17:19:15,609 [1] INFO  MPP_CSharp.Repository.ConcursRepo - Trying to find Concurs with id=1
2024-03-25 17:19:15,610 [1] INFO  MPP_CSharp.Repository.ConcursRepo - Found Concurs with id=1 and with participant=1
2024-03-25 17:19:15,610 [1] INFO  MPP_CSharp.Repository.ConcursRepo - Found Concurs with id=1 and with participant=2
2024-03-25 17:19:15,611 [1] INFO  MPP_CSharp.Repository.ParticipantRepo - Trying to find Participant with id=1
2024-03-25 17:19:15,611 [1] INFO  MPP_CSharp.Repository.ParticipantRepo - Found participant with id=1
2024-03-25 17:19:15,612 [1] INFO  MPP_CSharp.Repository.ParticipantRepo - Trying to find Participant with id=2
2024-03-25 17:19:15,613 [1] INFO  MPP_CSharp.Repository.ParticipantRepo - Found participant with id=2
2024-03-25 17:19:15,635 [1] INFO  MPP_CSharp.Repository.ConcursRepo - Trying to find Concurs with id=1
2024-03-25 17:19:15,636 [1] INFO  MPP_CSharp.Repository.ConcursRepo - Found Concurs with id=1 and with participant=1
2024-03-25 17:19:15,636 [1] INFO  MPP_CSharp.Repository.ConcursRepo - Found Concurs with id=1 and with participant=2
2024-03-25 17:19:15,637 [1] INFO  MPP_CSharp.Repository.ParticipantRepo - Trying to find Participant with id=1
2024-03-25 17:19:15,638 [1] INFO  MPP_CSharp.Repository.ParticipantRepo - Found participant with id=1
2024-03-25 17:19:15,638 [1] INFO  MPP_CSharp.Repository.ParticipantRepo - Trying to find Participant with id=2
2024-03-25 17:19:15,639 [1] INFO  MPP_CSharp.Repository.ParticipantRepo - Found participant with id=2
2024-03-25 17:19:21,562 [1] INFO  MPP_CSharp.Repository.ParticipantRepo - Trying to add a Participant
2024-03-25 17:19:21,570 [1] INFO  MPP_CSharp.Repository.ParticipantRepo - Added Participant
2024-03-25 17:19:21,570 [1] INFO  MPP_CSharp.Repository.ConcursRepo - Fetching all Concurs from DB
2024-03-25 17:19:21,571 [1] INFO  MPP_CSharp.Repository.ConcursRepo - Found Concurs with id=1
2024-03-25 17:19:21,571 [1] INFO  MPP_CSharp.Repository.ConcursRepo - Found Concurs with id=2
2024-03-25 17:19:21,572 [1] INFO  MPP_CSharp.Repository.ConcursRepo - Participant cu id=2
2024-03-25 17:19:21,578 [1] INFO  MPP_CSharp.Repository.ConcursRepo - Trying to find Concurs with id=1
2024-03-25 17:19:21,580 [1] INFO  MPP_CSharp.Repository.ConcursRepo - Found Concurs with id=1 and with participant=1
2024-03-25 17:19:21,580 [1] INFO  MPP_CSharp.Repository.ConcursRepo - Found Concurs with id=1 and with participant=2
2024-03-25 17:19:21,581 [1] INFO  MPP_CSharp.Repository.ParticipantRepo - Trying to find Participant with id=1
2024-03-25 17:19:21,582 [1] INFO  MPP_CSharp.Repository.ParticipantRepo - Found participant with id=1
2024-03-25 17:19:21,582 [1] INFO  MPP_CSharp.Repository.ParticipantRepo - Trying to find Participant with id=2
2024-03-25 17:19:21,583 [1] INFO  MPP_CSharp.Repository.ParticipantRepo - Found participant with id=2
2024-03-25 17:19:21,589 [1] INFO  MPP_CSharp.Repository.ParticipantRepo - Fetching all Participanti from DB
2024-03-25 17:19:21,590 [1] INFO  MPP_CSharp.Repository.ParticipantRepo - Found participant with id=1 and concurs with id=1
2024-03-25 17:19:21,591 [1] INFO  MPP_CSharp.Repository.ParticipantRepo - Found participant with id=2 and concurs with id=1
2024-03-25 17:19:25,193 [1] INFO  MPP_CSharp.Repository.ConcursRepo - Trying to find Concurs with id=2
2024-03-25 17:19:25,194 [1] INFO  MPP_CSharp.Repository.ConcursRepo - Found Concurs with id=2 and with participant=2
2024-03-25 17:19:25,195 [1] INFO  MPP_CSharp.Repository.ParticipantRepo - Trying to find Participant with id=2
2024-03-25 17:19:25,196 [1] INFO  MPP_CSharp.Repository.ParticipantRepo - Found participant with id=2
2024-03-25 17:19:26,403 [1] INFO  MPP_CSharp.Repository.ConcursRepo - Enrolling participant with id=23 to concurs with id=2
2024-03-25 17:19:26,407 [1] INFO  MPP_CSharp.Repository.ConcursRepo - Enrolled!
2024-03-25 17:19:26,408 [1] INFO  MPP_CSharp.Repository.ConcursRepo - Fetching all Concurs from DB
2024-03-25 17:19:26,409 [1] INFO  MPP_CSharp.Repository.ConcursRepo - Found Concurs with id=1
2024-03-25 17:19:26,410 [1] INFO  MPP_CSharp.Repository.ConcursRepo - Found Concurs with id=2
2024-03-25 17:19:26,410 [1] INFO  MPP_CSharp.Repository.ConcursRepo - Participant cu id=2
2024-03-25 17:19:26,411 [1] INFO  MPP_CSharp.Repository.ConcursRepo - Participant cu id=23
2024-03-25 17:19:26,417 [1] INFO  MPP_CSharp.Repository.ConcursRepo - Trying to find Concurs with id=1
2024-03-25 17:19:26,419 [1] INFO  MPP_CSharp.Repository.ConcursRepo - Found Concurs with id=1 and with participant=1
2024-03-25 17:19:26,419 [1] INFO  MPP_CSharp.Repository.ConcursRepo - Found Concurs with id=1 and with participant=2
2024-03-25 17:19:26,420 [1] INFO  MPP_CSharp.Repository.ParticipantRepo - Trying to find Participant with id=1
2024-03-25 17:19:26,421 [1] INFO  MPP_CSharp.Repository.ParticipantRepo - Found participant with id=1
2024-03-25 17:19:26,422 [1] INFO  MPP_CSharp.Repository.ParticipantRepo - Trying to find Participant with id=2
2024-03-25 17:19:26,423 [1] INFO  MPP_CSharp.Repository.ParticipantRepo - Found participant with id=2
2024-03-25 17:19:26,429 [1] INFO  MPP_CSharp.Repository.ParticipantRepo - Fetching all Participanti from DB
2024-03-25 17:19:26,430 [1] INFO  MPP_CSharp.Repository.ParticipantRepo - Found participant with id=1 and concurs with id=1
2024-03-25 17:19:26,431 [1] INFO  MPP_CSharp.Repository.ParticipantRepo - Found participant with id=2 and concurs with id=1
2024-03-25 17:19:26,431 [1] INFO  MPP_CSharp.Repository.ParticipantRepo - Found participant with id=23 and concurs with id=2
2024-03-25 17:19:28,561 [1] INFO  MPP_CSharp.Program - Application closed
2024-03-25 17:23:00,560 [1] INFO  MPP_CSharp.Repository.UserRepo - Initializing new UserRepo...
2024-03-25 17:23:00,579 [1] INFO  MPP_CSharp.Repository.UserRepo - Initializing new UserRepo...
2024-03-25 17:23:00,648 [1] INFO  MPP_CSharp.Repository.ConcursRepo - Initializing ConcursRepo...
2024-03-25 17:23:00,649 [1] INFO  MPP_CSharp.Repository.ConcursRepo - Initializing ConcursRepo...
2024-03-25 17:23:00,651 [1] INFO  MPP_CSharp.Repository.ParticipantRepo - Inizializing new ParticipantRepo...
2024-03-25 17:23:00,651 [1] INFO  MPP_CSharp.Repository.ParticipantRepo - Inizializing new ParticipantRepo...
2024-03-25 17:23:00,658 [1] INFO  MPP_CSharp.Program - Testing...
2024-03-25 17:23:00,658 [1] INFO  MPP_CSharp.Repository.UserRepo - Initializing new UserRepo...
2024-03-25 17:23:00,671 [1] INFO  MPP_CSharp.Repository.UserRepo - Fetching all Users from DB
2024-03-25 17:23:00,673 [1] INFO  MPP_CSharp.Repository.BdRepo - Trying to open Connection to server: Data Source=C:\Users\user\RiderProjects\mpp-proiect-csharp-clau100\MPP_CSharp\Testing.sqlite;
2024-03-25 17:23:00,812 [1] INFO  MPP_CSharp.Repository.UserRepo - Found user with id=1
2024-03-25 17:23:00,813 [1] INFO  MPP_CSharp.Repository.UserRepo - Found user with id=2
2024-03-25 17:23:00,820 [1] INFO  MPP_CSharp.Repository.UserRepo - Trying to find User with id=1
2024-03-25 17:23:00,831 [1] INFO  MPP_CSharp.Repository.UserRepo - Found user with id=1
2024-03-25 17:23:00,832 [1] INFO  MPP_CSharp.Repository.UserRepo - Trying to login User: claudiu
2024-03-25 17:23:00,914 [1] INFO  MPP_CSharp.Repository.UserRepo - Logged in!
2024-03-25 17:23:00,916 [1] INFO  MPP_CSharp.Repository.ParticipantRepo - Inizializing new ParticipantRepo...
2024-03-25 17:23:00,918 [1] INFO  MPP_CSharp.Repository.ParticipantRepo - Fetching all Participanti from DB
2024-03-25 17:23:00,921 [1] INFO  MPP_CSharp.Repository.ParticipantRepo - Found participant with id=1 and concurs with id=1
2024-03-25 17:23:00,922 [1] INFO  MPP_CSharp.Repository.ParticipantRepo - Found participant with id=2 and concurs with id=1
2024-03-25 17:23:00,924 [1] INFO  MPP_CSharp.Repository.ParticipantRepo - Trying to find Participant with id=1
2024-03-25 17:23:00,925 [1] INFO  MPP_CSharp.Repository.ParticipantRepo - Found participant with id=1
2024-03-25 17:23:00,926 [1] INFO  MPP_CSharp.Repository.ParticipantRepo - Trying to find all Participant from list
2024-03-25 17:23:00,929 [1] INFO  MPP_CSharp.Repository.ParticipantRepo - Trying to find Participant with id=1
2024-03-25 17:23:00,930 [1] INFO  MPP_CSharp.Repository.ParticipantRepo - Trying to find Participant with id=1
2024-03-25 17:23:00,930 [1] INFO  MPP_CSharp.Repository.ParticipantRepo - Found participant with id=1
2024-03-25 17:23:00,931 [1] INFO  MPP_CSharp.Repository.ParticipantRepo - Trying to find Participant with id=2
2024-03-25 17:23:00,931 [1] INFO  MPP_CSharp.Repository.ParticipantRepo - Trying to find Participant with id=2
2024-03-25 17:23:00,932 [1] INFO  MPP_CSharp.Repository.ParticipantRepo - Found participant with id=2
2024-03-25 17:23:00,933 [1] INFO  MPP_CSharp.Repository.ConcursRepo - Initializing ConcursRepo...
2024-03-25 17:23:00,936 [1] INFO  MPP_CSharp.Repository.ConcursRepo - Fetching all Concurs from DB
2024-03-25 17:23:00,938 [1] INFO  MPP_CSharp.Repository.ConcursRepo - Found Concurs with id=1
2024-03-25 17:23:00,938 [1] INFO  MPP_CSharp.Repository.ConcursRepo - Found Concurs with id=2
2024-03-25 17:23:00,939 [1] INFO  MPP_CSharp.Repository.ConcursRepo - Participant cu id=2
2024-03-25 17:23:00,940 [1] INFO  MPP_CSharp.Repository.ConcursRepo - Participant cu id=23
2024-03-25 17:23:00,941 [1] INFO  MPP_CSharp.Repository.ConcursRepo - Trying to find Concurs with id=2
2024-03-25 17:23:00,942 [1] INFO  MPP_CSharp.Repository.ConcursRepo - Found Concurs with id=2 and with participant=2
2024-03-25 17:23:00,942 [1] INFO  MPP_CSharp.Repository.ConcursRepo - Found Concurs with id=2 and with participant=23
2024-03-25 17:23:00,944 [1] INFO  MPP_CSharp.Repository.ConcursRepo - Trying to find all Concurs for age: 12
2024-03-25 17:23:00,947 [1] INFO  MPP_CSharp.Repository.ConcursRepo - Found Concurs with id=1
2024-03-25 17:23:00,947 [1] INFO  MPP_CSharp.Repository.ConcursRepo - Found Concurs with id=2
2024-03-25 17:23:00,948 [1] INFO  MPP_CSharp.Program - Application started
2024-03-25 17:23:00,949 [1] INFO  MPP_CSharp.Repository.UserRepo - Fetching all Users from DB
2024-03-25 17:23:00,949 [1] INFO  MPP_CSharp.Repository.UserRepo - Found user with id=1
2024-03-25 17:23:00,950 [1] INFO  MPP_CSharp.Repository.UserRepo - Found user with id=2
2024-03-25 17:23:00,950 [1] INFO  MPP_CSharp.Program - claudiu
2024-03-25 17:23:00,951 [1] INFO  MPP_CSharp.Program - george
2024-03-25 17:23:00,961 [1] INFO  MPP_CSharp.Form1 - Starting Login Form
2024-03-25 17:23:01,008 [1] INFO  MPP_CSharp.Form1 - Finished Login Form
2024-03-25 17:23:05,339 [1] INFO  MPP_CSharp.Repository.UserRepo - Trying to login User: claudiu
2024-03-25 17:23:05,400 [1] INFO  MPP_CSharp.Repository.UserRepo - Logged in!
2024-03-25 17:23:05,401 [1] INFO  MPP_CSharp.UserView - Starting UserView...
2024-03-25 17:23:05,421 [1] INFO  MPP_CSharp.Repository.ConcursRepo - Fetching all Concurs from DB
2024-03-25 17:23:05,423 [1] INFO  MPP_CSharp.Repository.ConcursRepo - Found Concurs with id=1
2024-03-25 17:23:05,423 [1] INFO  MPP_CSharp.Repository.ConcursRepo - Found Concurs with id=2
2024-03-25 17:23:05,424 [1] INFO  MPP_CSharp.Repository.ConcursRepo - Participant cu id=2
2024-03-25 17:23:05,424 [1] INFO  MPP_CSharp.Repository.ConcursRepo - Participant cu id=23
2024-03-25 17:23:05,445 [1] INFO  MPP_CSharp.Repository.ParticipantRepo - Fetching all Participanti from DB
2024-03-25 17:23:05,446 [1] INFO  MPP_CSharp.Repository.ParticipantRepo - Found participant with id=1 and concurs with id=1
2024-03-25 17:23:05,446 [1] INFO  MPP_CSharp.Repository.ParticipantRepo - Found participant with id=2 and concurs with id=1
2024-03-25 17:23:05,447 [1] INFO  MPP_CSharp.UserView - Closing UserView...
2024-03-25 17:23:05,473 [1] INFO  MPP_CSharp.Repository.ConcursRepo - Trying to find Concurs with id=1
2024-03-25 17:23:05,474 [1] INFO  MPP_CSharp.Repository.ConcursRepo - Found Concurs with id=1 and with participant=1
2024-03-25 17:23:05,475 [1] INFO  MPP_CSharp.Repository.ConcursRepo - Found Concurs with id=1 and with participant=2
2024-03-25 17:23:05,476 [1] INFO  MPP_CSharp.Repository.ParticipantRepo - Trying to find Participant with id=1
2024-03-25 17:23:05,477 [1] INFO  MPP_CSharp.Repository.ParticipantRepo - Found participant with id=1
2024-03-25 17:23:05,477 [1] INFO  MPP_CSharp.Repository.ParticipantRepo - Trying to find Participant with id=2
2024-03-25 17:23:05,478 [1] INFO  MPP_CSharp.Repository.ParticipantRepo - Found participant with id=2
2024-03-25 17:23:05,496 [1] INFO  MPP_CSharp.Repository.ConcursRepo - Trying to find Concurs with id=1
2024-03-25 17:23:05,497 [1] INFO  MPP_CSharp.Repository.ConcursRepo - Found Concurs with id=1 and with participant=1
2024-03-25 17:23:05,498 [1] INFO  MPP_CSharp.Repository.ConcursRepo - Found Concurs with id=1 and with participant=2
2024-03-25 17:23:05,498 [1] INFO  MPP_CSharp.Repository.ParticipantRepo - Trying to find Participant with id=1
2024-03-25 17:23:05,499 [1] INFO  MPP_CSharp.Repository.ParticipantRepo - Found participant with id=1
2024-03-25 17:23:05,500 [1] INFO  MPP_CSharp.Repository.ParticipantRepo - Trying to find Participant with id=2
2024-03-25 17:23:05,501 [1] INFO  MPP_CSharp.Repository.ParticipantRepo - Found participant with id=2
2024-03-25 17:23:06,987 [1] INFO  MPP_CSharp.Repository.ConcursRepo - Trying to find Concurs with id=2
2024-03-25 17:23:06,988 [1] INFO  MPP_CSharp.Repository.ConcursRepo - Found Concurs with id=2 and with participant=2
2024-03-25 17:23:06,989 [1] INFO  MPP_CSharp.Repository.ConcursRepo - Found Concurs with id=2 and with participant=23
2024-03-25 17:23:06,989 [1] INFO  MPP_CSharp.Repository.ParticipantRepo - Trying to find Participant with id=2
2024-03-25 17:23:06,990 [1] INFO  MPP_CSharp.Repository.ParticipantRepo - Found participant with id=2
2024-03-25 17:23:06,991 [1] INFO  MPP_CSharp.Repository.ParticipantRepo - Trying to find Participant with id=23
2024-03-25 17:23:06,992 [1] WARN  MPP_CSharp.Repository.ParticipantRepo - Found no participant with id=23
2024-03-25 17:23:11,222 [1] INFO  MPP_CSharp.Repository.ConcursRepo - Enrolling participant with id=2 to concurs with id=2
2024-03-25 17:23:15,479 [1] INFO  MPP_CSharp.Repository.ConcursRepo - Enrolling participant with id=1 to concurs with id=2
2024-03-25 17:23:15,491 [1] INFO  MPP_CSharp.Repository.ConcursRepo - Enrolled!
2024-03-25 17:23:15,492 [1] INFO  MPP_CSharp.Repository.ConcursRepo - Fetching all Concurs from DB
2024-03-25 17:23:15,493 [1] INFO  MPP_CSharp.Repository.ConcursRepo - Found Concurs with id=1
2024-03-25 17:23:15,494 [1] INFO  MPP_CSharp.Repository.ConcursRepo - Found Concurs with id=2
2024-03-25 17:23:15,494 [1] INFO  MPP_CSharp.Repository.ConcursRepo - Participant cu id=2
2024-03-25 17:23:15,495 [1] INFO  MPP_CSharp.Repository.ConcursRepo - Participant cu id=23
2024-03-25 17:23:15,496 [1] INFO  MPP_CSharp.Repository.ConcursRepo - Participant cu id=1
2024-03-25 17:23:15,504 [1] INFO  MPP_CSharp.Repository.ConcursRepo - Trying to find Concurs with id=1
2024-03-25 17:23:15,505 [1] INFO  MPP_CSharp.Repository.ConcursRepo - Found Concurs with id=1 and with participant=1
2024-03-25 17:23:15,505 [1] INFO  MPP_CSharp.Repository.ConcursRepo - Found Concurs with id=1 and with participant=2
2024-03-25 17:23:15,506 [1] INFO  MPP_CSharp.Repository.ParticipantRepo - Trying to find Participant with id=1
2024-03-25 17:23:15,507 [1] INFO  MPP_CSharp.Repository.ParticipantRepo - Found participant with id=1
2024-03-25 17:23:15,507 [1] INFO  MPP_CSharp.Repository.ParticipantRepo - Trying to find Participant with id=2
2024-03-25 17:23:15,509 [1] INFO  MPP_CSharp.Repository.ParticipantRepo - Found participant with id=2
2024-03-25 17:23:15,515 [1] INFO  MPP_CSharp.Repository.ParticipantRepo - Fetching all Participanti from DB
2024-03-25 17:23:15,516 [1] INFO  MPP_CSharp.Repository.ParticipantRepo - Found participant with id=1 and concurs with id=1
2024-03-25 17:23:15,517 [1] INFO  MPP_CSharp.Repository.ParticipantRepo - Found participant with id=2 and concurs with id=1
2024-03-25 17:23:23,795 [1] INFO  MPP_CSharp.Repository.ParticipantRepo - Trying to add a Participant
2024-03-25 17:23:23,801 [1] INFO  MPP_CSharp.Repository.ParticipantRepo - Added Participant
2024-03-25 17:23:23,801 [1] INFO  MPP_CSharp.Repository.ConcursRepo - Fetching all Concurs from DB
2024-03-25 17:23:23,802 [1] INFO  MPP_CSharp.Repository.ConcursRepo - Found Concurs with id=1
2024-03-25 17:23:23,803 [1] INFO  MPP_CSharp.Repository.ConcursRepo - Found Concurs with id=2
2024-03-25 17:23:23,804 [1] INFO  MPP_CSharp.Repository.ConcursRepo - Participant cu id=2
2024-03-25 17:23:23,804 [1] INFO  MPP_CSharp.Repository.ConcursRepo - Participant cu id=23
2024-03-25 17:23:23,805 [1] INFO  MPP_CSharp.Repository.ConcursRepo - Participant cu id=1
2024-03-25 17:23:23,812 [1] INFO  MPP_CSharp.Repository.ConcursRepo - Trying to find Concurs with id=1
2024-03-25 17:23:23,813 [1] INFO  MPP_CSharp.Repository.ConcursRepo - Found Concurs with id=1 and with participant=1
2024-03-25 17:23:23,814 [1] INFO  MPP_CSharp.Repository.ConcursRepo - Found Concurs with id=1 and with participant=2
2024-03-25 17:23:23,814 [1] INFO  MPP_CSharp.Repository.ParticipantRepo - Trying to find Participant with id=1
2024-03-25 17:23:23,815 [1] INFO  MPP_CSharp.Repository.ParticipantRepo - Found participant with id=1
2024-03-25 17:23:23,816 [1] INFO  MPP_CSharp.Repository.ParticipantRepo - Trying to find Participant with id=2
2024-03-25 17:23:23,817 [1] INFO  MPP_CSharp.Repository.ParticipantRepo - Found participant with id=2
2024-03-25 17:23:23,824 [1] INFO  MPP_CSharp.Repository.ParticipantRepo - Fetching all Participanti from DB
2024-03-25 17:23:23,825 [1] INFO  MPP_CSharp.Repository.ParticipantRepo - Found participant with id=1 and concurs with id=1
2024-03-25 17:23:23,825 [1] INFO  MPP_CSharp.Repository.ParticipantRepo - Found participant with id=2 and concurs with id=1
2024-03-25 17:23:25,847 [1] INFO  MPP_CSharp.Program - Application closed
2024-03-25 17:25:51,414 [1] INFO  MPP_CSharp.Repository.UserRepo - Initializing new UserRepo...
2024-03-25 17:25:51,438 [1] INFO  MPP_CSharp.Repository.UserRepo - Initializing new UserRepo...
2024-03-25 17:25:51,530 [1] INFO  MPP_CSharp.Repository.ConcursRepo - Initializing ConcursRepo...
2024-03-25 17:25:51,531 [1] INFO  MPP_CSharp.Repository.ConcursRepo - Initializing ConcursRepo...
2024-03-25 17:25:51,535 [1] INFO  MPP_CSharp.Repository.ParticipantRepo - Inizializing new ParticipantRepo...
2024-03-25 17:25:51,536 [1] INFO  MPP_CSharp.Repository.ParticipantRepo - Inizializing new ParticipantRepo...
2024-03-25 17:25:51,544 [1] INFO  MPP_CSharp.Program - Testing...
2024-03-25 17:25:51,545 [1] INFO  MPP_CSharp.Repository.UserRepo - Initializing new UserRepo...
2024-03-25 17:25:51,565 [1] INFO  MPP_CSharp.Repository.UserRepo - Fetching all Users from DB
2024-03-25 17:25:51,566 [1] INFO  MPP_CSharp.Repository.BdRepo - Trying to open Connection to server: Data Source=C:\Users\user\RiderProjects\mpp-proiect-csharp-clau100\MPP_CSharp\Testing.sqlite;
2024-03-25 17:25:51,672 [1] INFO  MPP_CSharp.Repository.UserRepo - Found user with id=1
2024-03-25 17:25:51,673 [1] INFO  MPP_CSharp.Repository.UserRepo - Found user with id=2
2024-03-25 17:25:51,677 [1] INFO  MPP_CSharp.Repository.UserRepo - Trying to find User with id=1
2024-03-25 17:25:51,684 [1] INFO  MPP_CSharp.Repository.UserRepo - Found user with id=1
2024-03-25 17:25:51,686 [1] INFO  MPP_CSharp.Repository.UserRepo - Trying to login User: claudiu
2024-03-25 17:25:51,798 [1] INFO  MPP_CSharp.Repository.UserRepo - Logged in!
2024-03-25 17:25:51,800 [1] INFO  MPP_CSharp.Repository.ParticipantRepo - Inizializing new ParticipantRepo...
2024-03-25 17:25:51,803 [1] INFO  MPP_CSharp.Repository.ParticipantRepo - Fetching all Participanti from DB
2024-03-25 17:25:51,806 [1] INFO  MPP_CSharp.Repository.ParticipantRepo - Found participant with id=1 and concurs with id=1
2024-03-25 17:25:51,808 [1] INFO  MPP_CSharp.Repository.ParticipantRepo - Found participant with id=2 and concurs with id=2
2024-03-25 17:25:51,810 [1] ERROR MPP_CSharp.Tests.TestParticipantRepo - GetAll does not work!
2024-03-25 17:25:51,813 [1] INFO  MPP_CSharp.Repository.ParticipantRepo - Trying to find Participant with id=1
2024-03-25 17:25:51,815 [1] INFO  MPP_CSharp.Repository.ParticipantRepo - Found participant with id=1
2024-03-25 17:25:51,817 [1] INFO  MPP_CSharp.Repository.ParticipantRepo - Trying to find all Participant from list
2024-03-25 17:25:51,820 [1] INFO  MPP_CSharp.Repository.ParticipantRepo - Trying to find Participant with id=1
2024-03-25 17:25:51,821 [1] INFO  MPP_CSharp.Repository.ParticipantRepo - Trying to find Participant with id=1
2024-03-25 17:25:51,822 [1] INFO  MPP_CSharp.Repository.ParticipantRepo - Found participant with id=1
2024-03-25 17:25:51,822 [1] INFO  MPP_CSharp.Repository.ParticipantRepo - Trying to find Participant with id=2
2024-03-25 17:25:51,823 [1] INFO  MPP_CSharp.Repository.ParticipantRepo - Trying to find Participant with id=2
2024-03-25 17:25:51,824 [1] INFO  MPP_CSharp.Repository.ParticipantRepo - Found participant with id=2
2024-03-25 17:25:51,825 [1] INFO  MPP_CSharp.Repository.ConcursRepo - Initializing ConcursRepo...
2024-03-25 17:25:51,828 [1] INFO  MPP_CSharp.Repository.ConcursRepo - Fetching all Concurs from DB
2024-03-25 17:25:51,829 [1] INFO  MPP_CSharp.Repository.ConcursRepo - Found Concurs with id=1
2024-03-25 17:25:51,831 [1] INFO  MPP_CSharp.Repository.ConcursRepo - Found Concurs with id=2
2024-03-25 17:25:51,834 [1] INFO  MPP_CSharp.Repository.ConcursRepo - Trying to find Concurs with id=2
2024-03-25 17:25:51,836 [1] INFO  MPP_CSharp.Repository.ConcursRepo - Found Concurs with id=2 and with participant=2
2024-03-25 17:25:51,838 [1] INFO  MPP_CSharp.Repository.ConcursRepo - Trying to find all Concurs for age: 12
2024-03-25 17:25:51,842 [1] INFO  MPP_CSharp.Repository.ConcursRepo - Found Concurs with id=1
2024-03-25 17:25:51,843 [1] INFO  MPP_CSharp.Repository.ConcursRepo - Found Concurs with id=2
2024-03-25 17:26:13,918 [1] INFO  MPP_CSharp.Repository.UserRepo - Initializing new UserRepo...
2024-03-25 17:26:13,950 [1] INFO  MPP_CSharp.Repository.UserRepo - Initializing new UserRepo...
2024-03-25 17:26:14,068 [1] INFO  MPP_CSharp.Repository.ConcursRepo - Initializing ConcursRepo...
2024-03-25 17:26:14,068 [1] INFO  MPP_CSharp.Repository.ConcursRepo - Initializing ConcursRepo...
2024-03-25 17:26:14,070 [1] INFO  MPP_CSharp.Repository.ParticipantRepo - Inizializing new ParticipantRepo...
2024-03-25 17:26:14,071 [1] INFO  MPP_CSharp.Repository.ParticipantRepo - Inizializing new ParticipantRepo...
2024-03-25 17:26:14,078 [1] INFO  MPP_CSharp.Program - Testing...
2024-03-25 17:26:14,079 [1] INFO  MPP_CSharp.Repository.UserRepo - Initializing new UserRepo...
2024-03-25 17:26:14,092 [1] INFO  MPP_CSharp.Repository.UserRepo - Fetching all Users from DB
2024-03-25 17:26:14,093 [1] INFO  MPP_CSharp.Repository.BdRepo - Trying to open Connection to server: Data Source=C:\Users\user\RiderProjects\mpp-proiect-csharp-clau100\MPP_CSharp\Testing.sqlite;
2024-03-25 17:26:14,213 [1] INFO  MPP_CSharp.Repository.UserRepo - Found user with id=1
2024-03-25 17:26:14,215 [1] INFO  MPP_CSharp.Repository.UserRepo - Found user with id=2
2024-03-25 17:26:14,223 [1] INFO  MPP_CSharp.Repository.UserRepo - Trying to find User with id=1
2024-03-25 17:26:14,233 [1] INFO  MPP_CSharp.Repository.UserRepo - Found user with id=1
2024-03-25 17:26:14,235 [1] INFO  MPP_CSharp.Repository.UserRepo - Trying to login User: claudiu
2024-03-25 17:26:14,338 [1] INFO  MPP_CSharp.Repository.UserRepo - Logged in!
2024-03-25 17:26:14,339 [1] INFO  MPP_CSharp.Repository.ParticipantRepo - Inizializing new ParticipantRepo...
2024-03-25 17:26:14,342 [1] INFO  MPP_CSharp.Repository.ParticipantRepo - Fetching all Participanti from DB
2024-03-25 17:26:14,344 [1] INFO  MPP_CSharp.Repository.ParticipantRepo - Found participant with id=1 and concurs with id=1
2024-03-25 17:26:14,346 [1] INFO  MPP_CSharp.Repository.ParticipantRepo - Found participant with id=2 and concurs with id=2
2024-03-25 17:26:14,348 [1] INFO  MPP_CSharp.Repository.ParticipantRepo - Trying to find Participant with id=1
2024-03-25 17:26:14,349 [1] INFO  MPP_CSharp.Repository.ParticipantRepo - Found participant with id=1
2024-03-25 17:26:14,350 [1] INFO  MPP_CSharp.Repository.ParticipantRepo - Trying to find all Participant from list
2024-03-25 17:26:14,351 [1] INFO  MPP_CSharp.Repository.ParticipantRepo - Trying to find Participant with id=1
2024-03-25 17:26:14,351 [1] INFO  MPP_CSharp.Repository.ParticipantRepo - Trying to find Participant with id=1
2024-03-25 17:26:14,352 [1] INFO  MPP_CSharp.Repository.ParticipantRepo - Found participant with id=1
2024-03-25 17:26:14,352 [1] INFO  MPP_CSharp.Repository.ParticipantRepo - Trying to find Participant with id=2
2024-03-25 17:26:14,353 [1] INFO  MPP_CSharp.Repository.ParticipantRepo - Trying to find Participant with id=2
2024-03-25 17:26:14,353 [1] INFO  MPP_CSharp.Repository.ParticipantRepo - Found participant with id=2
2024-03-25 17:26:14,355 [1] INFO  MPP_CSharp.Repository.ConcursRepo - Initializing ConcursRepo...
2024-03-25 17:26:14,357 [1] INFO  MPP_CSharp.Repository.ConcursRepo - Fetching all Concurs from DB
2024-03-25 17:26:14,358 [1] INFO  MPP_CSharp.Repository.ConcursRepo - Found Concurs with id=1
2024-03-25 17:26:14,359 [1] INFO  MPP_CSharp.Repository.ConcursRepo - Found Concurs with id=2
2024-03-25 17:26:14,361 [1] INFO  MPP_CSharp.Repository.ConcursRepo - Trying to find Concurs with id=2
2024-03-25 17:26:14,362 [1] INFO  MPP_CSharp.Repository.ConcursRepo - Found Concurs with id=2 and with participant=2
2024-03-25 17:26:14,364 [1] INFO  MPP_CSharp.Repository.ConcursRepo - Trying to find all Concurs for age: 12
2024-03-25 17:26:14,368 [1] INFO  MPP_CSharp.Repository.ConcursRepo - Found Concurs with id=1
2024-03-25 17:26:14,368 [1] INFO  MPP_CSharp.Repository.ConcursRepo - Found Concurs with id=2
2024-03-25 17:26:14,369 [1] INFO  MPP_CSharp.Program - Application started
2024-03-25 17:26:14,371 [1] INFO  MPP_CSharp.Repository.UserRepo - Fetching all Users from DB
2024-03-25 17:26:14,373 [1] INFO  MPP_CSharp.Repository.UserRepo - Found user with id=1
2024-03-25 17:26:14,373 [1] INFO  MPP_CSharp.Repository.UserRepo - Found user with id=2
2024-03-25 17:26:14,374 [1] INFO  MPP_CSharp.Program - claudiu
2024-03-25 17:26:14,374 [1] INFO  MPP_CSharp.Program - george
2024-03-25 17:26:14,383 [1] INFO  MPP_CSharp.Form1 - Starting Login Form
2024-03-25 17:26:14,433 [1] INFO  MPP_CSharp.Form1 - Finished Login Form
2024-03-25 17:26:17,351 [1] INFO  MPP_CSharp.Repository.UserRepo - Trying to login User: claudiu
2024-03-25 17:26:17,416 [1] INFO  MPP_CSharp.Repository.UserRepo - Logged in!
2024-03-25 17:26:17,418 [1] INFO  MPP_CSharp.UserView - Starting UserView...
2024-03-25 17:26:17,749 [1] INFO  MPP_CSharp.Repository.ConcursRepo - Fetching all Concurs from DB
2024-03-25 17:26:17,750 [1] INFO  MPP_CSharp.Repository.ConcursRepo - Found Concurs with id=1
2024-03-25 17:26:17,750 [1] INFO  MPP_CSharp.Repository.ConcursRepo - Found Concurs with id=2
2024-03-25 17:26:18,224 [1] INFO  MPP_CSharp.Repository.ParticipantRepo - Fetching all Participanti from DB
2024-03-25 17:26:18,225 [1] INFO  MPP_CSharp.Repository.ParticipantRepo - Found participant with id=1 and concurs with id=1
2024-03-25 17:26:18,226 [1] INFO  MPP_CSharp.Repository.ParticipantRepo - Found participant with id=2 and concurs with id=2
2024-03-25 17:26:18,227 [1] INFO  MPP_CSharp.UserView - Closing UserView...
2024-03-25 17:26:18,334 [1] INFO  MPP_CSharp.Repository.ConcursRepo - Trying to find Concurs with id=1
2024-03-25 17:26:18,335 [1] INFO  MPP_CSharp.Repository.ConcursRepo - Found Concurs with id=1 and with participant=1
2024-03-25 17:26:18,335 [1] INFO  MPP_CSharp.Repository.ParticipantRepo - Trying to find Participant with id=1
2024-03-25 17:26:18,336 [1] INFO  MPP_CSharp.Repository.ParticipantRepo - Found participant with id=1
2024-03-25 17:26:18,371 [1] INFO  MPP_CSharp.Repository.ConcursRepo - Trying to find Concurs with id=1
2024-03-25 17:26:18,372 [1] INFO  MPP_CSharp.Repository.ConcursRepo - Found Concurs with id=1 and with participant=1
2024-03-25 17:26:18,373 [1] INFO  MPP_CSharp.Repository.ParticipantRepo - Trying to find Participant with id=1
2024-03-25 17:26:18,373 [1] INFO  MPP_CSharp.Repository.ParticipantRepo - Found participant with id=1
2024-03-25 17:26:23,286 [1] INFO  MPP_CSharp.Program - Application closed
2024-03-25 17:29:19,569 [1] INFO  MPP_CSharp.Repository.UserRepo - Initializing new UserRepo...
2024-03-25 17:29:19,603 [1] INFO  MPP_CSharp.Repository.UserRepo - Initializing new UserRepo...
2024-03-25 17:29:19,833 [1] INFO  MPP_CSharp.Repository.ConcursRepo - Initializing ConcursRepo...
2024-03-25 17:29:19,838 [1] INFO  MPP_CSharp.Repository.ConcursRepo - Initializing ConcursRepo...
2024-03-25 17:29:19,866 [1] INFO  MPP_CSharp.Repository.ParticipantRepo - Inizializing new ParticipantRepo...
2024-03-25 17:29:19,886 [1] INFO  MPP_CSharp.Repository.ParticipantRepo - Inizializing new ParticipantRepo...
2024-03-25 17:29:19,940 [1] INFO  MPP_CSharp.Program - Testing...
2024-03-25 17:29:19,972 [1] INFO  MPP_CSharp.Repository.UserRepo - Initializing new UserRepo...
2024-03-25 17:29:20,050 [1] INFO  MPP_CSharp.Repository.UserRepo - Fetching all Users from DB
2024-03-25 17:29:20,056 [1] INFO  MPP_CSharp.Repository.BdRepo - Trying to open Connection to server: Data Source=C:\Users\user\RiderProjects\mpp-proiect-csharp-clau100\MPP_CSharp\Testing.sqlite;
2024-03-25 17:29:20,407 [1] INFO  MPP_CSharp.Repository.UserRepo - Found user with id=1
2024-03-25 17:29:20,407 [1] INFO  MPP_CSharp.Repository.UserRepo - Found user with id=2
2024-03-25 17:29:20,414 [1] INFO  MPP_CSharp.Repository.UserRepo - Trying to find User with id=1
2024-03-25 17:29:20,427 [1] INFO  MPP_CSharp.Repository.UserRepo - Found user with id=1
2024-03-25 17:29:20,430 [1] INFO  MPP_CSharp.Repository.UserRepo - Trying to login User: claudiu
2024-03-25 17:29:20,568 [1] INFO  MPP_CSharp.Repository.UserRepo - Logged in!
2024-03-25 17:29:20,575 [1] INFO  MPP_CSharp.Repository.ParticipantRepo - Inizializing new ParticipantRepo...
2024-03-25 17:29:20,588 [1] INFO  MPP_CSharp.Repository.ParticipantRepo - Fetching all Participanti from DB
2024-03-25 17:29:20,600 [1] INFO  MPP_CSharp.Repository.ParticipantRepo - Found participant with id=1 and concurs with id=1
2024-03-25 17:29:20,607 [1] INFO  MPP_CSharp.Repository.ParticipantRepo - Found participant with id=2 and concurs with id=2
2024-03-25 17:29:20,622 [1] INFO  MPP_CSharp.Repository.ParticipantRepo - Trying to find Participant with id=1
2024-03-25 17:29:20,623 [1] INFO  MPP_CSharp.Repository.ParticipantRepo - Found participant with id=1
2024-03-25 17:29:20,638 [1] INFO  MPP_CSharp.Repository.ParticipantRepo - Trying to find all Participant from list
2024-03-25 17:29:20,822 [1] INFO  MPP_CSharp.Repository.ParticipantRepo - Trying to find Participant with id=1
2024-03-25 17:29:20,841 [1] INFO  MPP_CSharp.Repository.ParticipantRepo - Trying to find Participant with id=1
2024-03-25 17:29:20,843 [1] INFO  MPP_CSharp.Repository.ParticipantRepo - Found participant with id=1
2024-03-25 17:29:20,843 [1] INFO  MPP_CSharp.Repository.ParticipantRepo - Trying to find Participant with id=2
2024-03-25 17:29:20,844 [1] INFO  MPP_CSharp.Repository.ParticipantRepo - Trying to find Participant with id=2
2024-03-25 17:29:20,847 [1] INFO  MPP_CSharp.Repository.ParticipantRepo - Found participant with id=2
2024-03-25 17:29:20,849 [1] INFO  MPP_CSharp.Repository.ConcursRepo - Initializing ConcursRepo...
2024-03-25 17:29:20,852 [1] INFO  MPP_CSharp.Repository.ConcursRepo - Fetching all Concurs from DB
2024-03-25 17:29:20,854 [1] INFO  MPP_CSharp.Repository.ConcursRepo - Found Concurs with id=1
2024-03-25 17:29:20,855 [1] INFO  MPP_CSharp.Repository.ConcursRepo - Found Concurs with id=2
2024-03-25 17:29:20,860 [1] INFO  MPP_CSharp.Repository.ConcursRepo - Trying to find Concurs with id=2
2024-03-25 17:29:20,862 [1] INFO  MPP_CSharp.Repository.ConcursRepo - Found Concurs with id=2 and with participant=2
2024-03-25 17:29:20,867 [1] INFO  MPP_CSharp.Repository.ConcursRepo - Trying to find all Concurs for age: 12
2024-03-25 17:29:20,884 [1] INFO  MPP_CSharp.Repository.ConcursRepo - Found Concurs with id=1
2024-03-25 17:29:20,884 [1] INFO  MPP_CSharp.Repository.ConcursRepo - Found Concurs with id=2
2024-03-25 17:29:20,885 [1] INFO  MPP_CSharp.Program - Application started
2024-03-25 17:29:20,887 [1] INFO  MPP_CSharp.Repository.UserRepo - Fetching all Users from DB
2024-03-25 17:29:20,895 [1] INFO  MPP_CSharp.Repository.UserRepo - Found user with id=1
2024-03-25 17:29:20,900 [1] INFO  MPP_CSharp.Repository.UserRepo - Found user with id=2
2024-03-25 17:29:20,901 [1] INFO  MPP_CSharp.Program - claudiu
2024-03-25 17:29:20,902 [1] INFO  MPP_CSharp.Program - george
2024-03-25 17:29:20,918 [1] INFO  MPP_CSharp.Form1 - Starting Login Form
2024-03-25 17:29:20,967 [1] INFO  MPP_CSharp.Form1 - Finished Login Form
2024-03-25 17:29:24,078 [1] INFO  MPP_CSharp.Repository.UserRepo - Trying to login User: claudiu
2024-03-25 17:29:24,162 [1] INFO  MPP_CSharp.Repository.UserRepo - Logged in!
2024-03-25 17:29:24,163 [1] INFO  MPP_CSharp.UserView - Starting UserView...
2024-03-25 17:29:24,170 [1] INFO  MPP_CSharp.Repository.ConcursRepo - Fetching all Concurs from DB
2024-03-25 17:29:24,171 [1] INFO  MPP_CSharp.Repository.ConcursRepo - Found Concurs with id=1
2024-03-25 17:29:24,172 [1] INFO  MPP_CSharp.Repository.ConcursRepo - Found Concurs with id=2
2024-03-25 17:29:24,182 [1] INFO  MPP_CSharp.Repository.ParticipantRepo - Fetching all Participanti from DB
2024-03-25 17:29:24,183 [1] INFO  MPP_CSharp.Repository.ParticipantRepo - Found participant with id=1 and concurs with id=1
2024-03-25 17:29:24,183 [1] INFO  MPP_CSharp.Repository.ParticipantRepo - Found participant with id=2 and concurs with id=2
2024-03-25 17:29:24,184 [1] INFO  MPP_CSharp.UserView - Closing UserView...
2024-03-25 17:29:24,210 [1] INFO  MPP_CSharp.Repository.ConcursRepo - Trying to find Concurs with id=1
2024-03-25 17:29:24,211 [1] INFO  MPP_CSharp.Repository.ConcursRepo - Found Concurs with id=1 and with participant=1
2024-03-25 17:29:24,212 [1] INFO  MPP_CSharp.Repository.ParticipantRepo - Trying to find Participant with id=1
2024-03-25 17:29:24,213 [1] INFO  MPP_CSharp.Repository.ParticipantRepo - Found participant with id=1
2024-03-25 17:29:24,232 [1] INFO  MPP_CSharp.Repository.ConcursRepo - Trying to find Concurs with id=1
2024-03-25 17:29:24,233 [1] INFO  MPP_CSharp.Repository.ConcursRepo - Found Concurs with id=1 and with participant=1
2024-03-25 17:29:24,234 [1] INFO  MPP_CSharp.Repository.ParticipantRepo - Trying to find Participant with id=1
2024-03-25 17:29:24,235 [1] INFO  MPP_CSharp.Repository.ParticipantRepo - Found participant with id=1
2024-03-25 17:29:36,590 [1] INFO  MPP_CSharp.Program - Application closed
2024-03-25 17:31:03,549 [1] INFO  MPP_CSharp.Repository.UserRepo - Initializing new UserRepo...
2024-03-25 17:31:03,569 [1] INFO  MPP_CSharp.Repository.UserRepo - Initializing new UserRepo...
2024-03-25 17:31:03,641 [1] INFO  MPP_CSharp.Repository.ConcursRepo - Initializing ConcursRepo...
2024-03-25 17:31:03,641 [1] INFO  MPP_CSharp.Repository.ConcursRepo - Initializing ConcursRepo...
2024-03-25 17:31:03,643 [1] INFO  MPP_CSharp.Repository.ParticipantRepo - Inizializing new ParticipantRepo...
2024-03-25 17:31:03,644 [1] INFO  MPP_CSharp.Repository.ParticipantRepo - Inizializing new ParticipantRepo...
2024-03-25 17:31:03,650 [1] INFO  MPP_CSharp.Program - Testing...
2024-03-25 17:31:03,651 [1] INFO  MPP_CSharp.Repository.UserRepo - Initializing new UserRepo...
2024-03-25 17:31:03,665 [1] INFO  MPP_CSharp.Repository.UserRepo - Fetching all Users from DB
2024-03-25 17:31:03,666 [1] INFO  MPP_CSharp.Repository.BdRepo - Trying to open Connection to server: Data Source=C:\Users\user\RiderProjects\mpp-proiect-csharp-clau100\MPP_CSharp\Testing.sqlite;
2024-03-25 17:31:03,796 [1] INFO  MPP_CSharp.Repository.UserRepo - Found user with id=1
2024-03-25 17:31:03,797 [1] INFO  MPP_CSharp.Repository.UserRepo - Found user with id=2
2024-03-25 17:31:03,803 [1] INFO  MPP_CSharp.Repository.UserRepo - Trying to find User with id=1
2024-03-25 17:31:03,811 [1] INFO  MPP_CSharp.Repository.UserRepo - Found user with id=1
2024-03-25 17:31:03,813 [1] INFO  MPP_CSharp.Repository.UserRepo - Trying to login User: claudiu
2024-03-25 17:31:03,893 [1] INFO  MPP_CSharp.Repository.UserRepo - Logged in!
2024-03-25 17:31:03,894 [1] INFO  MPP_CSharp.Repository.ParticipantRepo - Inizializing new ParticipantRepo...
2024-03-25 17:31:03,896 [1] INFO  MPP_CSharp.Repository.ParticipantRepo - Fetching all Participanti from DB
2024-03-25 17:31:03,898 [1] INFO  MPP_CSharp.Repository.ParticipantRepo - Found participant with id=1 and concurs with id=1
2024-03-25 17:31:03,899 [1] INFO  MPP_CSharp.Repository.ParticipantRepo - Found participant with id=2 and concurs with id=2
2024-03-25 17:31:03,901 [1] INFO  MPP_CSharp.Repository.ParticipantRepo - Trying to find Participant with id=1
2024-03-25 17:31:03,903 [1] INFO  MPP_CSharp.Repository.ParticipantRepo - Found participant with id=1
2024-03-25 17:31:03,904 [1] INFO  MPP_CSharp.Repository.ParticipantRepo - Trying to find all Participant from list
2024-03-25 17:31:03,905 [1] INFO  MPP_CSharp.Repository.ParticipantRepo - Trying to find Participant with id=1
2024-03-25 17:31:03,906 [1] INFO  MPP_CSharp.Repository.ParticipantRepo - Trying to find Participant with id=1
2024-03-25 17:31:03,907 [1] INFO  MPP_CSharp.Repository.ParticipantRepo - Found participant with id=1
2024-03-25 17:31:03,907 [1] INFO  MPP_CSharp.Repository.ParticipantRepo - Trying to find Participant with id=2
2024-03-25 17:31:03,908 [1] INFO  MPP_CSharp.Repository.ParticipantRepo - Trying to find Participant with id=2
2024-03-25 17:31:03,908 [1] INFO  MPP_CSharp.Repository.ParticipantRepo - Found participant with id=2
2024-03-25 17:31:03,910 [1] INFO  MPP_CSharp.Repository.ConcursRepo - Initializing ConcursRepo...
2024-03-25 17:31:03,911 [1] INFO  MPP_CSharp.Repository.ConcursRepo - Fetching all Concurs from DB
2024-03-25 17:31:03,912 [1] INFO  MPP_CSharp.Repository.ConcursRepo - Found Concurs with id=1
2024-03-25 17:31:03,913 [1] INFO  MPP_CSharp.Repository.ConcursRepo - Found Concurs with id=2
2024-03-25 17:31:03,914 [1] INFO  MPP_CSharp.Repository.ConcursRepo - Trying to find Concurs with id=2
2024-03-25 17:31:03,916 [1] INFO  MPP_CSharp.Repository.ConcursRepo - Found Concurs with id=2 and with participant=2
2024-03-25 17:31:03,918 [1] INFO  MPP_CSharp.Repository.ConcursRepo - Trying to find all Concurs for age: 12
2024-03-25 17:31:03,922 [1] INFO  MPP_CSharp.Repository.ConcursRepo - Found Concurs with id=1
2024-03-25 17:31:03,922 [1] INFO  MPP_CSharp.Repository.ConcursRepo - Found Concurs with id=2
2024-03-25 17:31:03,924 [1] INFO  MPP_CSharp.Program - Application started
2024-03-25 17:31:03,925 [1] INFO  MPP_CSharp.Repository.UserRepo - Fetching all Users from DB
2024-03-25 17:31:03,926 [1] INFO  MPP_CSharp.Repository.UserRepo - Found user with id=1
2024-03-25 17:31:03,927 [1] INFO  MPP_CSharp.Repository.UserRepo - Found user with id=2
2024-03-25 17:31:03,927 [1] INFO  MPP_CSharp.Program - claudiu
2024-03-25 17:31:03,928 [1] INFO  MPP_CSharp.Program - george
2024-03-25 17:31:03,935 [1] INFO  MPP_CSharp.Form1 - Starting Login Form
2024-03-25 17:31:03,952 [1] INFO  MPP_CSharp.Form1 - Finished Login Form
2024-03-25 17:31:06,880 [1] INFO  MPP_CSharp.Repository.UserRepo - Trying to login User: claudiu
2024-03-25 17:31:06,944 [1] INFO  MPP_CSharp.Repository.UserRepo - Logged in!
2024-03-25 17:31:06,945 [1] INFO  MPP_CSharp.UserView - Starting UserView...
2024-03-25 17:31:06,952 [1] INFO  MPP_CSharp.Repository.ConcursRepo - Fetching all Concurs from DB
2024-03-25 17:31:06,953 [1] INFO  MPP_CSharp.Repository.ConcursRepo - Found Concurs with id=1
2024-03-25 17:31:06,954 [1] INFO  MPP_CSharp.Repository.ConcursRepo - Found Concurs with id=2
2024-03-25 17:31:06,965 [1] INFO  MPP_CSharp.Repository.ParticipantRepo - Fetching all Participanti from DB
2024-03-25 17:31:06,966 [1] INFO  MPP_CSharp.Repository.ParticipantRepo - Found participant with id=1 and concurs with id=1
2024-03-25 17:31:06,967 [1] INFO  MPP_CSharp.Repository.ParticipantRepo - Found participant with id=2 and concurs with id=2
2024-03-25 17:31:06,968 [1] INFO  MPP_CSharp.UserView - Closing UserView...
2024-03-25 17:31:06,989 [1] INFO  MPP_CSharp.Repository.ConcursRepo - Trying to find Concurs with id=1
2024-03-25 17:31:06,990 [1] INFO  MPP_CSharp.Repository.ConcursRepo - Found Concurs with id=1 and with participant=1
2024-03-25 17:31:06,991 [1] INFO  MPP_CSharp.Repository.ParticipantRepo - Trying to find Participant with id=1
2024-03-25 17:31:06,991 [1] INFO  MPP_CSharp.Repository.ParticipantRepo - Found participant with id=1
2024-03-25 17:31:07,010 [1] INFO  MPP_CSharp.Repository.ConcursRepo - Trying to find Concurs with id=1
2024-03-25 17:31:07,010 [1] INFO  MPP_CSharp.Repository.ConcursRepo - Found Concurs with id=1 and with participant=1
2024-03-25 17:31:07,011 [1] INFO  MPP_CSharp.Repository.ParticipantRepo - Trying to find Participant with id=1
2024-03-25 17:31:07,011 [1] INFO  MPP_CSharp.Repository.ParticipantRepo - Found participant with id=1
2024-03-25 17:31:13,375 [1] INFO  MPP_CSharp.Program - Application closed
2024-03-25 17:32:00,336 [1] INFO  MPP_CSharp.Repository.UserRepo - Initializing new UserRepo...
2024-03-25 17:32:00,355 [1] INFO  MPP_CSharp.Repository.UserRepo - Initializing new UserRepo...
2024-03-25 17:32:00,429 [1] INFO  MPP_CSharp.Repository.ConcursRepo - Initializing ConcursRepo...
2024-03-25 17:32:00,429 [1] INFO  MPP_CSharp.Repository.ConcursRepo - Initializing ConcursRepo...
2024-03-25 17:32:00,431 [1] INFO  MPP_CSharp.Repository.ParticipantRepo - Inizializing new ParticipantRepo...
2024-03-25 17:32:00,432 [1] INFO  MPP_CSharp.Repository.ParticipantRepo - Inizializing new ParticipantRepo...
2024-03-25 17:32:00,437 [1] INFO  MPP_CSharp.Program - Testing...
2024-03-25 17:32:00,438 [1] INFO  MPP_CSharp.Repository.UserRepo - Initializing new UserRepo...
2024-03-25 17:32:00,453 [1] INFO  MPP_CSharp.Repository.UserRepo - Fetching all Users from DB
2024-03-25 17:32:00,453 [1] INFO  MPP_CSharp.Repository.BdRepo - Trying to open Connection to server: Data Source=C:\Users\user\RiderProjects\mpp-proiect-csharp-clau100\MPP_CSharp\Testing.sqlite;
2024-03-25 17:32:00,607 [1] INFO  MPP_CSharp.Repository.UserRepo - Found user with id=1
2024-03-25 17:32:00,608 [1] INFO  MPP_CSharp.Repository.UserRepo - Found user with id=2
2024-03-25 17:32:00,615 [1] INFO  MPP_CSharp.Repository.UserRepo - Trying to find User with id=1
2024-03-25 17:32:00,626 [1] INFO  MPP_CSharp.Repository.UserRepo - Found user with id=1
2024-03-25 17:32:00,628 [1] INFO  MPP_CSharp.Repository.UserRepo - Trying to login User: claudiu
2024-03-25 17:32:00,708 [1] INFO  MPP_CSharp.Repository.UserRepo - Logged in!
2024-03-25 17:32:00,709 [1] INFO  MPP_CSharp.Repository.ParticipantRepo - Inizializing new ParticipantRepo...
2024-03-25 17:32:00,711 [1] INFO  MPP_CSharp.Repository.ParticipantRepo - Fetching all Participanti from DB
2024-03-25 17:32:00,713 [1] INFO  MPP_CSharp.Repository.ParticipantRepo - Found participant with id=1 and concurs with id=1
2024-03-25 17:32:00,714 [1] INFO  MPP_CSharp.Repository.ParticipantRepo - Found participant with id=2 and concurs with id=2
2024-03-25 17:32:00,715 [1] INFO  MPP_CSharp.Repository.ParticipantRepo - Trying to find Participant with id=1
2024-03-25 17:32:00,717 [1] INFO  MPP_CSharp.Repository.ParticipantRepo - Found participant with id=1
2024-03-25 17:32:00,718 [1] INFO  MPP_CSharp.Repository.ParticipantRepo - Trying to find all Participant from list
2024-03-25 17:32:00,718 [1] INFO  MPP_CSharp.Repository.ParticipantRepo - Trying to find Participant with id=1
2024-03-25 17:32:00,719 [1] INFO  MPP_CSharp.Repository.ParticipantRepo - Trying to find Participant with id=1
2024-03-25 17:32:00,720 [1] INFO  MPP_CSharp.Repository.ParticipantRepo - Found participant with id=1
2024-03-25 17:32:00,720 [1] INFO  MPP_CSharp.Repository.ParticipantRepo - Trying to find Participant with id=2
2024-03-25 17:32:00,721 [1] INFO  MPP_CSharp.Repository.ParticipantRepo - Trying to find Participant with id=2
2024-03-25 17:32:00,721 [1] INFO  MPP_CSharp.Repository.ParticipantRepo - Found participant with id=2
2024-03-25 17:32:00,722 [1] INFO  MPP_CSharp.Repository.ConcursRepo - Initializing ConcursRepo...
2024-03-25 17:32:00,724 [1] INFO  MPP_CSharp.Repository.ConcursRepo - Fetching all Concurs from DB
2024-03-25 17:32:00,726 [1] INFO  MPP_CSharp.Repository.ConcursRepo - Found Concurs with id=1
2024-03-25 17:32:00,726 [1] INFO  MPP_CSharp.Repository.ConcursRepo - Found Concurs with id=2
2024-03-25 17:32:00,728 [1] INFO  MPP_CSharp.Repository.ConcursRepo - Trying to find Concurs with id=2
2024-03-25 17:32:00,729 [1] INFO  MPP_CSharp.Repository.ConcursRepo - Found Concurs with id=2 and with participant=2
2024-03-25 17:32:00,731 [1] INFO  MPP_CSharp.Repository.ConcursRepo - Trying to find all Concurs for age: 12
2024-03-25 17:32:00,734 [1] INFO  MPP_CSharp.Repository.ConcursRepo - Found Concurs with id=1
2024-03-25 17:32:00,735 [1] INFO  MPP_CSharp.Repository.ConcursRepo - Found Concurs with id=2
2024-03-25 17:32:00,735 [1] INFO  MPP_CSharp.Program - Application started
2024-03-25 17:32:00,737 [1] INFO  MPP_CSharp.Repository.UserRepo - Fetching all Users from DB
2024-03-25 17:32:00,737 [1] INFO  MPP_CSharp.Repository.UserRepo - Found user with id=1
2024-03-25 17:32:00,738 [1] INFO  MPP_CSharp.Repository.UserRepo - Found user with id=2
2024-03-25 17:32:00,738 [1] INFO  MPP_CSharp.Program - claudiu
2024-03-25 17:32:00,739 [1] INFO  MPP_CSharp.Program - george
2024-03-25 17:32:00,747 [1] INFO  MPP_CSharp.Form1 - Starting Login Form
2024-03-25 17:32:00,764 [1] INFO  MPP_CSharp.Form1 - Finished Login Form
2024-03-25 17:32:03,717 [1] INFO  MPP_CSharp.Repository.UserRepo - Trying to login User: claudiu
2024-03-25 17:32:03,778 [1] INFO  MPP_CSharp.Repository.UserRepo - Logged in!
2024-03-25 17:32:03,779 [1] INFO  MPP_CSharp.UserView - Starting UserView...
2024-03-25 17:32:03,944 [1] INFO  MPP_CSharp.Repository.ConcursRepo - Fetching all Concurs from DB
2024-03-25 17:32:03,945 [1] INFO  MPP_CSharp.Repository.ConcursRepo - Found Concurs with id=1
2024-03-25 17:32:03,946 [1] INFO  MPP_CSharp.Repository.ConcursRepo - Found Concurs with id=2
2024-03-25 17:32:04,591 [1] INFO  MPP_CSharp.Repository.ParticipantRepo - Fetching all Participanti from DB
2024-03-25 17:32:04,592 [1] INFO  MPP_CSharp.Repository.ParticipantRepo - Found participant with id=1 and concurs with id=1
2024-03-25 17:32:04,593 [1] INFO  MPP_CSharp.Repository.ParticipantRepo - Found participant with id=2 and concurs with id=2
2024-03-25 17:32:04,594 [1] INFO  MPP_CSharp.UserView - Closing UserView...
2024-03-25 17:32:04,782 [1] INFO  MPP_CSharp.Repository.ConcursRepo - Trying to find Concurs with id=1
2024-03-25 17:32:04,783 [1] INFO  MPP_CSharp.Repository.ConcursRepo - Found Concurs with id=1 and with participant=1
2024-03-25 17:32:04,784 [1] INFO  MPP_CSharp.Repository.ParticipantRepo - Trying to find Participant with id=1
2024-03-25 17:32:04,785 [1] INFO  MPP_CSharp.Repository.ParticipantRepo - Found participant with id=1
2024-03-25 17:32:04,809 [1] INFO  MPP_CSharp.Repository.ConcursRepo - Trying to find Concurs with id=1
2024-03-25 17:32:04,810 [1] INFO  MPP_CSharp.Repository.ConcursRepo - Found Concurs with id=1 and with participant=1
2024-03-25 17:32:04,811 [1] INFO  MPP_CSharp.Repository.ParticipantRepo - Trying to find Participant with id=1
2024-03-25 17:32:04,812 [1] INFO  MPP_CSharp.Repository.ParticipantRepo - Found participant with id=1
2024-03-25 17:32:18,391 [1] INFO  MPP_CSharp.Program - Application closed
2024-03-25 17:35:08,822 [1] INFO  MPP_CSharp.Repository.UserRepo - Initializing new UserRepo...
2024-03-25 17:35:08,849 [1] INFO  MPP_CSharp.Repository.UserRepo - Initializing new UserRepo...
2024-03-25 17:35:08,930 [1] INFO  MPP_CSharp.Repository.ConcursRepo - Initializing ConcursRepo...
2024-03-25 17:35:08,931 [1] INFO  MPP_CSharp.Repository.ConcursRepo - Initializing ConcursRepo...
2024-03-25 17:35:08,933 [1] INFO  MPP_CSharp.Repository.ParticipantRepo - Inizializing new ParticipantRepo...
2024-03-25 17:35:08,934 [1] INFO  MPP_CSharp.Repository.ParticipantRepo - Inizializing new ParticipantRepo...
2024-03-25 17:35:08,940 [1] INFO  MPP_CSharp.Program - Testing...
2024-03-25 17:35:08,941 [1] INFO  MPP_CSharp.Repository.UserRepo - Initializing new UserRepo...
2024-03-25 17:35:08,967 [1] INFO  MPP_CSharp.Repository.UserRepo - Fetching all Users from DB
2024-03-25 17:35:08,968 [1] INFO  MPP_CSharp.Repository.BdRepo - Trying to open Connection to server: Data Source=C:\Users\user\RiderProjects\mpp-proiect-csharp-clau100\MPP_CSharp\Testing.sqlite;
2024-03-25 17:35:09,096 [1] INFO  MPP_CSharp.Repository.UserRepo - Found user with id=1
2024-03-25 17:35:09,097 [1] INFO  MPP_CSharp.Repository.UserRepo - Found user with id=2
2024-03-25 17:35:09,102 [1] INFO  MPP_CSharp.Repository.UserRepo - Trying to find User with id=1
2024-03-25 17:35:09,107 [1] INFO  MPP_CSharp.Repository.UserRepo - Found user with id=1
2024-03-25 17:35:09,108 [1] INFO  MPP_CSharp.Repository.UserRepo - Trying to login User: claudiu
2024-03-25 17:35:09,174 [1] INFO  MPP_CSharp.Repository.UserRepo - Logged in!
2024-03-25 17:35:09,175 [1] INFO  MPP_CSharp.Repository.ParticipantRepo - Inizializing new ParticipantRepo...
2024-03-25 17:35:09,177 [1] INFO  MPP_CSharp.Repository.ParticipantRepo - Fetching all Participanti from DB
2024-03-25 17:35:09,179 [1] INFO  MPP_CSharp.Repository.ParticipantRepo - Found participant with id=1 and concurs with id=1
2024-03-25 17:35:09,180 [1] INFO  MPP_CSharp.Repository.ParticipantRepo - Found participant with id=2 and concurs with id=2
2024-03-25 17:35:09,182 [1] INFO  MPP_CSharp.Repository.ParticipantRepo - Trying to find Participant with id=1
2024-03-25 17:35:09,183 [1] INFO  MPP_CSharp.Repository.ParticipantRepo - Found participant with id=1
2024-03-25 17:35:09,185 [1] INFO  MPP_CSharp.Repository.ParticipantRepo - Trying to find all Participant from list
2024-03-25 17:35:09,188 [1] INFO  MPP_CSharp.Repository.ParticipantRepo - Trying to find Participant with id=1
2024-03-25 17:35:09,188 [1] INFO  MPP_CSharp.Repository.ParticipantRepo - Trying to find Participant with id=1
2024-03-25 17:35:09,189 [1] INFO  MPP_CSharp.Repository.ParticipantRepo - Found participant with id=1
2024-03-25 17:35:09,190 [1] INFO  MPP_CSharp.Repository.ParticipantRepo - Trying to find Participant with id=2
2024-03-25 17:35:09,190 [1] INFO  MPP_CSharp.Repository.ParticipantRepo - Trying to find Participant with id=2
2024-03-25 17:35:09,191 [1] INFO  MPP_CSharp.Repository.ParticipantRepo - Found participant with id=2
2024-03-25 17:35:09,192 [1] INFO  MPP_CSharp.Repository.ConcursRepo - Initializing ConcursRepo...
2024-03-25 17:35:09,196 [1] INFO  MPP_CSharp.Repository.ConcursRepo - Fetching all Concurs from DB
2024-03-25 17:35:09,198 [1] INFO  MPP_CSharp.Repository.ConcursRepo - Found Concurs with id=1
2024-03-25 17:35:09,198 [1] INFO  MPP_CSharp.Repository.ConcursRepo - Found Concurs with id=2
2024-03-25 17:35:09,200 [1] INFO  MPP_CSharp.Repository.ConcursRepo - Trying to find Concurs with id=2
2024-03-25 17:35:09,201 [1] INFO  MPP_CSharp.Repository.ConcursRepo - Found Concurs with id=2 and with participant=2
2024-03-25 17:35:09,203 [1] INFO  MPP_CSharp.Repository.ConcursRepo - Trying to find all Concurs for age: 12
2024-03-25 17:35:09,205 [1] INFO  MPP_CSharp.Repository.ConcursRepo - Found Concurs with id=1
2024-03-25 17:35:09,205 [1] INFO  MPP_CSharp.Repository.ConcursRepo - Found Concurs with id=2
2024-03-25 17:35:09,206 [1] INFO  MPP_CSharp.Program - Application started
2024-03-25 17:35:09,208 [1] INFO  MPP_CSharp.Repository.UserRepo - Fetching all Users from DB
2024-03-25 17:35:09,208 [1] INFO  MPP_CSharp.Repository.UserRepo - Found user with id=1
2024-03-25 17:35:09,209 [1] INFO  MPP_CSharp.Repository.UserRepo - Found user with id=2
2024-03-25 17:35:09,209 [1] INFO  MPP_CSharp.Program - claudiu
2024-03-25 17:35:09,210 [1] INFO  MPP_CSharp.Program - george
2024-03-25 17:35:09,220 [1] INFO  MPP_CSharp.Form1 - Starting Login Form
2024-03-25 17:35:09,268 [1] INFO  MPP_CSharp.Form1 - Finished Login Form
2024-03-25 17:35:12,867 [1] INFO  MPP_CSharp.Repository.UserRepo - Trying to login User: claudiu
2024-03-25 17:35:12,941 [1] INFO  MPP_CSharp.Repository.UserRepo - Logged in!
2024-03-25 17:35:12,942 [1] INFO  MPP_CSharp.UserView - Starting UserView...
2024-03-25 17:35:12,951 [1] INFO  MPP_CSharp.Repository.ConcursRepo - Fetching all Concurs from DB
2024-03-25 17:35:12,952 [1] INFO  MPP_CSharp.Repository.ConcursRepo - Found Concurs with id=1
2024-03-25 17:35:12,952 [1] INFO  MPP_CSharp.Repository.ConcursRepo - Found Concurs with id=2
2024-03-25 17:35:12,964 [1] INFO  MPP_CSharp.Repository.ParticipantRepo - Fetching all Participanti from DB
2024-03-25 17:35:12,965 [1] INFO  MPP_CSharp.Repository.ParticipantRepo - Found participant with id=1 and concurs with id=1
2024-03-25 17:35:12,966 [1] INFO  MPP_CSharp.Repository.ParticipantRepo - Found participant with id=2 and concurs with id=2
2024-03-25 17:35:12,967 [1] INFO  MPP_CSharp.UserView - Closing UserView...
2024-03-25 17:35:12,993 [1] INFO  MPP_CSharp.Repository.ConcursRepo - Trying to find Concurs with id=1
2024-03-25 17:35:12,995 [1] INFO  MPP_CSharp.Repository.ConcursRepo - Found Concurs with id=1 and with participant=1
2024-03-25 17:35:12,996 [1] INFO  MPP_CSharp.Repository.ParticipantRepo - Trying to find Participant with id=1
2024-03-25 17:35:12,997 [1] INFO  MPP_CSharp.Repository.ParticipantRepo - Found participant with id=1
2024-03-25 17:35:13,020 [1] INFO  MPP_CSharp.Repository.ConcursRepo - Trying to find Concurs with id=1
2024-03-25 17:35:13,021 [1] INFO  MPP_CSharp.Repository.ConcursRepo - Found Concurs with id=1 and with participant=1
2024-03-25 17:35:13,022 [1] INFO  MPP_CSharp.Repository.ParticipantRepo - Trying to find Participant with id=1
2024-03-25 17:35:13,023 [1] INFO  MPP_CSharp.Repository.ParticipantRepo - Found participant with id=1
2024-03-25 17:35:15,430 [1] INFO  MPP_CSharp.Repository.ConcursRepo - Trying to find Concurs with id=2
2024-03-25 17:35:15,431 [1] INFO  MPP_CSharp.Repository.ConcursRepo - Found Concurs with id=2 and with participant=2
2024-03-25 17:35:15,431 [1] INFO  MPP_CSharp.Repository.ParticipantRepo - Trying to find Participant with id=2
2024-03-25 17:35:15,432 [1] INFO  MPP_CSharp.Repository.ParticipantRepo - Found participant with id=2
2024-03-25 17:35:20,283 [1] INFO  MPP_CSharp.Repository.ConcursRepo - Trying to find Concurs with id=1
2024-03-25 17:35:20,284 [1] INFO  MPP_CSharp.Repository.ConcursRepo - Found Concurs with id=1 and with participant=1
2024-03-25 17:35:20,284 [1] INFO  MPP_CSharp.Repository.ParticipantRepo - Trying to find Participant with id=1
2024-03-25 17:35:20,285 [1] INFO  MPP_CSharp.Repository.ParticipantRepo - Found participant with id=1
2024-03-25 17:35:23,767 [1] INFO  MPP_CSharp.Repository.ConcursRepo - Enrolling participant with id=2 to concurs with id=1
2024-03-25 17:35:23,775 [1] INFO  MPP_CSharp.Repository.ConcursRepo - Enrolled!
2024-03-25 17:35:23,776 [1] INFO  MPP_CSharp.Repository.ConcursRepo - Fetching all Concurs from DB
2024-03-25 17:35:23,777 [1] INFO  MPP_CSharp.Repository.ConcursRepo - Found Concurs with id=1
2024-03-25 17:35:23,778 [1] INFO  MPP_CSharp.Repository.ConcursRepo - Found Concurs with id=2
2024-03-25 17:35:23,778 [1] INFO  MPP_CSharp.Repository.ConcursRepo - Participant cu id=2
2024-03-25 17:35:23,785 [1] INFO  MPP_CSharp.Repository.ConcursRepo - Trying to find Concurs with id=1
2024-03-25 17:35:23,786 [1] INFO  MPP_CSharp.Repository.ConcursRepo - Found Concurs with id=1 and with participant=1
2024-03-25 17:35:23,787 [1] INFO  MPP_CSharp.Repository.ConcursRepo - Found Concurs with id=1 and with participant=2
2024-03-25 17:35:23,787 [1] INFO  MPP_CSharp.Repository.ParticipantRepo - Trying to find Participant with id=1
2024-03-25 17:35:23,788 [1] INFO  MPP_CSharp.Repository.ParticipantRepo - Found participant with id=1
2024-03-25 17:35:23,789 [1] INFO  MPP_CSharp.Repository.ParticipantRepo - Trying to find Participant with id=2
2024-03-25 17:35:23,790 [1] INFO  MPP_CSharp.Repository.ParticipantRepo - Found participant with id=2
2024-03-25 17:35:23,796 [1] INFO  MPP_CSharp.Repository.ParticipantRepo - Fetching all Participanti from DB
2024-03-25 17:35:23,797 [1] INFO  MPP_CSharp.Repository.ParticipantRepo - Found participant with id=1 and concurs with id=1
2024-03-25 17:35:23,798 [1] INFO  MPP_CSharp.Repository.ParticipantRepo - Found participant with id=2 and concurs with id=1
2024-03-25 17:35:25,146 [1] INFO  MPP_CSharp.Repository.ConcursRepo - Trying to find Concurs with id=2
2024-03-25 17:35:25,147 [1] INFO  MPP_CSharp.Repository.ConcursRepo - Found Concurs with id=2 and with participant=2
2024-03-25 17:35:25,148 [1] INFO  MPP_CSharp.Repository.ParticipantRepo - Trying to find Participant with id=2
2024-03-25 17:35:25,148 [1] INFO  MPP_CSharp.Repository.ParticipantRepo - Found participant with id=2
2024-03-25 17:35:26,288 [1] INFO  MPP_CSharp.Repository.ConcursRepo - Trying to find Concurs with id=1
2024-03-25 17:35:26,289 [1] INFO  MPP_CSharp.Repository.ConcursRepo - Found Concurs with id=1 and with participant=1
2024-03-25 17:35:26,290 [1] INFO  MPP_CSharp.Repository.ConcursRepo - Found Concurs with id=1 and with participant=2
2024-03-25 17:35:26,291 [1] INFO  MPP_CSharp.Repository.ParticipantRepo - Trying to find Participant with id=1
2024-03-25 17:35:26,292 [1] INFO  MPP_CSharp.Repository.ParticipantRepo - Found participant with id=1
2024-03-25 17:35:26,293 [1] INFO  MPP_CSharp.Repository.ParticipantRepo - Trying to find Participant with id=2
2024-03-25 17:35:26,294 [1] INFO  MPP_CSharp.Repository.ParticipantRepo - Found participant with id=2
2024-03-25 17:35:28,870 [1] INFO  MPP_CSharp.Program - Application closed
2024-03-25 17:45:26,995 [1] INFO  MPP_CSharp.Repository.UserRepo - Initializing new UserRepo...
2024-03-25 17:45:27,027 [1] INFO  MPP_CSharp.Repository.UserRepo - Initializing new UserRepo...
2024-03-25 17:45:27,110 [1] INFO  MPP_CSharp.Repository.ConcursRepo - Initializing ConcursRepo...
2024-03-25 17:45:27,111 [1] INFO  MPP_CSharp.Repository.ConcursRepo - Initializing ConcursRepo...
2024-03-25 17:45:27,113 [1] INFO  MPP_CSharp.Repository.ParticipantRepo - Inizializing new ParticipantRepo...
2024-03-25 17:45:27,114 [1] INFO  MPP_CSharp.Repository.ParticipantRepo - Inizializing new ParticipantRepo...
2024-03-25 17:45:27,123 [1] INFO  MPP_CSharp.Program - Testing...
2024-03-25 17:45:27,124 [1] INFO  MPP_CSharp.Repository.UserRepo - Initializing new UserRepo...
2024-03-25 17:45:27,149 [1] INFO  MPP_CSharp.Repository.UserRepo - Fetching all Users from DB
2024-03-25 17:45:27,151 [1] INFO  MPP_CSharp.Repository.BdRepo - Trying to open Connection to server: Data Source=C:\Users\user\RiderProjects\mpp-proiect-csharp-clau100\MPP_CSharp\Testing.sqlite;
2024-03-25 17:45:27,294 [1] INFO  MPP_CSharp.Repository.UserRepo - Found user with id=1
2024-03-25 17:45:27,295 [1] INFO  MPP_CSharp.Repository.UserRepo - Found user with id=2
2024-03-25 17:45:27,302 [1] INFO  MPP_CSharp.Repository.UserRepo - Trying to find User with id=1
2024-03-25 17:45:27,312 [1] INFO  MPP_CSharp.Repository.UserRepo - Found user with id=1
2024-03-25 17:45:27,314 [1] INFO  MPP_CSharp.Repository.UserRepo - Trying to login User: claudiu
2024-03-25 17:45:27,416 [1] INFO  MPP_CSharp.Repository.UserRepo - Logged in!
2024-03-25 17:45:27,418 [1] INFO  MPP_CSharp.Repository.ParticipantRepo - Inizializing new ParticipantRepo...
2024-03-25 17:45:27,421 [1] INFO  MPP_CSharp.Repository.ParticipantRepo - Fetching all Participanti from DB
2024-03-25 17:45:27,424 [1] INFO  MPP_CSharp.Repository.ParticipantRepo - Found participant with id=1 and concurs with id=1
2024-03-25 17:45:27,425 [1] INFO  MPP_CSharp.Repository.ParticipantRepo - Found participant with id=2 and concurs with id=1
2024-03-25 17:45:27,428 [1] INFO  MPP_CSharp.Repository.ParticipantRepo - Trying to find Participant with id=1
2024-03-25 17:45:27,429 [1] INFO  MPP_CSharp.Repository.ParticipantRepo - Found participant with id=1
2024-03-25 17:45:27,432 [1] INFO  MPP_CSharp.Repository.ParticipantRepo - Trying to find all Participant from list
2024-03-25 17:45:27,435 [1] INFO  MPP_CSharp.Repository.ParticipantRepo - Trying to find Participant with id=1
2024-03-25 17:45:27,437 [1] INFO  MPP_CSharp.Repository.ParticipantRepo - Trying to find Participant with id=1
2024-03-25 17:45:27,439 [1] INFO  MPP_CSharp.Repository.ParticipantRepo - Found participant with id=1
2024-03-25 17:45:27,440 [1] INFO  MPP_CSharp.Repository.ParticipantRepo - Trying to find Participant with id=2
2024-03-25 17:45:27,442 [1] INFO  MPP_CSharp.Repository.ParticipantRepo - Trying to find Participant with id=2
2024-03-25 17:45:27,444 [1] INFO  MPP_CSharp.Repository.ParticipantRepo - Found participant with id=2
2024-03-25 17:45:27,446 [1] INFO  MPP_CSharp.Repository.ConcursRepo - Initializing ConcursRepo...
2024-03-25 17:45:27,450 [1] INFO  MPP_CSharp.Repository.ConcursRepo - Fetching all Concurs from DB
2024-03-25 17:45:27,451 [1] INFO  MPP_CSharp.Repository.ConcursRepo - Found Concurs with id=1
2024-03-25 17:45:27,452 [1] INFO  MPP_CSharp.Repository.ConcursRepo - Found Concurs with id=2
2024-03-25 17:45:27,452 [1] INFO  MPP_CSharp.Repository.ConcursRepo - Participant cu id=2
2024-03-25 17:45:27,454 [1] INFO  MPP_CSharp.Repository.ConcursRepo - Trying to find Concurs with id=2
2024-03-25 17:45:27,455 [1] INFO  MPP_CSharp.Repository.ConcursRepo - Found Concurs with id=2 and with participant=2
2024-03-25 17:45:27,458 [1] INFO  MPP_CSharp.Repository.ConcursRepo - Trying to find all Concurs for age: 12
2024-03-25 17:45:27,461 [1] INFO  MPP_CSharp.Repository.ConcursRepo - Found Concurs with id=1
2024-03-25 17:45:27,462 [1] INFO  MPP_CSharp.Repository.ConcursRepo - Found Concurs with id=2
2024-03-25 17:45:27,463 [1] INFO  MPP_CSharp.Program - Application started
2024-03-25 17:45:27,464 [1] INFO  MPP_CSharp.Repository.UserRepo - Fetching all Users from DB
2024-03-25 17:45:27,464 [1] INFO  MPP_CSharp.Repository.UserRepo - Found user with id=1
2024-03-25 17:45:27,465 [1] INFO  MPP_CSharp.Repository.UserRepo - Found user with id=2
2024-03-25 17:45:27,467 [1] INFO  MPP_CSharp.Program - claudiu
2024-03-25 17:45:27,468 [1] INFO  MPP_CSharp.Program - george
2024-03-25 17:45:27,477 [1] INFO  MPP_CSharp.Form1 - Starting Login Form
2024-03-25 17:45:27,529 [1] INFO  MPP_CSharp.Form1 - Finished Login Form
2024-03-25 17:45:34,722 [1] INFO  MPP_CSharp.Repository.UserRepo - Trying to login User: claudiu
2024-03-25 17:45:34,803 [1] ERROR MPP_CSharp.Repository.UserRepo - Wrong password!
2024-03-25 17:45:37,936 [1] INFO  MPP_CSharp.Repository.UserRepo - Trying to login User: claudiu
2024-03-25 17:45:38,003 [1] INFO  MPP_CSharp.Repository.UserRepo - Logged in!
2024-03-25 17:45:38,006 [1] INFO  MPP_CSharp.UserView - Starting UserView...
2024-03-25 17:45:38,050 [1] INFO  MPP_CSharp.Repository.ConcursRepo - Fetching all Concurs from DB
2024-03-25 17:45:38,051 [1] INFO  MPP_CSharp.Repository.ConcursRepo - Found Concurs with id=1
2024-03-25 17:45:38,052 [1] INFO  MPP_CSharp.Repository.ConcursRepo - Found Concurs with id=2
2024-03-25 17:45:38,052 [1] INFO  MPP_CSharp.Repository.ConcursRepo - Participant cu id=2
2024-03-25 17:45:38,080 [1] INFO  MPP_CSharp.Repository.ParticipantRepo - Fetching all Participanti from DB
2024-03-25 17:45:38,081 [1] INFO  MPP_CSharp.Repository.ParticipantRepo - Found participant with id=1 and concurs with id=1
2024-03-25 17:45:38,082 [1] INFO  MPP_CSharp.Repository.ParticipantRepo - Found participant with id=2 and concurs with id=1
2024-03-25 17:45:38,083 [1] INFO  MPP_CSharp.UserView - Closing UserView...
2024-03-25 17:45:38,169 [1] INFO  MPP_CSharp.Repository.ConcursRepo - Trying to find Concurs with id=1
2024-03-25 17:45:38,170 [1] INFO  MPP_CSharp.Repository.ConcursRepo - Found Concurs with id=1 and with participant=1
2024-03-25 17:45:38,171 [1] INFO  MPP_CSharp.Repository.ConcursRepo - Found Concurs with id=1 and with participant=2
2024-03-25 17:45:38,172 [1] INFO  MPP_CSharp.Repository.ParticipantRepo - Trying to find Participant with id=1
2024-03-25 17:45:38,173 [1] INFO  MPP_CSharp.Repository.ParticipantRepo - Found participant with id=1
2024-03-25 17:45:38,174 [1] INFO  MPP_CSharp.Repository.ParticipantRepo - Trying to find Participant with id=2
2024-03-25 17:45:38,174 [1] INFO  MPP_CSharp.Repository.ParticipantRepo - Found participant with id=2
2024-03-25 17:45:38,199 [1] INFO  MPP_CSharp.Repository.ConcursRepo - Trying to find Concurs with id=1
2024-03-25 17:45:38,200 [1] INFO  MPP_CSharp.Repository.ConcursRepo - Found Concurs with id=1 and with participant=1
2024-03-25 17:45:38,201 [1] INFO  MPP_CSharp.Repository.ConcursRepo - Found Concurs with id=1 and with participant=2
2024-03-25 17:45:38,201 [1] INFO  MPP_CSharp.Repository.ParticipantRepo - Trying to find Participant with id=1
2024-03-25 17:45:38,213 [1] INFO  MPP_CSharp.Repository.ParticipantRepo - Found participant with id=1
2024-03-25 17:45:38,215 [1] INFO  MPP_CSharp.Repository.ParticipantRepo - Trying to find Participant with id=2
2024-03-25 17:45:38,228 [1] INFO  MPP_CSharp.Repository.ParticipantRepo - Found participant with id=2
2024-03-25 17:45:48,001 [1] INFO  MPP_CSharp.Repository.ConcursRepo - Trying to find Concurs with id=2
2024-03-25 17:45:48,002 [1] INFO  MPP_CSharp.Repository.ConcursRepo - Found Concurs with id=2 and with participant=2
2024-03-25 17:45:48,003 [1] INFO  MPP_CSharp.Repository.ParticipantRepo - Trying to find Participant with id=2
2024-03-25 17:45:48,004 [1] INFO  MPP_CSharp.Repository.ParticipantRepo - Found participant with id=2
2024-03-25 17:45:53,028 [1] INFO  MPP_CSharp.Repository.ConcursRepo - Trying to find Concurs with id=1
2024-03-25 17:45:53,033 [1] INFO  MPP_CSharp.Repository.ConcursRepo - Found Concurs with id=1 and with participant=1
2024-03-25 17:45:53,034 [1] INFO  MPP_CSharp.Repository.ConcursRepo - Found Concurs with id=1 and with participant=2
2024-03-25 17:45:53,037 [1] INFO  MPP_CSharp.Repository.ParticipantRepo - Trying to find Participant with id=1
2024-03-25 17:45:53,040 [1] INFO  MPP_CSharp.Repository.ParticipantRepo - Found participant with id=1
2024-03-25 17:45:53,042 [1] INFO  MPP_CSharp.Repository.ParticipantRepo - Trying to find Participant with id=2
2024-03-25 17:45:53,047 [1] INFO  MPP_CSharp.Repository.ParticipantRepo - Found participant with id=2
2024-03-25 17:45:59,338 [1] INFO  MPP_CSharp.Repository.ConcursRepo - Trying to find Concurs with id=2
2024-03-25 17:45:59,340 [1] INFO  MPP_CSharp.Repository.ConcursRepo - Found Concurs with id=2 and with participant=2
2024-03-25 17:45:59,341 [1] INFO  MPP_CSharp.Repository.ParticipantRepo - Trying to find Participant with id=2
2024-03-25 17:45:59,343 [1] INFO  MPP_CSharp.Repository.ParticipantRepo - Found participant with id=2
2024-03-25 17:46:15,659 [1] INFO  MPP_CSharp.Repository.ConcursRepo - Trying to find Concurs with id=1
2024-03-25 17:46:15,661 [1] INFO  MPP_CSharp.Repository.ConcursRepo - Found Concurs with id=1 and with participant=1
2024-03-25 17:46:15,662 [1] INFO  MPP_CSharp.Repository.ConcursRepo - Found Concurs with id=1 and with participant=2
2024-03-25 17:46:15,662 [1] INFO  MPP_CSharp.Repository.ParticipantRepo - Trying to find Participant with id=1
2024-03-25 17:46:15,664 [1] INFO  MPP_CSharp.Repository.ParticipantRepo - Found participant with id=1
2024-03-25 17:46:15,664 [1] INFO  MPP_CSharp.Repository.ParticipantRepo - Trying to find Participant with id=2
2024-03-25 17:46:15,666 [1] INFO  MPP_CSharp.Repository.ParticipantRepo - Found participant with id=2
2024-03-25 17:46:41,123 [1] INFO  MPP_CSharp.Repository.ConcursRepo - Trying to find Concurs with id=2
2024-03-25 17:46:41,125 [1] INFO  MPP_CSharp.Repository.ConcursRepo - Found Concurs with id=2 and with participant=2
2024-03-25 17:46:41,125 [1] INFO  MPP_CSharp.Repository.ParticipantRepo - Trying to find Participant with id=2
2024-03-25 17:46:41,126 [1] INFO  MPP_CSharp.Repository.ParticipantRepo - Found participant with id=2
2024-03-25 17:46:42,151 [1] INFO  MPP_CSharp.Repository.ConcursRepo - Trying to find Concurs with id=1
2024-03-25 17:46:42,152 [1] INFO  MPP_CSharp.Repository.ConcursRepo - Found Concurs with id=1 and with participant=1
2024-03-25 17:46:42,153 [1] INFO  MPP_CSharp.Repository.ConcursRepo - Found Concurs with id=1 and with participant=2
2024-03-25 17:46:42,154 [1] INFO  MPP_CSharp.Repository.ParticipantRepo - Trying to find Participant with id=1
2024-03-25 17:46:42,155 [1] INFO  MPP_CSharp.Repository.ParticipantRepo - Found participant with id=1
2024-03-25 17:46:42,156 [1] INFO  MPP_CSharp.Repository.ParticipantRepo - Trying to find Participant with id=2
2024-03-25 17:46:42,157 [1] INFO  MPP_CSharp.Repository.ParticipantRepo - Found participant with id=2
2024-03-25 17:46:44,140 [1] INFO  MPP_CSharp.Repository.ConcursRepo - Trying to find Concurs with id=2
2024-03-25 17:46:44,142 [1] INFO  MPP_CSharp.Repository.ConcursRepo - Found Concurs with id=2 and with participant=2
2024-03-25 17:46:44,143 [1] INFO  MPP_CSharp.Repository.ParticipantRepo - Trying to find Participant with id=2
2024-03-25 17:46:44,144 [1] INFO  MPP_CSharp.Repository.ParticipantRepo - Found participant with id=2
2024-03-25 17:46:55,537 [1] INFO  MPP_CSharp.Repository.ParticipantRepo - Trying to add a Participant
2024-03-25 17:46:55,547 [1] INFO  MPP_CSharp.Repository.ParticipantRepo - Added Participant
2024-03-25 17:46:55,548 [1] INFO  MPP_CSharp.Repository.ConcursRepo - Fetching all Concurs from DB
2024-03-25 17:46:55,549 [1] INFO  MPP_CSharp.Repository.ConcursRepo - Found Concurs with id=1
2024-03-25 17:46:55,550 [1] INFO  MPP_CSharp.Repository.ConcursRepo - Found Concurs with id=2
2024-03-25 17:46:55,551 [1] INFO  MPP_CSharp.Repository.ConcursRepo - Participant cu id=2
2024-03-25 17:46:55,558 [1] INFO  MPP_CSharp.Repository.ConcursRepo - Trying to find Concurs with id=1
2024-03-25 17:46:55,560 [1] INFO  MPP_CSharp.Repository.ConcursRepo - Found Concurs with id=1 and with participant=1
2024-03-25 17:46:55,560 [1] INFO  MPP_CSharp.Repository.ConcursRepo - Found Concurs with id=1 and with participant=2
2024-03-25 17:46:55,561 [1] INFO  MPP_CSharp.Repository.ParticipantRepo - Trying to find Participant with id=1
2024-03-25 17:46:55,563 [1] INFO  MPP_CSharp.Repository.ParticipantRepo - Found participant with id=1
2024-03-25 17:46:55,564 [1] INFO  MPP_CSharp.Repository.ParticipantRepo - Trying to find Participant with id=2
2024-03-25 17:46:55,565 [1] INFO  MPP_CSharp.Repository.ParticipantRepo - Found participant with id=2
2024-03-25 17:46:55,573 [1] INFO  MPP_CSharp.Repository.ParticipantRepo - Fetching all Participanti from DB
2024-03-25 17:46:55,574 [1] INFO  MPP_CSharp.Repository.ParticipantRepo - Found participant with id=1 and concurs with id=1
2024-03-25 17:46:55,575 [1] INFO  MPP_CSharp.Repository.ParticipantRepo - Found participant with id=2 and concurs with id=1
2024-03-25 17:47:01,639 [1] INFO  MPP_CSharp.Repository.ConcursRepo - Trying to find Concurs with id=2
2024-03-25 17:47:01,640 [1] INFO  MPP_CSharp.Repository.ConcursRepo - Found Concurs with id=2 and with participant=2
2024-03-25 17:47:01,641 [1] INFO  MPP_CSharp.Repository.ParticipantRepo - Trying to find Participant with id=2
2024-03-25 17:47:01,642 [1] INFO  MPP_CSharp.Repository.ParticipantRepo - Found participant with id=2
2024-03-25 17:47:03,257 [1] INFO  MPP_CSharp.Repository.ConcursRepo - Enrolling participant with id=25 to concurs with id=2
2024-03-25 17:47:03,263 [1] INFO  MPP_CSharp.Repository.ConcursRepo - Enrolled!
2024-03-25 17:47:03,265 [1] INFO  MPP_CSharp.Repository.ConcursRepo - Fetching all Concurs from DB
2024-03-25 17:47:03,266 [1] INFO  MPP_CSharp.Repository.ConcursRepo - Found Concurs with id=1
2024-03-25 17:47:03,266 [1] INFO  MPP_CSharp.Repository.ConcursRepo - Found Concurs with id=2
2024-03-25 17:47:03,268 [1] INFO  MPP_CSharp.Repository.ConcursRepo - Participant cu id=2
2024-03-25 17:47:03,268 [1] INFO  MPP_CSharp.Repository.ConcursRepo - Participant cu id=25
2024-03-25 17:47:03,277 [1] INFO  MPP_CSharp.Repository.ConcursRepo - Trying to find Concurs with id=1
2024-03-25 17:47:03,279 [1] INFO  MPP_CSharp.Repository.ConcursRepo - Found Concurs with id=1 and with participant=1
2024-03-25 17:47:03,279 [1] INFO  MPP_CSharp.Repository.ConcursRepo - Found Concurs with id=1 and with participant=2
2024-03-25 17:47:03,280 [1] INFO  MPP_CSharp.Repository.ParticipantRepo - Trying to find Participant with id=1
2024-03-25 17:47:03,281 [1] INFO  MPP_CSharp.Repository.ParticipantRepo - Found participant with id=1
2024-03-25 17:47:03,282 [1] INFO  MPP_CSharp.Repository.ParticipantRepo - Trying to find Participant with id=2
2024-03-25 17:47:03,283 [1] INFO  MPP_CSharp.Repository.ParticipantRepo - Found participant with id=2
2024-03-25 17:47:03,293 [1] INFO  MPP_CSharp.Repository.ParticipantRepo - Fetching all Participanti from DB
2024-03-25 17:47:03,295 [1] INFO  MPP_CSharp.Repository.ParticipantRepo - Found participant with id=1 and concurs with id=1
2024-03-25 17:47:03,295 [1] INFO  MPP_CSharp.Repository.ParticipantRepo - Found participant with id=2 and concurs with id=1
2024-03-25 17:47:03,296 [1] INFO  MPP_CSharp.Repository.ParticipantRepo - Found participant with id=25 and concurs with id=2
2024-03-25 17:47:04,978 [1] INFO  MPP_CSharp.Repository.ConcursRepo - Trying to find Concurs with id=2
2024-03-25 17:47:04,980 [1] INFO  MPP_CSharp.Repository.ConcursRepo - Found Concurs with id=2 and with participant=2
2024-03-25 17:47:04,981 [1] INFO  MPP_CSharp.Repository.ConcursRepo - Found Concurs with id=2 and with participant=25
2024-03-25 17:47:04,982 [1] INFO  MPP_CSharp.Repository.ParticipantRepo - Trying to find Participant with id=2
2024-03-25 17:47:04,983 [1] INFO  MPP_CSharp.Repository.ParticipantRepo - Found participant with id=2
2024-03-25 17:47:04,985 [1] INFO  MPP_CSharp.Repository.ParticipantRepo - Trying to find Participant with id=25
2024-03-25 17:47:04,985 [1] INFO  MPP_CSharp.Repository.ParticipantRepo - Found participant with id=25
2024-03-25 17:47:15,358 [1] INFO  MPP_CSharp.Program - Application closed
